INFO:root:Getting Resource Grid
INFO:root:Resource Clusters *******

INFO:root:coords=[(16, 14), (15, 14), (15, 15), (16, 15), (16, 16), (15, 16), (14, 16), (17, 16)]
INFO:root:coords=[(12, 23), (11, 23), (11, 24), (12, 24), (13, 24), (11, 25)]
INFO:root:coords=[(20, 23), (19, 23), (19, 24), (18, 24), (20, 24), (20, 25)]
INFO:root:coords=[(2, 24), (1, 24), (1, 25), (2, 25), (2, 26)]
INFO:root:coords=[(30, 24), (29, 24), (29, 25), (30, 25), (29, 26)]
INFO:root:coords=[(14, 6), (13, 6), (13, 7), (14, 7)]
INFO:root:coords=[(18, 6), (17, 6), (17, 7), (18, 7)]
INFO:root:coords=[(5, 10), (4, 10), (4, 11), (5, 11)]
INFO:root:coords=[(27, 10), (26, 10), (26, 11), (27, 11)]
INFO:root:coords=[(4, 28), (4, 27), (3, 28)]
INFO:root:coords=[(27, 28), (27, 27), (28, 28)]
INFO:root:coords=[(8, 31), (8, 30), (7, 31)]
INFO:root:coords=[(23, 31), (23, 30), (24, 31)]
INFO:root:coords=[(5, 17), (4, 17)]
INFO:root:coords=[(27, 17), (26, 17)]
INFO:root:coords=[(2, 31), (1, 31)]
INFO:root:coords=[(30, 31), (29, 31)]
INFO:root:New worker Created worker.id='u_1'
INFO:root:test,test.home_city,test.unit.id=(<worker_test object at 0x0000016C21E1A580>, 'Test Str', 'u_1')
INFO:root:----- turn = observation['step'], game_state=(1, <lux.game.Game object at 0x0000016C219D2C10>) ----- 
INFO:root:----- turn = observation['step'], game_state=(3, <lux.game.Game object at 0x0000016C219D2C10>) ----- 
INFO:root:Attempt City Build
INFO:root:Nearest City is [3, 27]
INFO:root:best location is best_loc.pos.x,best_loc.pos.y=(3, 26) with best_loc_val=11
INFO:root:---- get_better_path ----
unit pos = (4, 28) to (3, 26)
INFO:root:c=<lux.game_map.Cell object at 0x0000016C220E59A0>
INFO:root:----- turn = observation['step'], game_state=(5, <lux.game.Game object at 0x0000016C219D2C10>) ----- 
INFO:root:Attempt City Build
INFO:root:build loc =  status.build_location.pos.x, status.build_location.pos.y, status.build_location.citytile=(3, 26, None), 
INFO:root:status.build_location,status.opp_city_tiles=(<lux.game_map.Cell object at 0x0000016C220E59A0>, [<lux.game_objects.CityTile object at 0x0000016C2084B760>])
INFO:root:---- get_better_path ----
unit pos = (4, 27) to (3, 26)
INFO:root:----- turn = observation['step'], game_state=(7, <lux.game.Game object at 0x0000016C219D2C10>) ----- 
INFO:root:Attempt City Build
INFO:root:build loc =  status.build_location.pos.x, status.build_location.pos.y, status.build_location.citytile=(3, 26, None), 
INFO:root:status.build_location,status.opp_city_tiles=(<lux.game_map.Cell object at 0x0000016C220E59A0>, [<lux.game_objects.CityTile object at 0x0000016C21D7B220>])
INFO:root:---- get_better_path ----
unit pos = (4, 26) to (3, 26)
INFO:root:----- turn = observation['step'], game_state=(9, <lux.game.Game object at 0x0000016C219D2C10>) ----- 
INFO:root:Attempt City Build
INFO:root:build loc =  status.build_location.pos.x, status.build_location.pos.y, status.build_location.citytile=(3, 26, None), 
INFO:root:status.build_location,status.opp_city_tiles=(<lux.game_map.Cell object at 0x0000016C220E59A0>, [<lux.game_objects.CityTile object at 0x0000016C21A295E0>])
INFO:root:----- turn = observation['step'], game_state=(11, <lux.game.Game object at 0x0000016C219D2C10>) ----- 
INFO:root:Building Worker
INFO:root:New worker Created worker.id='u_3'
INFO:root:test,test.home_city,test.unit.id=(<worker_test object at 0x0000016C21A40340>, 'Test Str', 'u_3')
INFO:root:----- turn = observation['step'], game_state=(13, <lux.game.Game object at 0x0000016C219D2C10>) ----- 
INFO:root:----- turn = observation['step'], game_state=(15, <lux.game.Game object at 0x0000016C219D2C10>) ----- 
INFO:root:Attempt City Build
INFO:root:Nearest City is [3, 26]
INFO:root:best location is best_loc.pos.x,best_loc.pos.y=(3, 25) with best_loc_val=13
INFO:root:---- get_better_path ----
unit pos = (2, 25) to (3, 25)
INFO:root:c=<lux.game_map.Cell object at 0x0000016C21FBCF40>
INFO:root:----- turn = observation['step'], game_state=(17, <lux.game.Game object at 0x0000016C219D2C10>) ----- 
INFO:root:Attempt City Build
INFO:root:build loc =  status.build_location.pos.x, status.build_location.pos.y, status.build_location.citytile=(3, 25, None), 
INFO:root:status.build_location,status.opp_city_tiles=(<lux.game_map.Cell object at 0x0000016C21FBCF40>, [<lux.game_objects.CityTile object at 0x0000016C220938E0>])
INFO:root:Building Worker
INFO:root:----- turn = observation['step'], game_state=(19, <lux.game.Game object at 0x0000016C219D2C10>) ----- 
INFO:root:New worker Created worker.id='u_4'
INFO:root:test,test.home_city,test.unit.id=(<worker_test object at 0x0000016C21CABCA0>, 'Test Str', 'u_4')
INFO:root:move='m u_4 n' will result in an error
INFO:root:Attempt City Build
INFO:root:Nearest City is [3, 25]
INFO:root:best location is best_loc.pos.x,best_loc.pos.y=(3, 24) with best_loc_val=10
INFO:root:---- get_better_path ----
unit pos = (2, 25) to (3, 24)
INFO:root:c=<lux.game_map.Cell object at 0x0000016C21F95220>
INFO:root:----- turn = observation['step'], game_state=(21, <lux.game.Game object at 0x0000016C219D2C10>) ----- 
INFO:root:Attempt City Build
INFO:root:build loc =  status.build_location.pos.x, status.build_location.pos.y, status.build_location.citytile=(3, 24, None), 
INFO:root:status.build_location,status.opp_city_tiles=(<lux.game_map.Cell object at 0x0000016C21F95220>, [<lux.game_objects.CityTile object at 0x0000016C21A10670>])
INFO:root:---- get_better_path ----
unit pos = (2, 24) to (3, 24)
INFO:root:----- turn = observation['step'], game_state=(23, <lux.game.Game object at 0x0000016C219D2C10>) ----- 
INFO:root:Attempt City Build
INFO:root:build loc =  status.build_location.pos.x, status.build_location.pos.y, status.build_location.citytile=(3, 24, None), 
INFO:root:status.build_location,status.opp_city_tiles=(<lux.game_map.Cell object at 0x0000016C21F95220>, [<lux.game_objects.CityTile object at 0x0000016C21A17940>])
INFO:root:----- turn = observation['step'], game_state=(25, <lux.game.Game object at 0x0000016C219D2C10>) ----- 
INFO:root:Building Worker
INFO:root:New worker Created worker.id='u_5'
INFO:root:test,test.home_city,test.unit.id=(<worker_test object at 0x0000016C20807A60>, 'Test Str', 'u_5')
INFO:root:move='m u_5 w' will result in an error
INFO:root:----- turn = observation['step'], game_state=(27, <lux.game.Game object at 0x0000016C219D2C10>) ----- 
INFO:root:Attempt City Build
INFO:root:Nearest City is [3, 24]
INFO:root:best location is best_loc.pos.x,best_loc.pos.y=(4, 25) with best_loc_val=8
INFO:root:---- get_better_path ----
unit pos = (2, 24) to (4, 25)
INFO:root:c=<lux.game_map.Cell object at 0x0000016C21B3AA60>
INFO:root:----- turn = observation['step'], game_state=(29, <lux.game.Game object at 0x0000016C219D2C10>) ----- 
INFO:root:Attempt City Build
INFO:root:build loc =  status.build_location.pos.x, status.build_location.pos.y, status.build_location.citytile=(4, 25, None), 
INFO:root:status.build_location,status.opp_city_tiles=(<lux.game_map.Cell object at 0x0000016C21B3AA60>, [<lux.game_objects.CityTile object at 0x0000016C21B98CA0>])
INFO:root:To FAR

 new build location unit.pos.x,unit.pos.y=(2, 23)
INFO:root:Nearest City is [2, 23]
INFO:root:best location is best_loc.pos.x,best_loc.pos.y=(3, 23) with best_loc_val=7
INFO:root:---- get_better_path ----
unit pos = (2, 23) to (3, 23)
INFO:root:c=<lux.game_map.Cell object at 0x0000016C22118FD0>
INFO:root:----- turn = observation['step'], game_state=(31, <lux.game.Game object at 0x0000016C219D2C10>) ----- 
INFO:root:move='m u_1 w' will result in an error
INFO:root:----- turn = observation['step'], game_state=(33, <lux.game.Game object at 0x0000016C219D2C10>) ----- 
INFO:root:move='m u_1 w' will result in an error
INFO:root:Looks like key='u_1' has died
INFO:root:----- turn = observation['step'], game_state=(35, <lux.game.Game object at 0x0000016C219D2C10>) ----- 
INFO:root:Its night
INFO:root:Its night
INFO:root:Its night
INFO:root:Its night
INFO:root:Its night
INFO:root:u_4 is home
INFO:root:Its night
INFO:root:----- turn = observation['step'], game_state=(37, <lux.game.Game object at 0x0000016C219D2C10>) ----- 
INFO:root:Its night
INFO:root:Its night
INFO:root:u_4 is home
INFO:root:Its night
INFO:root:Its night
INFO:root:Its night
INFO:root:u_4 is home
INFO:root:Its night
INFO:root:----- turn = observation['step'], game_state=(39, <lux.game.Game object at 0x0000016C219D2C10>) ----- 
INFO:root:Its night
INFO:root:Its night
INFO:root:u_4 is home
INFO:root:Its night
INFO:root:Building Worker
INFO:root:Building Worker
INFO:root:Building Worker
INFO:root:----- turn = observation['step'], game_state=(41, <lux.game.Game object at 0x0000016C219D2C10>) ----- 
INFO:root:New worker Created worker.id='u_6'
INFO:root:test,test.home_city,test.unit.id=(<worker_test object at 0x0000016C21B078E0>, 'Test Str', 'u_6')
INFO:root:Attempt City Build
INFO:root:build loc =  status.build_location.pos.x, status.build_location.pos.y, status.build_location.citytile=(3, 23, None), 
INFO:root:status.build_location,status.opp_city_tiles=(<lux.game_map.Cell object at 0x0000016C22118FD0>, [<lux.game_objects.CityTile object at 0x0000016C220E9CD0>])
INFO:root:---- get_better_path ----
unit pos = (2, 25) to (3, 23)
INFO:root:move='m u_3 n' will result in an error
INFO:root:----- turn = observation['step'], game_state=(43, <lux.game.Game object at 0x0000016C219D2C10>) ----- 
INFO:root:Attempt City Build
INFO:root:build loc =  status.build_location.pos.x, status.build_location.pos.y, status.build_location.citytile=(3, 23, None), 
INFO:root:status.build_location,status.opp_city_tiles=(<lux.game_map.Cell object at 0x0000016C22118FD0>, [<lux.game_objects.CityTile object at 0x0000016C2198B910>])
INFO:root:To FAR

 new build location unit.pos.x,unit.pos.y=(2, 26)
INFO:root:Nearest City is [2, 26]
INFO:root:best location is best_loc.pos.x,best_loc.pos.y=(2, 27) with best_loc_val=13
INFO:root:---- get_better_path ----
unit pos = (2, 26) to (2, 27)
INFO:root:c=<lux.game_map.Cell object at 0x0000016C207B0A90>
INFO:root:move='m u_6 e' will result in an error
INFO:root:----- turn = observation['step'], game_state=(45, <lux.game.Game object at 0x0000016C219D2C10>) ----- 
INFO:root:Attempt City Build
INFO:root:build loc =  status.build_location.pos.x, status.build_location.pos.y, status.build_location.citytile=(2, 27, None), 
INFO:root:status.build_location,status.opp_city_tiles=(<lux.game_map.Cell object at 0x0000016C207B0A90>, [<lux.game_objects.CityTile object at 0x0000016C22093190>])
INFO:root:----- turn = observation['step'], game_state=(47, <lux.game.Game object at 0x0000016C219D2C10>) ----- 
INFO:root:Building Worker
INFO:root:move='m u_3 n' will result in an error
INFO:root:New worker Created worker.id='u_7'
INFO:root:test,test.home_city,test.unit.id=(<worker_test object at 0x0000016C218E1A60>, 'Test Str', 'u_7')
INFO:root:move='m u_3 n' will result in an error
INFO:root:----- turn = observation['step'], game_state=(49, <lux.game.Game object at 0x0000016C219D2C10>) ----- 
INFO:root:move='m u_7 n' will result in an error
INFO:root:----- turn = observation['step'], game_state=(51, <lux.game.Game object at 0x0000016C219D2C10>) ----- 
INFO:root:Attempt City Build
INFO:root:Nearest City is [3, 27]
INFO:root:best location is best_loc.pos.x,best_loc.pos.y=(2, 28) with best_loc_val=13
INFO:root:---- get_better_path ----
unit pos = (3, 28) to (2, 28)
INFO:root:c=<lux.game_map.Cell object at 0x0000016C21B470D0>
INFO:root:----- turn = observation['step'], game_state=(53, <lux.game.Game object at 0x0000016C219D2C10>) ----- 
INFO:root:Attempt City Build
INFO:root:build loc =  status.build_location.pos.x, status.build_location.pos.y, status.build_location.citytile=(2, 28, None), 
INFO:root:status.build_location,status.opp_city_tiles=(<lux.game_map.Cell object at 0x0000016C21B470D0>, [<lux.game_objects.CityTile object at 0x0000016C21AAAA00>])
INFO:root:----- turn = observation['step'], game_state=(55, <lux.game.Game object at 0x0000016C219D2C10>) ----- 
INFO:root:Building Worker
INFO:root:New worker Created worker.id='u_8'
INFO:root:test,test.home_city,test.unit.id=(<worker_test object at 0x0000016C22062CD0>, 'Test Str', 'u_8')
INFO:root:----- turn = observation['step'], game_state=(57, <lux.game.Game object at 0x0000016C219D2C10>) ----- 
INFO:root:move='m u_4 n' will result in an error
INFO:root:----- turn = observation['step'], game_state=(59, <lux.game.Game object at 0x0000016C219D2C10>) ----- 
INFO:root:move='m u_4 n' will result in an error
INFO:root:move='m u_4 n' will result in an error
INFO:root:----- turn = observation['step'], game_state=(61, <lux.game.Game object at 0x0000016C219D2C10>) ----- 
INFO:root:----- turn = observation['step'], game_state=(63, <lux.game.Game object at 0x0000016C219D2C10>) ----- 
INFO:root:Attempt City Build
INFO:root:Nearest City is [3, 26]
INFO:root:best location is best_loc.pos.x,best_loc.pos.y=(4, 26) with best_loc_val=12
INFO:root:c=<lux.game_map.Cell object at 0x0000016C219460A0>
INFO:root:status.num_explorers=0
INFO:root:Cluster location (16, 14), <lux.game_map.Resource object at 0x0000016C21F278E0>
INFO:root:Cluster location (12, 23), <lux.game_map.Resource object at 0x0000016C219D25E0>
INFO:root:build_cluster=<lux.game_map.Cell object at 0x0000016C207B5B20>
INFO:root:Best explorer found unit.id='u_5',
 build_cluster.pos.x,build_cluster.pos.y=(12, 23)
INFO:root:best location is best_loc.pos.x,best_loc.pos.y=(11, 23) with best_loc_val=0
INFO:root:explorer b build_location=<lux.game_map.Cell object at 0x0000016C21A47B80>
INFO:root:status.num_explorers=1
INFO:root:Cluster location (16, 14), <lux.game_map.Resource object at 0x0000016C21F278E0>
INFO:root:Cluster location (12, 23), <lux.game_map.Resource object at 0x0000016C219D25E0>
INFO:root:build_cluster=<lux.game_map.Cell object at 0x0000016C207B5B20>
INFO:root:status.num_explorers=2
INFO:root:Cluster location (16, 14), <lux.game_map.Resource object at 0x0000016C21F278E0>
INFO:root:Cluster location (12, 23), <lux.game_map.Resource object at 0x0000016C219D25E0>
INFO:root:build_cluster=<lux.game_map.Cell object at 0x0000016C207B5B20>
INFO:root:Building Worker
INFO:root:c=<lux.game_map.Cell object at 0x0000016C21A47B80>
INFO:root:----- turn = observation['step'], game_state=(65, <lux.game.Game object at 0x0000016C219D2C10>) ----- 
INFO:root:New worker Created worker.id='u_9'
INFO:root:test,test.home_city,test.unit.id=(<worker_test object at 0x0000016C21A388E0>, 'Test Str', 'u_9')
INFO:root:move='m u_3 n' will result in an error
INFO:root:move='m u_8 n' will result in an error
INFO:root:----- turn = observation['step'], game_state=(67, <lux.game.Game object at 0x0000016C219D2C10>) ----- 
INFO:root:Attempt City Build
INFO:root:Nearest City is [3, 27]
INFO:root:best location is best_loc.pos.x,best_loc.pos.y=(1, 27) with best_loc_val=8
INFO:root:---- get_better_path ----
unit pos = (4, 27) to (1, 27)
INFO:root:c=<lux.game_map.Cell object at 0x0000016C2081F910>
INFO:root:move='m u_4 e' will result in an error
INFO:root:----- turn = observation['step'], game_state=(69, <lux.game.Game object at 0x0000016C219D2C10>) ----- 
INFO:root:Attempt City Build
INFO:root:build loc =  status.build_location.pos.x, status.build_location.pos.y, status.build_location.citytile=(1, 27, None), 
INFO:root:status.build_location,status.opp_city_tiles=(<lux.game_map.Cell object at 0x0000016C2081F910>, [<lux.game_objects.CityTile object at 0x0000016C22027EE0>])
INFO:root:To FAR

 new build location unit.pos.x,unit.pos.y=(4, 28)
INFO:root:Nearest City is [4, 28]
INFO:root:best location is best_loc.pos.x,best_loc.pos.y=(3, 29) with best_loc_val=5
INFO:root:---- get_better_path ----
unit pos = (4, 28) to (3, 29)
INFO:root:c=<lux.game_map.Cell object at 0x0000016C21B7ABB0>
INFO:root:----- turn = observation['step'], game_state=(71, <lux.game.Game object at 0x0000016C219D2C10>) ----- 
INFO:root:move='m u_3 n' will result in an error
INFO:root:move='m u_7 n' will result in an error
INFO:root:move='m u_7 n' will result in an error
INFO:root:move='m u_9 s' will result in an error
INFO:root:----- turn = observation['step'], game_state=(73, <lux.game.Game object at 0x0000016C219D2C10>) ----- 
INFO:root:Looks like key='u_9' has died
INFO:root:Building Worker
INFO:root:----- turn = observation['step'], game_state=(75, <lux.game.Game object at 0x0000016C219D2C10>) ----- 
INFO:root:New worker Created worker.id='u_10'
INFO:root:test,test.home_city,test.unit.id=(<worker_test object at 0x0000016C21BAAB50>, 'Test Str', 'u_10')
INFO:root:Its night
INFO:root:Worker be working
INFO:root:Its night
INFO:root:Its night
INFO:root:Its night
INFO:root:Its night
INFO:root:u_7 is home
INFO:root:Its night
INFO:root:Its night
INFO:root:u_10 is home
INFO:root:Its night
INFO:root:Worker be working
INFO:root:Its night
INFO:root:Its night
INFO:root:Its night
INFO:root:Its night
INFO:root:u_7 is home
INFO:root:Its night
INFO:root:Its night
INFO:root:u_10 is home
INFO:root:----- turn = observation['step'], game_state=(77, <lux.game.Game object at 0x0000016C219D2C10>) ----- 
INFO:root:Its night
INFO:root:Worker be working
INFO:root:Its night
INFO:root:Its night
INFO:root:Its night
INFO:root:Its night
INFO:root:u_7 is home
INFO:root:Its night
INFO:root:Its night
INFO:root:u_10 is home
INFO:root:Its night
INFO:root:Worker be working
INFO:root:Its night
INFO:root:Its night
INFO:root:Its night
INFO:root:Its night
INFO:root:u_7 is home
INFO:root:Its night
INFO:root:Its night
INFO:root:u_10 is home
INFO:root:----- turn = observation['step'], game_state=(79, <lux.game.Game object at 0x0000016C219D2C10>) ----- 
INFO:root:Its night
INFO:root:Worker be working
INFO:root:Its night
INFO:root:Its night
INFO:root:Its night
INFO:root:Its night
INFO:root:u_7 is home
INFO:root:Its night
INFO:root:Its night
INFO:root:u_10 is home
INFO:root:----- turn = observation['step'], game_state=(81, <lux.game.Game object at 0x0000016C219D2C10>) ----- 
INFO:root:move='m u_4 n' will result in an error
INFO:root:move='m u_7 e' will result in an error
INFO:root:move='m u_8 w' will result in an error
INFO:root:Attempt City Build
INFO:root:build loc =  status.build_location.pos.x, status.build_location.pos.y, status.build_location.citytile=(3, 29, None), 
INFO:root:status.build_location,status.opp_city_tiles=(<lux.game_map.Cell object at 0x0000016C21B7ABB0>, [<lux.game_objects.CityTile object at 0x0000016C21FCD520>])
INFO:root:---- get_better_path ----
unit pos = (5, 28) to (3, 29)
INFO:root:move='m u_3 w' will result in an error
INFO:root:----- turn = observation['step'], game_state=(83, <lux.game.Game object at 0x0000016C219D2C10>) ----- 
INFO:root:move='m u_7 n' will result in an error
INFO:root:move='m u_8 n' will result in an error
INFO:root:Attempt City Build
INFO:root:build loc =  status.build_location.pos.x, status.build_location.pos.y, status.build_location.citytile=(3, 29, None), 
INFO:root:status.build_location,status.opp_city_tiles=(<lux.game_map.Cell object at 0x0000016C21B7ABB0>, [<lux.game_objects.CityTile object at 0x0000016C2211E9A0>])
INFO:root:To FAR

 new build location unit.pos.x,unit.pos.y=(6, 28)
INFO:root:Nearest City is [6, 28]
INFO:root:best location is best_loc.pos.x,best_loc.pos.y=(5, 28) with best_loc_val=3
INFO:root:---- get_better_path ----
unit pos = (6, 28) to (5, 28)
INFO:root:c=<lux.game_map.Cell object at 0x0000016C21DB86A0>
INFO:root:----- turn = observation['step'], game_state=(85, <lux.game.Game object at 0x0000016C219D2C10>) ----- 
INFO:root:Attempt City Build
INFO:root:build loc =  status.build_location.pos.x, status.build_location.pos.y, status.build_location.citytile=(5, 28, None), 
INFO:root:status.build_location,status.opp_city_tiles=(<lux.game_map.Cell object at 0x0000016C21DB86A0>, [<lux.game_objects.CityTile object at 0x0000016C20804910>])
INFO:root:move='m u_6 e' will result in an error
INFO:root:----- turn = observation['step'], game_state=(87, <lux.game.Game object at 0x0000016C219D2C10>) ----- 
INFO:root:Building Worker
INFO:root:move='m u_6 e' will result in an error
INFO:root:New worker Created worker.id='u_11'
INFO:root:test,test.home_city,test.unit.id=(<worker_test object at 0x0000016C21A60B20>, 'Test Str', 'u_11')
INFO:root:move='m u_4 n' will result in an error
INFO:root:move='m u_6 e' will result in an error
INFO:root:----- turn = observation['step'], game_state=(89, <lux.game.Game object at 0x0000016C219D2C10>) ----- 
INFO:root:move='m u_3 n' will result in an error
INFO:root:----- turn = observation['step'], game_state=(91, <lux.game.Game object at 0x0000016C219D2C10>) ----- 
INFO:root:move='m u_7 e' will result in an error
INFO:root:----- turn = observation['step'], game_state=(93, <lux.game.Game object at 0x0000016C219D2C10>) ----- 
INFO:root:move='m u_3 n' will result in an error
INFO:root:move='m u_4 n' will result in an error
INFO:root:move='m u_5 e' will result in an error
INFO:root:move='m u_10 w' will result in an error
INFO:root:----- turn = observation['step'], game_state=(95, <lux.game.Game object at 0x0000016C219D2C10>) ----- 
INFO:root:move='m u_4 n' will result in an error
INFO:root:move='m u_5 e' will result in an error
INFO:root:----- turn = observation['step'], game_state=(97, <lux.game.Game object at 0x0000016C219D2C10>) ----- 
INFO:root:move='m u_5 e' will result in an error
INFO:root:move='m u_4 e' will result in an error
INFO:root:move='m u_10 w' will result in an error
INFO:root:----- turn = observation['step'], game_state=(99, <lux.game.Game object at 0x0000016C219D2C10>) ----- 
INFO:root:move='m u_4 s' will result in an error
INFO:root:move='m u_10 w' will result in an error
INFO:root:----- turn = observation['step'], game_state=(101, <lux.game.Game object at 0x0000016C219D2C10>) ----- 
INFO:root:----- turn = observation['step'], game_state=(103, <lux.game.Game object at 0x0000016C219D2C10>) ----- 
INFO:root:Attempt City Build
INFO:root:Nearest City is [2, 28]
INFO:root:best location is best_loc.pos.x,best_loc.pos.y=(2, 26) with best_loc_val=8
INFO:root:---- get_better_path ----
unit pos = (1, 29) to (2, 26)
INFO:root:c=<lux.game_map.Cell object at 0x0000016C21A2D820>
INFO:root:----- turn = observation['step'], game_state=(105, <lux.game.Game object at 0x0000016C219D2C10>) ----- 
INFO:root:Attempt City Build
INFO:root:build loc =  status.build_location.pos.x, status.build_location.pos.y, status.build_location.citytile=(2, 26, None), 
INFO:root:status.build_location,status.opp_city_tiles=(<lux.game_map.Cell object at 0x0000016C21A2D820>, [<lux.game_objects.CityTile object at 0x0000016C218D7340>])
INFO:root:---- get_better_path ----
unit pos = (1, 28) to (2, 26)
INFO:root:move='m u_10 s' will result in an error
INFO:root:----- turn = observation['step'], game_state=(107, <lux.game.Game object at 0x0000016C219D2C10>) ----- 
INFO:root:move='m u_4 w' will result in an error
INFO:root:Attempt City Build
INFO:root:build loc =  status.build_location.pos.x, status.build_location.pos.y, status.build_location.citytile=(2, 26, None), 
INFO:root:status.build_location,status.opp_city_tiles=(<lux.game_map.Cell object at 0x0000016C21A2D820>, [<lux.game_objects.CityTile object at 0x0000016C2194C490>])
INFO:root:---- get_better_path ----
unit pos = (1, 27) to (2, 26)
INFO:root:move='m u_4 w' will result in an error
INFO:root:move='m u_5 e' will result in an error
INFO:root:move='m u_10 w' will result in an error
INFO:root:----- turn = observation['step'], game_state=(109, <lux.game.Game object at 0x0000016C219D2C10>) ----- 
INFO:root:move='m u_4 w' will result in an error
INFO:root:Attempt City Build
INFO:root:build loc =  status.build_location.pos.x, status.build_location.pos.y, status.build_location.citytile=(2, 26, None), 
INFO:root:status.build_location,status.opp_city_tiles=(<lux.game_map.Cell object at 0x0000016C21A2D820>, [<lux.game_objects.CityTile object at 0x0000016C218BDC70>])
INFO:root:---- get_better_path ----
unit pos = (1, 26) to (2, 26)
INFO:root:move='m u_4 w' will result in an error
INFO:root:move='m u_5 e' will result in an error
INFO:root:move='m u_7 s' will result in an error
INFO:root:----- turn = observation['step'], game_state=(111, <lux.game.Game object at 0x0000016C219D2C10>) ----- 
INFO:root:Looks like key='u_8' has died
INFO:root:Looks like key='u_11' has died
INFO:root:Building Worker
INFO:root:Building Worker
INFO:root:Building Worker
INFO:root:move='m u_6 n' will result in an error
INFO:root:New worker Created worker.id='u_12'
INFO:root:test,test.home_city,test.unit.id=(<worker_test object at 0x0000016C207EAB80>, 'Test Str', 'u_12')
INFO:root:New worker Created worker.id='u_13'
INFO:root:test,test.home_city,test.unit.id=(<worker_test object at 0x0000016C207EA490>, 'Test Str', 'u_13')
INFO:root:Looks like key='u_6' has died
INFO:root:Building Worker
INFO:root:move='m u_7 n' will result in an error
INFO:root:----- turn = observation['step'], game_state=(113, <lux.game.Game object at 0x0000016C219D2C10>) ----- 
INFO:root:New worker Created worker.id='u_14'
INFO:root:test,test.home_city,test.unit.id=(<worker_test object at 0x0000016C21AAA0A0>, 'Test Str', 'u_14')
INFO:root:move='m u_7 n' will result in an error
INFO:root:Looks like key='u_7' has died
INFO:root:Building Worker
INFO:root:move='m u_3 n' will result in an error
INFO:root:----- turn = observation['step'], game_state=(115, <lux.game.Game object at 0x0000016C219D2C10>) ----- 
INFO:root:New worker Created worker.id='u_15'
INFO:root:test,test.home_city,test.unit.id=(<worker_test object at 0x0000016C219465E0>, 'Test Str', 'u_15')
INFO:root:Its night
INFO:root:Worker be working
INFO:root:Its night
INFO:root:Its night
INFO:root:Its night
INFO:root:u_10 is home
INFO:root:Its night
INFO:root:u_12 is home
INFO:root:Its night
INFO:root:u_13 is home
INFO:root:Its night
INFO:root:u_14 is home
INFO:root:Its night
INFO:root:u_15 is home
INFO:root:Its night
INFO:root:Worker be working
INFO:root:Its night
INFO:root:Its night
INFO:root:Its night
INFO:root:u_10 is home
INFO:root:Its night
INFO:root:u_12 is home
INFO:root:Its night
INFO:root:u_13 is home
INFO:root:Its night
INFO:root:u_14 is home
INFO:root:Its night
INFO:root:u_15 is home
INFO:root:----- turn = observation['step'], game_state=(117, <lux.game.Game object at 0x0000016C219D2C10>) ----- 
INFO:root:Its night
INFO:root:Worker be working
INFO:root:Its night
INFO:root:Its night
INFO:root:Its night
INFO:root:u_10 is home
INFO:root:Its night
INFO:root:u_12 is home
INFO:root:Its night
INFO:root:u_13 is home
INFO:root:Its night
INFO:root:u_14 is home
INFO:root:Its night
INFO:root:u_15 is home
INFO:root:Its night
INFO:root:Worker be working
INFO:root:Its night
INFO:root:Its night
INFO:root:Its night
INFO:root:u_10 is home
INFO:root:Its night
INFO:root:u_12 is home
INFO:root:Its night
INFO:root:u_13 is home
INFO:root:Its night
INFO:root:u_14 is home
INFO:root:Its night
INFO:root:u_15 is home
INFO:root:----- turn = observation['step'], game_state=(119, <lux.game.Game object at 0x0000016C219D2C10>) ----- 
INFO:root:Its night
INFO:root:Worker be working
INFO:root:Its night
INFO:root:Its night
INFO:root:Its night
INFO:root:u_10 is home
INFO:root:Its night
INFO:root:u_12 is home
INFO:root:Its night
INFO:root:u_13 is home
INFO:root:Its night
INFO:root:u_14 is home
INFO:root:Its night
INFO:root:u_15 is home
INFO:root:move='m u_3 n' will result in an error
INFO:root:----- turn = observation['step'], game_state=(121, <lux.game.Game object at 0x0000016C219D2C10>) ----- 
INFO:root:move='m u_4 e' will result in an error
INFO:root:move='m u_5 e' will result in an error
INFO:root:Attempt City Build
INFO:root:build loc =  status.build_location.pos.x, status.build_location.pos.y, status.build_location.citytile=(2, 26, None), 
INFO:root:status.build_location,status.opp_city_tiles=(<lux.game_map.Cell object at 0x0000016C21A2D820>, [<lux.game_objects.CityTile object at 0x0000016C21923640>])
INFO:root:---- get_better_path ----
unit pos = (1, 26) to (2, 26)
INFO:root:move='m u_14 w' will result in an error
INFO:root:----- turn = observation['step'], game_state=(123, <lux.game.Game object at 0x0000016C219D2C10>) ----- 
INFO:root:move='m u_12 n' will result in an error
INFO:root:Attempt City Build
INFO:root:build loc =  status.build_location.pos.x, status.build_location.pos.y, status.build_location.citytile=(2, 26, None), 
INFO:root:status.build_location,status.opp_city_tiles=(<lux.game_map.Cell object at 0x0000016C21A2D820>, [<lux.game_objects.CityTile object at 0x0000016C21C07070>])
INFO:root:move='m u_4 s' will result in an error
INFO:root:----- turn = observation['step'], game_state=(125, <lux.game.Game object at 0x0000016C219D2C10>) ----- 
INFO:root:Building Worker
INFO:root:move='m u_10 e' will result in an error
INFO:root:New worker Created worker.id='u_16'
INFO:root:test,test.home_city,test.unit.id=(<worker_test object at 0x0000016C21A6D490>, 'Test Str', 'u_16')
INFO:root:move='m u_3 n' will result in an error
INFO:root:----- turn = observation['step'], game_state=(127, <lux.game.Game object at 0x0000016C219D2C10>) ----- 
INFO:root:move='m u_5 e' will result in an error
INFO:root:move='m u_3 n' will result in an error
INFO:root:----- turn = observation['step'], game_state=(129, <lux.game.Game object at 0x0000016C219D2C10>) ----- 
INFO:root:----- turn = observation['step'], game_state=(131, <lux.game.Game object at 0x0000016C219D2C10>) ----- 
INFO:root:move='m u_3 w' will result in an error
INFO:root:move='m u_3 w' will result in an error
INFO:root:move='m u_10 w' will result in an error
INFO:root:----- turn = observation['step'], game_state=(133, <lux.game.Game object at 0x0000016C219D2C10>) ----- 
INFO:root:----- turn = observation['step'], game_state=(135, <lux.game.Game object at 0x0000016C219D2C10>) ----- 
INFO:root:----- turn = observation['step'], game_state=(137, <lux.game.Game object at 0x0000016C219D2C10>) ----- 
INFO:root:move='m u_4 e' will result in an error
INFO:root:move='m u_5 e' will result in an error
INFO:root:move='m u_10 w' will result in an error
INFO:root:move='m u_3 w' will result in an error
INFO:root:----- turn = observation['step'], game_state=(139, <lux.game.Game object at 0x0000016C219D2C10>) ----- 
INFO:root:move='m u_3 w' will result in an error
INFO:root:----- turn = observation['step'], game_state=(141, <lux.game.Game object at 0x0000016C219D2C10>) ----- 
INFO:root:move='m u_5 n' will result in an error
INFO:root:move='m u_4 w' will result in an error
INFO:root:----- turn = observation['step'], game_state=(143, <lux.game.Game object at 0x0000016C219D2C10>) ----- 
INFO:root:Attempt City Build
INFO:root:Nearest City is [3, 25]
INFO:root:best location is best_loc.pos.x,best_loc.pos.y=(2, 25) with best_loc_val=13
INFO:root:---- get_better_path ----
unit pos = (1, 25) to (2, 25)
INFO:root:c=<lux.game_map.Cell object at 0x0000016C21912760>
INFO:root:move='m u_3 e' will result in an error
INFO:root:----- turn = observation['step'], game_state=(145, <lux.game.Game object at 0x0000016C219D2C10>) ----- 
INFO:root:move='m u_4 s' will result in an error
INFO:root:move='m u_10 e' will result in an error
INFO:root:Attempt City Build
INFO:root:build loc =  status.build_location.pos.x, status.build_location.pos.y, status.build_location.citytile=(2, 25, None), 
INFO:root:status.build_location,status.opp_city_tiles=(<lux.game_map.Cell object at 0x0000016C21912760>, [<lux.game_objects.CityTile object at 0x0000016C219F4D60>])
INFO:root:---- get_better_path ----
unit pos = (1, 24) to (2, 25)
INFO:root:move='m u_5 w' will result in an error
INFO:root:----- turn = observation['step'], game_state=(147, <lux.game.Game object at 0x0000016C219D2C10>) ----- 
INFO:root:Attempt City Build
INFO:root:build loc =  status.build_location.pos.x, status.build_location.pos.y, status.build_location.citytile=(2, 25, None), 
INFO:root:status.build_location,status.opp_city_tiles=(<lux.game_map.Cell object at 0x0000016C21912760>, [<lux.game_objects.CityTile object at 0x0000016C220622B0>])
INFO:root:---- get_better_path ----
unit pos = (1, 25) to (2, 25)
INFO:root:move='m u_3 e' will result in an error
INFO:root:move='m u_5 e' will result in an error
INFO:root:----- turn = observation['step'], game_state=(149, <lux.game.Game object at 0x0000016C219D2C10>) ----- 
INFO:root:Attempt City Build
INFO:root:build loc =  status.build_location.pos.x, status.build_location.pos.y, status.build_location.citytile=(2, 25, None), 
INFO:root:status.build_location,status.opp_city_tiles=(<lux.game_map.Cell object at 0x0000016C21912760>, [<lux.game_objects.CityTile object at 0x0000016C219732B0>])
INFO:root:---- get_better_path ----
unit pos = (0, 25) to (2, 25)
INFO:root:move='m u_12 n' will result in an error
INFO:root:----- turn = observation['step'], game_state=(151, <lux.game.Game object at 0x0000016C219D2C10>) ----- 
INFO:root:move='m u_5 s' will result in an error
INFO:root:Looks like key='u_10' has died
INFO:root:Building Worker
INFO:root:----- turn = observation['step'], game_state=(153, <lux.game.Game object at 0x0000016C219D2C10>) ----- 
INFO:root:New worker Created worker.id='u_17'
INFO:root:test,test.home_city,test.unit.id=(<worker_test object at 0x0000016C219E6880>, 'Test Str', 'u_17')
INFO:root:Looks like key='u_17' has died
INFO:root:Building Worker
INFO:root:----- turn = observation['step'], game_state=(155, <lux.game.Game object at 0x0000016C219D2C10>) ----- 
INFO:root:New worker Created worker.id='u_18'
INFO:root:test,test.home_city,test.unit.id=(<worker_test object at 0x0000016C21E13430>, 'Test Str', 'u_18')
INFO:root:Its night
INFO:root:Worker be working
INFO:root:Its night
INFO:root:Its night
INFO:root:u_5 is home
INFO:root:Its night
INFO:root:u_12 is home
INFO:root:Its night
INFO:root:u_13 is home
INFO:root:Its night
INFO:root:u_14 is home
INFO:root:Its night
INFO:root:u_15 is home
INFO:root:Its night
INFO:root:u_16 is home
INFO:root:Its night
INFO:root:u_18 is home
INFO:root:Its night
INFO:root:Worker be working
INFO:root:Its night
INFO:root:Its night
INFO:root:u_5 is home
INFO:root:Its night
INFO:root:u_12 is home
INFO:root:Its night
INFO:root:u_13 is home
INFO:root:Its night
INFO:root:u_14 is home
INFO:root:Its night
INFO:root:u_15 is home
INFO:root:Its night
INFO:root:u_16 is home
INFO:root:Its night
INFO:root:u_18 is home
INFO:root:----- turn = observation['step'], game_state=(157, <lux.game.Game object at 0x0000016C219D2C10>) ----- 
INFO:root:Its night
INFO:root:Worker be working
INFO:root:Its night
INFO:root:Its night
INFO:root:u_5 is home
INFO:root:Its night
INFO:root:u_12 is home
INFO:root:Its night
INFO:root:u_13 is home
INFO:root:Its night
INFO:root:u_14 is home
INFO:root:Its night
INFO:root:u_15 is home
INFO:root:Its night
INFO:root:u_16 is home
INFO:root:Its night
INFO:root:u_18 is home
INFO:root:Its night
INFO:root:Worker be working
INFO:root:Its night
INFO:root:Its night
INFO:root:u_5 is home
INFO:root:Its night
INFO:root:u_12 is home
INFO:root:Its night
INFO:root:u_13 is home
INFO:root:Its night
INFO:root:u_14 is home
INFO:root:Its night
INFO:root:u_15 is home
INFO:root:Its night
INFO:root:u_16 is home
INFO:root:Its night
INFO:root:u_18 is home
INFO:root:----- turn = observation['step'], game_state=(159, <lux.game.Game object at 0x0000016C219D2C10>) ----- 
INFO:root:Its night
INFO:root:Worker be working
INFO:root:Its night
INFO:root:Its night
INFO:root:u_5 is home
INFO:root:Its night
INFO:root:u_12 is home
INFO:root:Its night
INFO:root:u_13 is home
INFO:root:Its night
INFO:root:u_14 is home
INFO:root:Its night
INFO:root:u_15 is home
INFO:root:Its night
INFO:root:u_16 is home
INFO:root:Its night
INFO:root:u_18 is home
INFO:root:----- turn = observation['step'], game_state=(161, <lux.game.Game object at 0x0000016C219D2C10>) ----- 
INFO:root:Attempt City Build
INFO:root:build loc =  status.build_location.pos.x, status.build_location.pos.y, status.build_location.citytile=(2, 25, None), 
INFO:root:status.build_location,status.opp_city_tiles=(<lux.game_map.Cell object at 0x0000016C21912760>, [<lux.game_objects.CityTile object at 0x0000016C21AF43A0>])
INFO:root:---- get_better_path ----
unit pos = (1, 25) to (2, 25)
INFO:root:----- turn = observation['step'], game_state=(163, <lux.game.Game object at 0x0000016C219D2C10>) ----- 
INFO:root:move='m u_4 e' will result in an error
INFO:root:move='m u_12 n' will result in an error
INFO:root:move='m u_13 w' will result in an error
INFO:root:Attempt City Build
INFO:root:build loc =  status.build_location.pos.x, status.build_location.pos.y, status.build_location.citytile=(2, 25, None), 
INFO:root:status.build_location,status.opp_city_tiles=(<lux.game_map.Cell object at 0x0000016C21912760>, [<lux.game_objects.CityTile object at 0x0000016C220AAC70>])
INFO:root:move='m u_14 w' will result in an error
INFO:root:----- turn = observation['step'], game_state=(165, <lux.game.Game object at 0x0000016C219D2C10>) ----- 
INFO:root:----- turn = observation['step'], game_state=(167, <lux.game.Game object at 0x0000016C219D2C10>) ----- 
INFO:root:move='m u_4 s' will result in an error
INFO:root:----- turn = observation['step'], game_state=(169, <lux.game.Game object at 0x0000016C219D2C10>) ----- 
INFO:root:Attempt City Build
INFO:root:Nearest City is [3, 24]
INFO:root:best location is best_loc.pos.x,best_loc.pos.y=(2, 24) with best_loc_val=13
INFO:root:---- get_better_path ----
unit pos = (1, 24) to (2, 24)
INFO:root:c=<lux.game_map.Cell object at 0x0000016C2195B250>
INFO:root:move='m u_3 e' will result in an error
INFO:root:move='m u_4 s' will result in an error
INFO:root:move='m u_13 e' will result in an error
INFO:root:----- turn = observation['step'], game_state=(171, <lux.game.Game object at 0x0000016C219D2C10>) ----- 
INFO:root:Attempt City Build
INFO:root:build loc =  status.build_location.pos.x, status.build_location.pos.y, status.build_location.citytile=(2, 24, None), 
INFO:root:status.build_location,status.opp_city_tiles=(<lux.game_map.Cell object at 0x0000016C2195B250>, [<lux.game_objects.CityTile object at 0x0000016C219B6A30>])
INFO:root:---- get_better_path ----
unit pos = (1, 25) to (2, 24)
INFO:root:move='m u_13 w' will result in an error
INFO:root:----- turn = observation['step'], game_state=(173, <lux.game.Game object at 0x0000016C219D2C10>) ----- 
INFO:root:Attempt City Build
INFO:root:build loc =  status.build_location.pos.x, status.build_location.pos.y, status.build_location.citytile=(2, 24, None), 
INFO:root:status.build_location,status.opp_city_tiles=(<lux.game_map.Cell object at 0x0000016C2195B250>, [<lux.game_objects.CityTile object at 0x0000016C22119490>])
INFO:root:---- get_better_path ----
unit pos = (1, 24) to (2, 24)
INFO:root:move='m u_13 w' will result in an error
INFO:root:----- turn = observation['step'], game_state=(175, <lux.game.Game object at 0x0000016C219D2C10>) ----- 
INFO:root:Attempt City Build
INFO:root:build loc =  status.build_location.pos.x, status.build_location.pos.y, status.build_location.citytile=(2, 24, None), 
INFO:root:status.build_location,status.opp_city_tiles=(<lux.game_map.Cell object at 0x0000016C2195B250>, [<lux.game_objects.CityTile object at 0x0000016C218D1AF0>])
INFO:root:Building Worker
INFO:root:----- turn = observation['step'], game_state=(177, <lux.game.Game object at 0x0000016C219D2C10>) ----- 
INFO:root:New worker Created worker.id='u_19'
INFO:root:test,test.home_city,test.unit.id=(<worker_test object at 0x0000016C21F27370>, 'Test Str', 'u_19')
INFO:root:move='m u_4 e' will result in an error
INFO:root:----- turn = observation['step'], game_state=(179, <lux.game.Game object at 0x0000016C219D2C10>) ----- 
INFO:root:move='m u_13 s' will result in an error
INFO:root:----- turn = observation['step'], game_state=(181, <lux.game.Game object at 0x0000016C219D2C10>) ----- 
INFO:root:Attempt City Build
INFO:root:Nearest City is [2, 24]
INFO:root:best location is best_loc.pos.x,best_loc.pos.y=(2, 23) with best_loc_val=5
INFO:root:---- get_better_path ----
unit pos = (1, 24) to (2, 23)
INFO:root:c=<lux.game_map.Cell object at 0x0000016C2195DF70>
INFO:root:move='m u_4 s' will result in an error
INFO:root:move='m u_13 s' will result in an error
INFO:root:----- turn = observation['step'], game_state=(183, <lux.game.Game object at 0x0000016C219D2C10>) ----- 
INFO:root:Attempt City Build
INFO:root:build loc =  status.build_location.pos.x, status.build_location.pos.y, status.build_location.citytile=(2, 23, None), 
INFO:root:status.build_location,status.opp_city_tiles=(<lux.game_map.Cell object at 0x0000016C2195DF70>, [<lux.game_objects.CityTile object at 0x0000016C21CEBCD0>])
INFO:root:---- get_better_path ----
unit pos = (1, 23) to (2, 23)
INFO:root:move='m u_4 s' will result in an error
INFO:root:----- turn = observation['step'], game_state=(185, <lux.game.Game object at 0x0000016C219D2C10>) ----- 
INFO:root:Attempt City Build
INFO:root:build loc =  status.build_location.pos.x, status.build_location.pos.y, status.build_location.citytile=(2, 23, None), 
INFO:root:status.build_location,status.opp_city_tiles=(<lux.game_map.Cell object at 0x0000016C2195DF70>, [<lux.game_objects.CityTile object at 0x0000016C21CDF580>])
INFO:root:Building Worker
INFO:root:Building Worker
INFO:root:move='m u_3 s' will result in an error
INFO:root:----- turn = observation['step'], game_state=(187, <lux.game.Game object at 0x0000016C219D2C10>) ----- 
INFO:root:New worker Created worker.id='u_20'
INFO:root:test,test.home_city,test.unit.id=(<worker_test object at 0x0000016C207DED00>, 'Test Str', 'u_20')
INFO:root:----- turn = observation['step'], game_state=(189, <lux.game.Game object at 0x0000016C219D2C10>) ----- 
INFO:root:move='m u_3 e' will result in an error
INFO:root:move='m u_4 s' will result in an error
INFO:root:----- turn = observation['step'], game_state=(191, <lux.game.Game object at 0x0000016C219D2C10>) ----- 
INFO:root:move='m u_4 s' will result in an error
INFO:root:----- turn = observation['step'], game_state=(193, <lux.game.Game object at 0x0000016C219D2C10>) ----- 
INFO:root:move='m u_4 s' will result in an error
INFO:root:move='m u_4 s' will result in an error
INFO:root:----- turn = observation['step'], game_state=(195, <lux.game.Game object at 0x0000016C219D2C10>) ----- 
INFO:root:Its night
INFO:root:Worker be working
INFO:root:Its night
INFO:root:u_4 is home
INFO:root:Its night
INFO:root:Its night
INFO:root:Its night
INFO:root:u_13 is home
INFO:root:Its night
INFO:root:u_14 is home
INFO:root:Its night
INFO:root:u_15 is home
INFO:root:Its night
INFO:root:u_16 is home
INFO:root:Its night
INFO:root:u_18 is home
INFO:root:Its night
INFO:root:u_19 is home
INFO:root:Its night
INFO:root:u_20 is home
INFO:root:Its night
INFO:root:Worker be working
INFO:root:Its night
INFO:root:u_4 is home
INFO:root:Its night
INFO:root:Its night
INFO:root:Its night
INFO:root:u_13 is home
INFO:root:Its night
INFO:root:u_14 is home
INFO:root:Its night
INFO:root:u_15 is home
INFO:root:Its night
INFO:root:u_16 is home
INFO:root:Its night
INFO:root:u_18 is home
INFO:root:Its night
INFO:root:u_19 is home
INFO:root:Its night
INFO:root:u_20 is home
INFO:root:----- turn = observation['step'], game_state=(197, <lux.game.Game object at 0x0000016C219D2C10>) ----- 
INFO:root:Its night
INFO:root:Worker be working
INFO:root:Its night
INFO:root:u_4 is home
INFO:root:Its night
INFO:root:Its night
INFO:root:Its night
INFO:root:u_13 is home
INFO:root:Its night
INFO:root:u_14 is home
INFO:root:Its night
INFO:root:u_15 is home
INFO:root:Its night
INFO:root:u_16 is home
INFO:root:Its night
INFO:root:u_18 is home
INFO:root:Its night
INFO:root:u_19 is home
INFO:root:Its night
INFO:root:u_20 is home
INFO:root:Its night
INFO:root:Worker be working
INFO:root:Its night
INFO:root:u_4 is home
INFO:root:Its night
INFO:root:Its night
INFO:root:Its night
INFO:root:u_13 is home
INFO:root:Its night
INFO:root:u_14 is home
INFO:root:Its night
INFO:root:u_15 is home
INFO:root:Its night
INFO:root:u_16 is home
INFO:root:Its night
INFO:root:u_18 is home
INFO:root:Its night
INFO:root:u_19 is home
INFO:root:Its night
INFO:root:u_20 is home
INFO:root:----- turn = observation['step'], game_state=(199, <lux.game.Game object at 0x0000016C219D2C10>) ----- 
INFO:root:Its night
INFO:root:Worker be working
INFO:root:Its night
INFO:root:u_4 is home
INFO:root:Its night
INFO:root:Its night
INFO:root:Its night
INFO:root:u_13 is home
INFO:root:Its night
INFO:root:u_14 is home
INFO:root:Its night
INFO:root:u_15 is home
INFO:root:Its night
INFO:root:u_16 is home
INFO:root:Its night
INFO:root:u_18 is home
INFO:root:Its night
INFO:root:u_19 is home
INFO:root:Its night
INFO:root:u_20 is home
INFO:root:move='m u_3 e' will result in an error
INFO:root:----- turn = observation['step'], game_state=(201, <lux.game.Game object at 0x0000016C219D2C10>) ----- 
