INFO:root:self.city_dict={'c_1': <agent.CityStatus object at 0x00000176A7BB5FA0>}
INFO:root:self.city_dict={'c_1': <agent.CityStatus object at 0x00000176A7BB5FA0>}
INFO:root:self.city_dict={'c_1': <agent.CityStatus object at 0x00000176A7BB5FA0>}
INFO:root:self.city_dict={'c_1': <agent.CityStatus object at 0x00000176A7BB5FA0>}
INFO:root:self.city_dict={'c_1': <agent.CityStatus object at 0x00000176A7BB5FA0>}
INFO:root:self.city_dict={'c_1': <agent.CityStatus object at 0x00000176A7BB5FA0>}
INFO:root:self.city_dict={'c_1': <agent.CityStatus object at 0x00000176A7BB5FA0>}
INFO:root:self.city_dict={'c_1': <agent.CityStatus object at 0x00000176A7BB5FA0>}
INFO:root:self.city_dict={'c_1': <agent.CityStatus object at 0x00000176A7BB5FA0>}
INFO:root:self.city_dict={'c_1': <agent.CityStatus object at 0x00000176A7BB5FA0>}
INFO:root:self.city_dict={'c_1': <agent.CityStatus object at 0x00000176A7BB5FA0>}
INFO:root:move='m u_1 e' will result in an error
INFO:root:self.city_dict={'c_1': <agent.CityStatus object at 0x00000176A7BB5FA0>}
INFO:root:move='m u_1 e' will result in an error
INFO:root:self.city_dict={'c_1': <agent.CityStatus object at 0x00000176A7BB5FA0>}
INFO:root:self.city_dict={'c_1': <agent.CityStatus object at 0x00000176A7BB5FA0>}
INFO:root:self.city_dict={'c_1': <agent.CityStatus object at 0x00000176A7BB5FA0>}
INFO:root:self.city_dict={'c_1': <agent.CityStatus object at 0x00000176A7BB5FA0>}
INFO:root:move='m u_3 s' will result in an error
INFO:root:self.city_dict={'c_1': <agent.CityStatus object at 0x00000176A7BB5FA0>}
INFO:root:self.city_dict={'c_1': <agent.CityStatus object at 0x00000176A7BB5FA0>}
INFO:root:self.city_dict={'c_1': <agent.CityStatus object at 0x00000176A7BB5FA0>}
INFO:root:self.city_dict={'c_1': <agent.CityStatus object at 0x00000176A7BB5FA0>}
INFO:root:self.city_dict={'c_1': <agent.CityStatus object at 0x00000176A7BB5FA0>}
INFO:root:self.city_dict={'c_1': <agent.CityStatus object at 0x00000176A7BB5FA0>}
INFO:root:self.city_dict={'c_1': <agent.CityStatus object at 0x00000176A7BB5FA0>}
INFO:root:self.city_dict={'c_1': <agent.CityStatus object at 0x00000176A7BB5FA0>}
INFO:root:move='m u_6 s' will result in an error
INFO:root:self.city_dict={'c_1': <agent.CityStatus object at 0x00000176A7BB5FA0>}
INFO:root:self.city_dict={'c_1': <agent.CityStatus object at 0x00000176A7BB5FA0>}
INFO:root:self.city_dict={'c_1': <agent.CityStatus object at 0x00000176A7BB5FA0>}
INFO:root:move='m u_3 e' will result in an error
INFO:root:self.city_dict={'c_1': <agent.CityStatus object at 0x00000176A7BB5FA0>}
INFO:root:self.city_dict={'c_1': <agent.CityStatus object at 0x00000176A7BB5FA0>}
INFO:root:self.city_dict={'c_1': <agent.CityStatus object at 0x00000176A7BB5FA0>}
INFO:root:self.city_dict={'c_1': <agent.CityStatus object at 0x00000176A7BB5FA0>}
INFO:root:self.city_dict={'c_1': <agent.CityStatus object at 0x00000176A7BB5FA0>}
INFO:root:self.city_dict={'c_1': <agent.CityStatus object at 0x00000176A7BB5FA0>}
INFO:root:self.city_dict={'c_1': <agent.CityStatus object at 0x00000176A7BB5FA0>}
INFO:root:self.city_dict={'c_1': <agent.CityStatus object at 0x00000176A7BB5FA0>}
INFO:root:self.city_dict={'c_1': <agent.CityStatus object at 0x00000176A7BB5FA0>}
INFO:root:self.city_dict={'c_1': <agent.CityStatus object at 0x00000176A7BB5FA0>}
INFO:root:self.city_dict={'c_1': <agent.CityStatus object at 0x00000176A7BB5FA0>}
INFO:root:self.city_dict={'c_1': <agent.CityStatus object at 0x00000176A7BB5FA0>}
INFO:root:self.city_dict={'c_1': <agent.CityStatus object at 0x00000176A7BB5FA0>}
INFO:root:self.city_dict={'c_1': <agent.CityStatus object at 0x00000176A7BB5FA0>}
INFO:root:self.city_dict={'c_1': <agent.CityStatus object at 0x00000176A7BB5FA0>}
INFO:root:self.city_dict={'c_1': <agent.CityStatus object at 0x00000176A7BB5FA0>}
INFO:root:move='m u_3 e' will result in an error
INFO:root:self.city_dict={'c_1': <agent.CityStatus object at 0x00000176A7BB5FA0>}
INFO:root:self.city_dict={'c_1': <agent.CityStatus object at 0x00000176A7BB5FA0>}
INFO:root:self.city_dict={'c_1': <agent.CityStatus object at 0x00000176A7BB5FA0>}
INFO:root:self.city_dict={'c_1': <agent.CityStatus object at 0x00000176A7BB5FA0>}
INFO:root:self.city_dict={'c_1': <agent.CityStatus object at 0x00000176A7BB5FA0>}
INFO:root:self.city_dict={'c_1': <agent.CityStatus object at 0x00000176A7BB5FA0>}
INFO:root:self.city_dict={'c_1': <agent.CityStatus object at 0x00000176A7BB5FA0>}
INFO:root:move='m u_6 s' will result in an error
INFO:root:self.city_dict={'c_1': <agent.CityStatus object at 0x00000176A7BB5FA0>}
INFO:root:self.city_dict={'c_1': <agent.CityStatus object at 0x00000176A7BB5FA0>}
INFO:root:move='m u_7 s' will result in an error
INFO:root:self.city_dict={'c_1': <agent.CityStatus object at 0x00000176A7BB5FA0>}
INFO:root:self.city_dict={'c_1': <agent.CityStatus object at 0x00000176A7BB5FA0>}
INFO:root:move='m u_7 s' will result in an error
INFO:root:self.city_dict={'c_1': <agent.CityStatus object at 0x00000176A7BB5FA0>}
INFO:root:move='m u_3 e' will result in an error
INFO:root:move='m u_6 n' will result in an error
INFO:root:move='m u_7 s' will result in an error
INFO:root:self.city_dict={'c_1': <agent.CityStatus object at 0x00000176A7BB5FA0>}
INFO:root:self.city_dict={'c_1': <agent.CityStatus object at 0x00000176A7BB5FA0>}
INFO:root:self.city_dict={'c_1': <agent.CityStatus object at 0x00000176A7BB5FA0>}
INFO:root:self.city_dict={'c_1': <agent.CityStatus object at 0x00000176A7BB5FA0>}
INFO:root:move='m u_6 n' will result in an error
INFO:root:move='m u_7 s' will result in an error
INFO:root:self.city_dict={'c_1': <agent.CityStatus object at 0x00000176A7BB5FA0>}
INFO:root:self.city_dict={'c_1': <agent.CityStatus object at 0x00000176A7BB5FA0>}
INFO:root:self.city_dict={'c_1': <agent.CityStatus object at 0x00000176A7BB5FA0>}
INFO:root:move='m u_7 w' will result in an error
INFO:root:self.city_dict={'c_1': <agent.CityStatus object at 0x00000176A7BB5FA0>}
INFO:root:self.city_dict={'c_1': <agent.CityStatus object at 0x00000176A7BB5FA0>}
INFO:root:self.city_dict={'c_1': <agent.CityStatus object at 0x00000176A7BB5FA0>}
INFO:root:self.city_dict={'c_1': <agent.CityStatus object at 0x00000176A7BB5FA0>}
INFO:root:self.city_dict={'c_1': <agent.CityStatus object at 0x00000176A7BB5FA0>}
INFO:root:move='m u_6 s' will result in an error
INFO:root:self.city_dict={'c_1': <agent.CityStatus object at 0x00000176A7BB5FA0>}
INFO:root:move='m u_6 s' will result in an error
INFO:root:move='m u_7 n' will result in an error
INFO:root:self.city_dict={'c_1': <agent.CityStatus object at 0x00000176A7BB5FA0>}
INFO:root:self.city_dict={'c_1': <agent.CityStatus object at 0x00000176A7BB5FA0>}
INFO:root:self.city_dict={'c_1': <agent.CityStatus object at 0x00000176A7BB5FA0>}
INFO:root:self.city_dict={'c_1': <agent.CityStatus object at 0x00000176A7BB5FA0>}
INFO:root:self.city_dict={'c_1': <agent.CityStatus object at 0x00000176A7BB5FA0>}
INFO:root:self.city_dict={'c_1': <agent.CityStatus object at 0x00000176A7BB5FA0>}
INFO:root:self.city_dict={'c_1': <agent.CityStatus object at 0x00000176A7BB5FA0>}
INFO:root:self.city_dict={'c_1': <agent.CityStatus object at 0x00000176A7BB5FA0>}
INFO:root:self.city_dict={'c_1': <agent.CityStatus object at 0x00000176A7BB5FA0>}
INFO:root:self.city_dict={'c_1': <agent.CityStatus object at 0x00000176A7BB5FA0>}
INFO:root:self.city_dict={'c_1': <agent.CityStatus object at 0x00000176A7BB5FA0>}
INFO:root:self.city_dict={'c_1': <agent.CityStatus object at 0x00000176A7BB5FA0>}
INFO:root:self.city_dict={'c_1': <agent.CityStatus object at 0x00000176A7BB5FA0>}
INFO:root:move='m u_6 e' will result in an error
INFO:root:self.city_dict={'c_1': <agent.CityStatus object at 0x00000176A7BB5FA0>}
INFO:root:self.city_dict={'c_1': <agent.CityStatus object at 0x00000176A7BB5FA0>}
INFO:root:self.city_dict={'c_1': <agent.CityStatus object at 0x00000176A7BB5FA0>}
INFO:root:self.city_dict={'c_1': <agent.CityStatus object at 0x00000176A7BB5FA0>}
INFO:root:self.city_dict={'c_1': <agent.CityStatus object at 0x00000176A7BB5FA0>}
INFO:root:self.city_dict={'c_1': <agent.CityStatus object at 0x00000176A7BB5FA0>, 'c_3': <agent.CityStatus object at 0x00000176A7B91580>}
INFO:root:self.city_dict={'c_1': <agent.CityStatus object at 0x00000176A7BB5FA0>, 'c_3': <agent.CityStatus object at 0x00000176A7B91580>}
INFO:root:self.city_dict={'c_1': <agent.CityStatus object at 0x00000176A7BB5FA0>, 'c_3': <agent.CityStatus object at 0x00000176A7B91580>}
INFO:root:self.city_dict={'c_1': <agent.CityStatus object at 0x00000176A7BB5FA0>, 'c_3': <agent.CityStatus object at 0x00000176A7B91580>}
INFO:root:self.city_dict={'c_1': <agent.CityStatus object at 0x00000176A7BB5FA0>, 'c_3': <agent.CityStatus object at 0x00000176A7B91580>}
INFO:root:self.city_dict={'c_1': <agent.CityStatus object at 0x00000176A7BB5FA0>, 'c_3': <agent.CityStatus object at 0x00000176A7B91580>}
INFO:root:self.city_dict={'c_1': <agent.CityStatus object at 0x00000176A7BB5FA0>, 'c_3': <agent.CityStatus object at 0x00000176A7B91580>}
INFO:root:self.city_dict={'c_1': <agent.CityStatus object at 0x00000176A7BB5FA0>, 'c_3': <agent.CityStatus object at 0x00000176A7B91580>}
INFO:root:self.city_dict={'c_1': <agent.CityStatus object at 0x00000176A7BB5FA0>, 'c_3': <agent.CityStatus object at 0x00000176A7B91580>}
INFO:root:self.city_dict={'c_1': <agent.CityStatus object at 0x00000176A7BB5FA0>, 'c_3': <agent.CityStatus object at 0x00000176A7B91580>}
INFO:root:self.city_dict={'c_1': <agent.CityStatus object at 0x00000176A7BB5FA0>, 'c_3': <agent.CityStatus object at 0x00000176A7B91580>}
INFO:root:self.city_dict={'c_1': <agent.CityStatus object at 0x00000176A7BB5FA0>, 'c_3': <agent.CityStatus object at 0x00000176A7B91580>}
INFO:root:self.city_dict={'c_1': <agent.CityStatus object at 0x00000176A7BB5FA0>, 'c_3': <agent.CityStatus object at 0x00000176A7B91580>}
INFO:root:self.city_dict={'c_1': <agent.CityStatus object at 0x00000176A7BB5FA0>, 'c_3': <agent.CityStatus object at 0x00000176A7B91580>}
INFO:root:self.city_dict={'c_1': <agent.CityStatus object at 0x00000176A7BB5FA0>, 'c_3': <agent.CityStatus object at 0x00000176A7B91580>}
INFO:root:move='m u_1 n' will result in an error
INFO:root:self.city_dict={'c_1': <agent.CityStatus object at 0x00000176A7BB5FA0>, 'c_3': <agent.CityStatus object at 0x00000176A7B91580>}
INFO:root:self.city_dict={'c_1': <agent.CityStatus object at 0x00000176A7BB5FA0>, 'c_3': <agent.CityStatus object at 0x00000176A7B91580>}
INFO:root:self.city_dict={'c_1': <agent.CityStatus object at 0x00000176A7BB5FA0>, 'c_3': <agent.CityStatus object at 0x00000176A7B91580>}
INFO:root:self.city_dict={'c_1': <agent.CityStatus object at 0x00000176A7BB5FA0>, 'c_3': <agent.CityStatus object at 0x00000176A7B91580>}
INFO:root:self.city_dict={'c_1': <agent.CityStatus object at 0x00000176A7BB5FA0>, 'c_3': <agent.CityStatus object at 0x00000176A7B91580>}
INFO:root:self.city_dict={'c_1': <agent.CityStatus object at 0x00000176A7BB5FA0>, 'c_3': <agent.CityStatus object at 0x00000176A7B91580>}
INFO:root:self.city_dict={'c_1': <agent.CityStatus object at 0x00000176A7BB5FA0>, 'c_3': <agent.CityStatus object at 0x00000176A7B91580>}
INFO:root:self.city_dict={'c_1': <agent.CityStatus object at 0x00000176A7BB5FA0>, 'c_3': <agent.CityStatus object at 0x00000176A7B91580>}
INFO:root:self.city_dict={'c_1': <agent.CityStatus object at 0x00000176A7BB5FA0>, 'c_3': <agent.CityStatus object at 0x00000176A7B91580>}
INFO:root:self.city_dict={'c_1': <agent.CityStatus object at 0x00000176A7BB5FA0>, 'c_3': <agent.CityStatus object at 0x00000176A7B91580>}
INFO:root:self.city_dict={'c_1': <agent.CityStatus object at 0x00000176A7BB5FA0>, 'c_3': <agent.CityStatus object at 0x00000176A7B91580>}
INFO:root:self.city_dict={'c_1': <agent.CityStatus object at 0x00000176A7BB5FA0>, 'c_3': <agent.CityStatus object at 0x00000176A7B91580>}
INFO:root:self.city_dict={'c_1': <agent.CityStatus object at 0x00000176A7BB5FA0>, 'c_3': <agent.CityStatus object at 0x00000176A7B91580>}
INFO:root:self.city_dict={'c_1': <agent.CityStatus object at 0x00000176A7BB5FA0>, 'c_3': <agent.CityStatus object at 0x00000176A7B91580>}
INFO:root:self.city_dict={'c_1': <agent.CityStatus object at 0x00000176A7BB5FA0>, 'c_3': <agent.CityStatus object at 0x00000176A7B91580>}
INFO:root:self.city_dict={'c_1': <agent.CityStatus object at 0x00000176A7BB5FA0>, 'c_3': <agent.CityStatus object at 0x00000176A7B91580>}
INFO:root:self.city_dict={'c_1': <agent.CityStatus object at 0x00000176A7BB5FA0>, 'c_3': <agent.CityStatus object at 0x00000176A7B91580>}
INFO:root:self.city_dict={'c_1': <agent.CityStatus object at 0x00000176A7BB5FA0>, 'c_3': <agent.CityStatus object at 0x00000176A7B91580>}
INFO:root:self.city_dict={'c_1': <agent.CityStatus object at 0x00000176A7BB5FA0>, 'c_3': <agent.CityStatus object at 0x00000176A7B91580>}
INFO:root:self.city_dict={'c_1': <agent.CityStatus object at 0x00000176A7BB5FA0>, 'c_3': <agent.CityStatus object at 0x00000176A7B91580>}
INFO:root:self.city_dict={'c_1': <agent.CityStatus object at 0x00000176A7BB5FA0>, 'c_3': <agent.CityStatus object at 0x00000176A7B91580>}
INFO:root:self.city_dict={'c_1': <agent.CityStatus object at 0x00000176A7BB5FA0>, 'c_3': <agent.CityStatus object at 0x00000176A7B91580>}
INFO:root:self.city_dict={'c_1': <agent.CityStatus object at 0x00000176A7BB5FA0>, 'c_3': <agent.CityStatus object at 0x00000176A7B91580>}
INFO:root:self.city_dict={'c_1': <agent.CityStatus object at 0x00000176A7BB5FA0>, 'c_3': <agent.CityStatus object at 0x00000176A7B91580>}
INFO:root:self.city_dict={'c_1': <agent.CityStatus object at 0x00000176A7BB5FA0>, 'c_3': <agent.CityStatus object at 0x00000176A7B91580>}
INFO:root:self.city_dict={'c_1': <agent.CityStatus object at 0x00000176A7BB5FA0>, 'c_3': <agent.CityStatus object at 0x00000176A7B91580>}
INFO:root:self.city_dict={'c_1': <agent.CityStatus object at 0x00000176A7BB5FA0>, 'c_3': <agent.CityStatus object at 0x00000176A7B91580>}
INFO:root:self.city_dict={'c_1': <agent.CityStatus object at 0x00000176A7BB5FA0>, 'c_3': <agent.CityStatus object at 0x00000176A7B91580>}
INFO:root:self.city_dict={'c_1': <agent.CityStatus object at 0x00000176A7BB5FA0>, 'c_3': <agent.CityStatus object at 0x00000176A7B91580>}
INFO:root:self.city_dict={'c_1': <agent.CityStatus object at 0x00000176A7BB5FA0>, 'c_3': <agent.CityStatus object at 0x00000176A7B91580>}
INFO:root:self.city_dict={'c_1': <agent.CityStatus object at 0x00000176A7BB5FA0>, 'c_3': <agent.CityStatus object at 0x00000176A7B91580>, 'c_4': <agent.CityStatus object at 0x00000176A7B795B0>}
INFO:root:self.city_dict={'c_1': <agent.CityStatus object at 0x00000176A7BB5FA0>, 'c_3': <agent.CityStatus object at 0x00000176A7B91580>, 'c_4': <agent.CityStatus object at 0x00000176A7B795B0>}
INFO:root:self.city_dict={'c_1': <agent.CityStatus object at 0x00000176A7BB5FA0>, 'c_3': <agent.CityStatus object at 0x00000176A7B91580>, 'c_4': <agent.CityStatus object at 0x00000176A7B795B0>}
INFO:root:self.city_dict={'c_1': <agent.CityStatus object at 0x00000176A7BB5FA0>, 'c_3': <agent.CityStatus object at 0x00000176A7B91580>, 'c_4': <agent.CityStatus object at 0x00000176A7B795B0>}
INFO:root:self.city_dict={'c_1': <agent.CityStatus object at 0x00000176A7BB5FA0>, 'c_3': <agent.CityStatus object at 0x00000176A7B91580>, 'c_4': <agent.CityStatus object at 0x00000176A7B795B0>}
INFO:root:self.city_dict={'c_1': <agent.CityStatus object at 0x00000176A7BB5FA0>, 'c_3': <agent.CityStatus object at 0x00000176A7B91580>, 'c_4': <agent.CityStatus object at 0x00000176A7B795B0>}
INFO:root:self.city_dict={'c_1': <agent.CityStatus object at 0x00000176A7BB5FA0>, 'c_3': <agent.CityStatus object at 0x00000176A7B91580>, 'c_4': <agent.CityStatus object at 0x00000176A7B795B0>}
INFO:root:self.city_dict={'c_1': <agent.CityStatus object at 0x00000176A7BB5FA0>, 'c_3': <agent.CityStatus object at 0x00000176A7B91580>, 'c_4': <agent.CityStatus object at 0x00000176A7B795B0>}
INFO:root:self.city_dict={'c_1': <agent.CityStatus object at 0x00000176A7BB5FA0>, 'c_3': <agent.CityStatus object at 0x00000176A7B91580>, 'c_4': <agent.CityStatus object at 0x00000176A7B795B0>}
INFO:root:self.city_dict={'c_1': <agent.CityStatus object at 0x00000176A7BB5FA0>, 'c_3': <agent.CityStatus object at 0x00000176A7B91580>, 'c_4': <agent.CityStatus object at 0x00000176A7B795B0>}
INFO:root:self.city_dict={'c_1': <agent.CityStatus object at 0x00000176A7BB5FA0>, 'c_3': <agent.CityStatus object at 0x00000176A7B91580>, 'c_4': <agent.CityStatus object at 0x00000176A7B795B0>}
INFO:root:self.city_dict={'c_1': <agent.CityStatus object at 0x00000176A7BB5FA0>, 'c_3': <agent.CityStatus object at 0x00000176A7B91580>, 'c_4': <agent.CityStatus object at 0x00000176A7B795B0>}
INFO:root:self.city_dict={'c_1': <agent.CityStatus object at 0x00000176A7BB5FA0>, 'c_3': <agent.CityStatus object at 0x00000176A7B91580>, 'c_4': <agent.CityStatus object at 0x00000176A7B795B0>}
INFO:root:move='m u_11 e' will result in an error
INFO:root:self.city_dict={'c_1': <agent.CityStatus object at 0x00000176A7BB5FA0>, 'c_3': <agent.CityStatus object at 0x00000176A7B91580>, 'c_4': <agent.CityStatus object at 0x00000176A7B795B0>}
INFO:root:self.city_dict={'c_1': <agent.CityStatus object at 0x00000176A7BB5FA0>, 'c_3': <agent.CityStatus object at 0x00000176A7B91580>, 'c_4': <agent.CityStatus object at 0x00000176A7B795B0>}
INFO:root:move='m u_11 n' will result in an error
INFO:root:self.city_dict={'c_1': <agent.CityStatus object at 0x00000176A7BB5FA0>, 'c_3': <agent.CityStatus object at 0x00000176A7B91580>, 'c_4': <agent.CityStatus object at 0x00000176A7B795B0>}
INFO:root:self.city_dict={'c_1': <agent.CityStatus object at 0x00000176A7BB5FA0>, 'c_3': <agent.CityStatus object at 0x00000176A7B91580>, 'c_4': <agent.CityStatus object at 0x00000176A7B795B0>}
INFO:root:self.city_dict={'c_1': <agent.CityStatus object at 0x00000176A7BB5FA0>, 'c_3': <agent.CityStatus object at 0x00000176A7B91580>, 'c_4': <agent.CityStatus object at 0x00000176A7B795B0>}
INFO:root:self.city_dict={'c_1': <agent.CityStatus object at 0x00000176A7BB5FA0>, 'c_3': <agent.CityStatus object at 0x00000176A7B91580>, 'c_4': <agent.CityStatus object at 0x00000176A7B795B0>}
INFO:root:self.city_dict={'c_1': <agent.CityStatus object at 0x00000176A7BB5FA0>, 'c_3': <agent.CityStatus object at 0x00000176A7B91580>, 'c_4': <agent.CityStatus object at 0x00000176A7B795B0>}
INFO:root:self.city_dict={'c_1': <agent.CityStatus object at 0x00000176A7BB5FA0>, 'c_3': <agent.CityStatus object at 0x00000176A7B91580>, 'c_4': <agent.CityStatus object at 0x00000176A7B795B0>}
INFO:root:self.city_dict={'c_1': <agent.CityStatus object at 0x00000176A7BB5FA0>, 'c_3': <agent.CityStatus object at 0x00000176A7B91580>, 'c_4': <agent.CityStatus object at 0x00000176A7B795B0>}
INFO:root:self.city_dict={'c_1': <agent.CityStatus object at 0x00000176A7BB5FA0>, 'c_3': <agent.CityStatus object at 0x00000176A7B91580>, 'c_4': <agent.CityStatus object at 0x00000176A7B795B0>}
INFO:root:self.city_dict={'c_1': <agent.CityStatus object at 0x00000176A7BB5FA0>, 'c_3': <agent.CityStatus object at 0x00000176A7B91580>, 'c_4': <agent.CityStatus object at 0x00000176A7B795B0>}
INFO:root:self.city_dict={'c_1': <agent.CityStatus object at 0x00000176A7BB5FA0>, 'c_3': <agent.CityStatus object at 0x00000176A7B91580>, 'c_4': <agent.CityStatus object at 0x00000176A7B795B0>}
INFO:root:self.city_dict={'c_1': <agent.CityStatus object at 0x00000176A7BB5FA0>, 'c_3': <agent.CityStatus object at 0x00000176A7B91580>, 'c_4': <agent.CityStatus object at 0x00000176A7B795B0>}
INFO:root:self.city_dict={'c_1': <agent.CityStatus object at 0x00000176A7BB5FA0>, 'c_3': <agent.CityStatus object at 0x00000176A7B91580>, 'c_4': <agent.CityStatus object at 0x00000176A7B795B0>}
INFO:root:self.city_dict={'c_1': <agent.CityStatus object at 0x00000176A7BB5FA0>, 'c_3': <agent.CityStatus object at 0x00000176A7B91580>, 'c_4': <agent.CityStatus object at 0x00000176A7B795B0>}
INFO:root:self.city_dict={'c_1': <agent.CityStatus object at 0x00000176A7BB5FA0>, 'c_3': <agent.CityStatus object at 0x00000176A7B91580>, 'c_4': <agent.CityStatus object at 0x00000176A7B795B0>}
INFO:root:self.city_dict={'c_1': <agent.CityStatus object at 0x00000176A7BB5FA0>, 'c_3': <agent.CityStatus object at 0x00000176A7B91580>, 'c_4': <agent.CityStatus object at 0x00000176A7B795B0>}
INFO:root:self.city_dict={'c_1': <agent.CityStatus object at 0x00000176A7BB5FA0>, 'c_3': <agent.CityStatus object at 0x00000176A7B91580>, 'c_4': <agent.CityStatus object at 0x00000176A7B795B0>}
INFO:root:self.city_dict={'c_1': <agent.CityStatus object at 0x00000176A7BB5FA0>, 'c_3': <agent.CityStatus object at 0x00000176A7B91580>, 'c_4': <agent.CityStatus object at 0x00000176A7B795B0>}
INFO:root:self.city_dict={'c_1': <agent.CityStatus object at 0x00000176A7BB5FA0>, 'c_3': <agent.CityStatus object at 0x00000176A7B91580>, 'c_4': <agent.CityStatus object at 0x00000176A7B795B0>}
INFO:root:self.city_dict={'c_1': <agent.CityStatus object at 0x00000176A7BB5FA0>, 'c_3': <agent.CityStatus object at 0x00000176A7B91580>, 'c_4': <agent.CityStatus object at 0x00000176A7B795B0>}
INFO:root:self.city_dict={'c_1': <agent.CityStatus object at 0x00000176A7BB5FA0>, 'c_3': <agent.CityStatus object at 0x00000176A7B91580>, 'c_4': <agent.CityStatus object at 0x00000176A7B795B0>}
INFO:root:self.city_dict={'c_1': <agent.CityStatus object at 0x00000176A7BB5FA0>, 'c_3': <agent.CityStatus object at 0x00000176A7B91580>, 'c_4': <agent.CityStatus object at 0x00000176A7B795B0>}
INFO:root:self.city_dict={'c_1': <agent.CityStatus object at 0x00000176A7BB5FA0>, 'c_3': <agent.CityStatus object at 0x00000176A7B91580>, 'c_4': <agent.CityStatus object at 0x00000176A7B795B0>, 'c_6': <agent.CityStatus object at 0x00000176A7B4A700>}
INFO:root:move='m u_11 w' will result in an error
INFO:root:self.city_dict={'c_1': <agent.CityStatus object at 0x00000176A7BB5FA0>, 'c_3': <agent.CityStatus object at 0x00000176A7B91580>, 'c_4': <agent.CityStatus object at 0x00000176A7B795B0>, 'c_6': <agent.CityStatus object at 0x00000176A7B4A700>}
INFO:root:self.city_dict={'c_1': <agent.CityStatus object at 0x00000176A7BB5FA0>, 'c_3': <agent.CityStatus object at 0x00000176A7B91580>, 'c_4': <agent.CityStatus object at 0x00000176A7B795B0>, 'c_6': <agent.CityStatus object at 0x00000176A7B4A700>}
INFO:root:self.city_dict={'c_1': <agent.CityStatus object at 0x00000176A7BB5FA0>, 'c_3': <agent.CityStatus object at 0x00000176A7B91580>, 'c_4': <agent.CityStatus object at 0x00000176A7B795B0>, 'c_6': <agent.CityStatus object at 0x00000176A7B4A700>}
INFO:root:self.city_dict={'c_1': <agent.CityStatus object at 0x00000176A7BB5FA0>, 'c_3': <agent.CityStatus object at 0x00000176A7B91580>, 'c_4': <agent.CityStatus object at 0x00000176A7B795B0>, 'c_6': <agent.CityStatus object at 0x00000176A7B4A700>}
INFO:root:self.city_dict={'c_1': <agent.CityStatus object at 0x00000176A7BB5FA0>, 'c_3': <agent.CityStatus object at 0x00000176A7B91580>, 'c_4': <agent.CityStatus object at 0x00000176A7B795B0>, 'c_6': <agent.CityStatus object at 0x00000176A7B4A700>}
INFO:root:move='m u_15 w' will result in an error
INFO:root:self.city_dict={'c_1': <agent.CityStatus object at 0x00000176A7BB5FA0>, 'c_3': <agent.CityStatus object at 0x00000176A7B91580>, 'c_4': <agent.CityStatus object at 0x00000176A7B795B0>, 'c_6': <agent.CityStatus object at 0x00000176A7B4A700>}
INFO:root:move='m u_6 s' will result in an error
INFO:root:move='m u_15 w' will result in an error
INFO:root:move='m u_20 e' will result in an error
INFO:root:self.city_dict={'c_1': <agent.CityStatus object at 0x00000176A7BB5FA0>, 'c_3': <agent.CityStatus object at 0x00000176A7B91580>, 'c_4': <agent.CityStatus object at 0x00000176A7B795B0>, 'c_6': <agent.CityStatus object at 0x00000176A7B4A700>}
INFO:root:move='m u_15 e' will result in an error
INFO:root:self.city_dict={'c_1': <agent.CityStatus object at 0x00000176A7BB5FA0>, 'c_3': <agent.CityStatus object at 0x00000176A7B91580>, 'c_4': <agent.CityStatus object at 0x00000176A7B795B0>, 'c_6': <agent.CityStatus object at 0x00000176A7B4A700>}
INFO:root:move='m u_13 n' will result in an error
INFO:root:move='m u_15 e' will result in an error
INFO:root:self.city_dict={'c_1': <agent.CityStatus object at 0x00000176A7BB5FA0>, 'c_3': <agent.CityStatus object at 0x00000176A7B91580>, 'c_4': <agent.CityStatus object at 0x00000176A7B795B0>, 'c_6': <agent.CityStatus object at 0x00000176A7B4A700>}
INFO:root:self.city_dict={'c_1': <agent.CityStatus object at 0x00000176A7BB5FA0>, 'c_3': <agent.CityStatus object at 0x00000176A7B91580>, 'c_4': <agent.CityStatus object at 0x00000176A7B795B0>, 'c_6': <agent.CityStatus object at 0x00000176A7B4A700>}
INFO:root:move='m u_20 e' will result in an error
INFO:root:self.city_dict={'c_1': <agent.CityStatus object at 0x00000176A7BB5FA0>, 'c_3': <agent.CityStatus object at 0x00000176A7B91580>, 'c_4': <agent.CityStatus object at 0x00000176A7B795B0>, 'c_6': <agent.CityStatus object at 0x00000176A7B4A700>}
INFO:root:move='m u_15 n' will result in an error
INFO:root:move='m u_20 e' will result in an error
INFO:root:self.city_dict={'c_1': <agent.CityStatus object at 0x00000176A7BB5FA0>, 'c_3': <agent.CityStatus object at 0x00000176A7B91580>, 'c_4': <agent.CityStatus object at 0x00000176A7B795B0>, 'c_6': <agent.CityStatus object at 0x00000176A7B4A700>}
INFO:root:self.city_dict={'c_1': <agent.CityStatus object at 0x00000176A7BB5FA0>, 'c_3': <agent.CityStatus object at 0x00000176A7B91580>, 'c_4': <agent.CityStatus object at 0x00000176A7B795B0>, 'c_6': <agent.CityStatus object at 0x00000176A7B4A700>}
INFO:root:self.city_dict={'c_1': <agent.CityStatus object at 0x00000176A7BB5FA0>, 'c_3': <agent.CityStatus object at 0x00000176A7B91580>, 'c_4': <agent.CityStatus object at 0x00000176A7B795B0>, 'c_6': <agent.CityStatus object at 0x00000176A7B4A700>}
INFO:root:self.city_dict={'c_1': <agent.CityStatus object at 0x00000176A7BB5FA0>, 'c_3': <agent.CityStatus object at 0x00000176A7B91580>, 'c_4': <agent.CityStatus object at 0x00000176A7B795B0>, 'c_6': <agent.CityStatus object at 0x00000176A7B4A700>}
INFO:root:move='m u_20 n' will result in an error
INFO:root:self.city_dict={'c_1': <agent.CityStatus object at 0x00000176A7BB5FA0>, 'c_3': <agent.CityStatus object at 0x00000176A7B91580>, 'c_4': <agent.CityStatus object at 0x00000176A7B795B0>, 'c_6': <agent.CityStatus object at 0x00000176A7B4A700>}
INFO:root:self.city_dict={'c_1': <agent.CityStatus object at 0x00000176A7BB5FA0>, 'c_3': <agent.CityStatus object at 0x00000176A7B91580>, 'c_4': <agent.CityStatus object at 0x00000176A7B795B0>, 'c_6': <agent.CityStatus object at 0x00000176A7B4A700>}
INFO:root:move='m u_20 n' will result in an error
INFO:root:self.city_dict={'c_1': <agent.CityStatus object at 0x00000176A7BB5FA0>, 'c_3': <agent.CityStatus object at 0x00000176A7B91580>, 'c_4': <agent.CityStatus object at 0x00000176A7B795B0>, 'c_6': <agent.CityStatus object at 0x00000176A7B4A700>}
INFO:root:self.city_dict={'c_1': <agent.CityStatus object at 0x00000176A7BB5FA0>, 'c_3': <agent.CityStatus object at 0x00000176A7B91580>, 'c_4': <agent.CityStatus object at 0x00000176A7B795B0>, 'c_6': <agent.CityStatus object at 0x00000176A7B4A700>}
INFO:root:move='m u_13 n' will result in an error
INFO:root:self.city_dict={'c_1': <agent.CityStatus object at 0x00000176A7BB5FA0>, 'c_3': <agent.CityStatus object at 0x00000176A7B91580>, 'c_4': <agent.CityStatus object at 0x00000176A7B795B0>, 'c_6': <agent.CityStatus object at 0x00000176A7B4A700>}
INFO:root:move='m u_11 n' will result in an error
INFO:root:move='m u_13 n' will result in an error
INFO:root:move='m u_22 s' will result in an error
INFO:root:self.city_dict={'c_1': <agent.CityStatus object at 0x00000176A7BB5FA0>, 'c_3': <agent.CityStatus object at 0x00000176A7B91580>, 'c_4': <agent.CityStatus object at 0x00000176A7B795B0>, 'c_6': <agent.CityStatus object at 0x00000176A7B4A700>}
INFO:root:self.city_dict={'c_1': <agent.CityStatus object at 0x00000176A7BB5FA0>, 'c_3': <agent.CityStatus object at 0x00000176A7B91580>, 'c_4': <agent.CityStatus object at 0x00000176A7B795B0>, 'c_6': <agent.CityStatus object at 0x00000176A7B4A700>}
INFO:root:self.city_dict={'c_1': <agent.CityStatus object at 0x00000176A7BB5FA0>, 'c_3': <agent.CityStatus object at 0x00000176A7B91580>, 'c_4': <agent.CityStatus object at 0x00000176A7B795B0>, 'c_6': <agent.CityStatus object at 0x00000176A7B4A700>}
INFO:root:self.city_dict={'c_1': <agent.CityStatus object at 0x00000176A7BB5FA0>, 'c_3': <agent.CityStatus object at 0x00000176A7B91580>, 'c_4': <agent.CityStatus object at 0x00000176A7B795B0>, 'c_6': <agent.CityStatus object at 0x00000176A7B4A700>}
INFO:root:self.city_dict={'c_1': <agent.CityStatus object at 0x00000176A7BB5FA0>, 'c_3': <agent.CityStatus object at 0x00000176A7B91580>, 'c_4': <agent.CityStatus object at 0x00000176A7B795B0>, 'c_6': <agent.CityStatus object at 0x00000176A7B4A700>}
INFO:root:self.city_dict={'c_1': <agent.CityStatus object at 0x00000176A7BB5FA0>, 'c_3': <agent.CityStatus object at 0x00000176A7B91580>, 'c_4': <agent.CityStatus object at 0x00000176A7B795B0>, 'c_6': <agent.CityStatus object at 0x00000176A7B4A700>}
INFO:root:self.city_dict={'c_1': <agent.CityStatus object at 0x00000176A7BB5FA0>, 'c_3': <agent.CityStatus object at 0x00000176A7B91580>, 'c_4': <agent.CityStatus object at 0x00000176A7B795B0>, 'c_6': <agent.CityStatus object at 0x00000176A7B4A700>}
INFO:root:self.city_dict={'c_1': <agent.CityStatus object at 0x00000176A7BB5FA0>, 'c_3': <agent.CityStatus object at 0x00000176A7B91580>, 'c_4': <agent.CityStatus object at 0x00000176A7B795B0>, 'c_6': <agent.CityStatus object at 0x00000176A7B4A700>}
INFO:root:self.city_dict={'c_1': <agent.CityStatus object at 0x00000176A7BB5FA0>, 'c_3': <agent.CityStatus object at 0x00000176A7B91580>, 'c_4': <agent.CityStatus object at 0x00000176A7B795B0>, 'c_6': <agent.CityStatus object at 0x00000176A7B4A700>}
INFO:root:self.city_dict={'c_1': <agent.CityStatus object at 0x00000176A7BB5FA0>, 'c_3': <agent.CityStatus object at 0x00000176A7B91580>, 'c_4': <agent.CityStatus object at 0x00000176A7B795B0>, 'c_6': <agent.CityStatus object at 0x00000176A7B4A700>}
INFO:root:self.city_dict={'c_1': <agent.CityStatus object at 0x00000176A7BB5FA0>, 'c_3': <agent.CityStatus object at 0x00000176A7B91580>, 'c_4': <agent.CityStatus object at 0x00000176A7B795B0>, 'c_6': <agent.CityStatus object at 0x00000176A7B4A700>}
INFO:root:self.city_dict={'c_1': <agent.CityStatus object at 0x00000176A7BB5FA0>, 'c_3': <agent.CityStatus object at 0x00000176A7B91580>, 'c_4': <agent.CityStatus object at 0x00000176A7B795B0>, 'c_6': <agent.CityStatus object at 0x00000176A7B4A700>}
INFO:root:self.city_dict={'c_1': <agent.CityStatus object at 0x00000176A7BB5FA0>, 'c_3': <agent.CityStatus object at 0x00000176A7B91580>, 'c_4': <agent.CityStatus object at 0x00000176A7B795B0>, 'c_6': <agent.CityStatus object at 0x00000176A7B4A700>}
INFO:root:self.city_dict={'c_1': <agent.CityStatus object at 0x00000176A7BB5FA0>, 'c_3': <agent.CityStatus object at 0x00000176A7B91580>, 'c_4': <agent.CityStatus object at 0x00000176A7B795B0>, 'c_6': <agent.CityStatus object at 0x00000176A7B4A700>}
INFO:root:self.city_dict={'c_1': <agent.CityStatus object at 0x00000176A7BB5FA0>, 'c_3': <agent.CityStatus object at 0x00000176A7B91580>, 'c_4': <agent.CityStatus object at 0x00000176A7B795B0>, 'c_6': <agent.CityStatus object at 0x00000176A7B4A700>}
INFO:root:move='m u_11 w' will result in an error
INFO:root:self.city_dict={'c_1': <agent.CityStatus object at 0x00000176A7BB5FA0>, 'c_3': <agent.CityStatus object at 0x00000176A7B91580>, 'c_4': <agent.CityStatus object at 0x00000176A7B795B0>, 'c_6': <agent.CityStatus object at 0x00000176A7B4A700>}
INFO:root:self.city_dict={'c_1': <agent.CityStatus object at 0x00000176A7BB5FA0>, 'c_3': <agent.CityStatus object at 0x00000176A7B91580>, 'c_4': <agent.CityStatus object at 0x00000176A7B795B0>, 'c_6': <agent.CityStatus object at 0x00000176A7B4A700>}
INFO:root:self.city_dict={'c_1': <agent.CityStatus object at 0x00000176A7BB5FA0>, 'c_3': <agent.CityStatus object at 0x00000176A7B91580>, 'c_4': <agent.CityStatus object at 0x00000176A7B795B0>, 'c_6': <agent.CityStatus object at 0x00000176A7B4A700>}
INFO:root:move='m u_11 w' will result in an error
INFO:root:self.city_dict={'c_1': <agent.CityStatus object at 0x00000176A7BB5FA0>, 'c_3': <agent.CityStatus object at 0x00000176A7B91580>, 'c_4': <agent.CityStatus object at 0x00000176A7B795B0>, 'c_6': <agent.CityStatus object at 0x00000176A7B4A700>}
INFO:root:self.city_dict={'c_1': <agent.CityStatus object at 0x00000176A7BB5FA0>, 'c_3': <agent.CityStatus object at 0x00000176A7B91580>, 'c_4': <agent.CityStatus object at 0x00000176A7B795B0>, 'c_6': <agent.CityStatus object at 0x00000176A7B4A700>}
INFO:root:self.city_dict={'c_1': <agent.CityStatus object at 0x00000176A7BB5FA0>, 'c_3': <agent.CityStatus object at 0x00000176A7B91580>, 'c_4': <agent.CityStatus object at 0x00000176A7B795B0>, 'c_6': <agent.CityStatus object at 0x00000176A7B4A700>}
INFO:root:move='m u_18 e' will result in an error
INFO:root:self.city_dict={'c_1': <agent.CityStatus object at 0x00000176A7BB5FA0>, 'c_3': <agent.CityStatus object at 0x00000176A7B91580>, 'c_4': <agent.CityStatus object at 0x00000176A7B795B0>, 'c_6': <agent.CityStatus object at 0x00000176A7B4A700>}
INFO:root:move='m u_6 s' will result in an error
INFO:root:self.city_dict={'c_1': <agent.CityStatus object at 0x00000176A7BB5FA0>, 'c_3': <agent.CityStatus object at 0x00000176A7B91580>, 'c_4': <agent.CityStatus object at 0x00000176A7B795B0>, 'c_6': <agent.CityStatus object at 0x00000176A7B4A700>}
INFO:root:move='m u_11 w' will result in an error
INFO:root:self.city_dict={'c_1': <agent.CityStatus object at 0x00000176A7BB5FA0>, 'c_3': <agent.CityStatus object at 0x00000176A7B91580>, 'c_4': <agent.CityStatus object at 0x00000176A7B795B0>, 'c_6': <agent.CityStatus object at 0x00000176A7B4A700>}
INFO:root:self.city_dict={'c_1': <agent.CityStatus object at 0x00000176A7BB5FA0>, 'c_3': <agent.CityStatus object at 0x00000176A7B91580>, 'c_4': <agent.CityStatus object at 0x00000176A7B795B0>, 'c_6': <agent.CityStatus object at 0x00000176A7B4A700>}
INFO:root:move='m u_18 e' will result in an error
INFO:root:self.city_dict={'c_1': <agent.CityStatus object at 0x00000176A7BB5FA0>, 'c_3': <agent.CityStatus object at 0x00000176A7B91580>, 'c_4': <agent.CityStatus object at 0x00000176A7B795B0>, 'c_6': <agent.CityStatus object at 0x00000176A7B4A700>}
INFO:root:move='m u_6 s' will result in an error
INFO:root:move='m u_18 e' will result in an error
INFO:root:self.city_dict={'c_1': <agent.CityStatus object at 0x00000176A7BB5FA0>, 'c_3': <agent.CityStatus object at 0x00000176A7B91580>, 'c_4': <agent.CityStatus object at 0x00000176A7B795B0>, 'c_6': <agent.CityStatus object at 0x00000176A7B4A700>}
INFO:root:move='m u_11 w' will result in an error
INFO:root:self.city_dict={'c_1': <agent.CityStatus object at 0x00000176A7BB5FA0>, 'c_3': <agent.CityStatus object at 0x00000176A7B91580>, 'c_4': <agent.CityStatus object at 0x00000176A7B795B0>, 'c_6': <agent.CityStatus object at 0x00000176A7B4A700>}
INFO:root:move='m u_11 w' will result in an error
INFO:root:move='m u_24 w' will result in an error
INFO:root:self.city_dict={'c_1': <agent.CityStatus object at 0x00000176A7BB5FA0>, 'c_3': <agent.CityStatus object at 0x00000176A7B91580>, 'c_4': <agent.CityStatus object at 0x00000176A7B795B0>, 'c_6': <agent.CityStatus object at 0x00000176A7B4A700>, 'c_8': <agent.CityStatus object at 0x00000176A7B9DF10>}
INFO:root:move='m u_11 w' will result in an error
INFO:root:self.city_dict={'c_1': <agent.CityStatus object at 0x00000176A7BB5FA0>, 'c_3': <agent.CityStatus object at 0x00000176A7B91580>, 'c_4': <agent.CityStatus object at 0x00000176A7B795B0>, 'c_6': <agent.CityStatus object at 0x00000176A7B4A700>, 'c_8': <agent.CityStatus object at 0x00000176A7B9DF10>}
INFO:root:move='m u_6 s' will result in an error
INFO:root:move='m u_18 e' will result in an error
INFO:root:move='m u_22 s' will result in an error
INFO:root:self.city_dict={'c_1': <agent.CityStatus object at 0x00000176A7BB5FA0>, 'c_3': <agent.CityStatus object at 0x00000176A7B91580>, 'c_4': <agent.CityStatus object at 0x00000176A7B795B0>, 'c_6': <agent.CityStatus object at 0x00000176A7B4A700>, 'c_8': <agent.CityStatus object at 0x00000176A7B9DF10>}
INFO:root:move='m u_11 n' will result in an error
INFO:root:move='m u_22 s' will result in an error
INFO:root:self.city_dict={'c_1': <agent.CityStatus object at 0x00000176A7BB5FA0>, 'c_3': <agent.CityStatus object at 0x00000176A7B91580>, 'c_4': <agent.CityStatus object at 0x00000176A7B795B0>, 'c_6': <agent.CityStatus object at 0x00000176A7B4A700>, 'c_8': <agent.CityStatus object at 0x00000176A7B9DF10>}
INFO:root:move='m u_6 e' will result in an error
INFO:root:move='m u_18 e' will result in an error
INFO:root:self.city_dict={'c_1': <agent.CityStatus object at 0x00000176A7BB5FA0>, 'c_3': <agent.CityStatus object at 0x00000176A7B91580>, 'c_4': <agent.CityStatus object at 0x00000176A7B795B0>, 'c_6': <agent.CityStatus object at 0x00000176A7B4A700>, 'c_8': <agent.CityStatus object at 0x00000176A7B9DF10>}
INFO:root:self.city_dict={'c_1': <agent.CityStatus object at 0x00000176A7BB5FA0>, 'c_3': <agent.CityStatus object at 0x00000176A7B91580>, 'c_4': <agent.CityStatus object at 0x00000176A7B795B0>, 'c_6': <agent.CityStatus object at 0x00000176A7B4A700>, 'c_8': <agent.CityStatus object at 0x00000176A7B9DF10>}
INFO:root:move='m u_6 e' will result in an error
INFO:root:self.city_dict={'c_1': <agent.CityStatus object at 0x00000176A7BB5FA0>, 'c_3': <agent.CityStatus object at 0x00000176A7B91580>, 'c_4': <agent.CityStatus object at 0x00000176A7B795B0>, 'c_6': <agent.CityStatus object at 0x00000176A7B4A700>, 'c_8': <agent.CityStatus object at 0x00000176A7B9DF10>}
INFO:root:move='m u_11 w' will result in an error
INFO:root:self.city_dict={'c_1': <agent.CityStatus object at 0x00000176A7BB5FA0>, 'c_3': <agent.CityStatus object at 0x00000176A7B91580>, 'c_4': <agent.CityStatus object at 0x00000176A7B795B0>, 'c_6': <agent.CityStatus object at 0x00000176A7B4A700>, 'c_8': <agent.CityStatus object at 0x00000176A7B9DF10>}
INFO:root:move='m u_7 e' will result in an error
INFO:root:move='m u_24 n' will result in an error
INFO:root:self.city_dict={'c_1': <agent.CityStatus object at 0x00000176A7BB5FA0>, 'c_3': <agent.CityStatus object at 0x00000176A7B91580>, 'c_4': <agent.CityStatus object at 0x00000176A7B795B0>, 'c_6': <agent.CityStatus object at 0x00000176A7B4A700>, 'c_8': <agent.CityStatus object at 0x00000176A7B9DF10>}
INFO:root:self.city_dict={'c_1': <agent.CityStatus object at 0x00000176A7BB5FA0>, 'c_3': <agent.CityStatus object at 0x00000176A7B91580>, 'c_4': <agent.CityStatus object at 0x00000176A7B795B0>, 'c_6': <agent.CityStatus object at 0x00000176A7B4A700>, 'c_8': <agent.CityStatus object at 0x00000176A7B9DF10>}
INFO:root:move='m u_18 s' will result in an error
INFO:root:move='m u_24 n' will result in an error
INFO:root:self.city_dict={'c_1': <agent.CityStatus object at 0x00000176A7BB5FA0>, 'c_3': <agent.CityStatus object at 0x00000176A7B91580>, 'c_4': <agent.CityStatus object at 0x00000176A7B795B0>, 'c_6': <agent.CityStatus object at 0x00000176A7B4A700>, 'c_8': <agent.CityStatus object at 0x00000176A7B9DF10>}
INFO:root:move='m u_18 s' will result in an error
INFO:root:move='m u_24 n' will result in an error
INFO:root:self.city_dict={'c_1': <agent.CityStatus object at 0x00000176A7BB5FA0>, 'c_3': <agent.CityStatus object at 0x00000176A7B91580>, 'c_4': <agent.CityStatus object at 0x00000176A7B795B0>, 'c_6': <agent.CityStatus object at 0x00000176A7B4A700>, 'c_8': <agent.CityStatus object at 0x00000176A7B9DF10>}
INFO:root:move='m u_24 n' will result in an error
INFO:root:self.city_dict={'c_1': <agent.CityStatus object at 0x00000176A7BB5FA0>, 'c_3': <agent.CityStatus object at 0x00000176A7B91580>, 'c_4': <agent.CityStatus object at 0x00000176A7B795B0>, 'c_6': <agent.CityStatus object at 0x00000176A7B4A700>, 'c_8': <agent.CityStatus object at 0x00000176A7B9DF10>}
INFO:root:self.city_dict={'c_1': <agent.CityStatus object at 0x00000176A7BB5FA0>, 'c_3': <agent.CityStatus object at 0x00000176A7B91580>, 'c_4': <agent.CityStatus object at 0x00000176A7B795B0>, 'c_6': <agent.CityStatus object at 0x00000176A7B4A700>, 'c_8': <agent.CityStatus object at 0x00000176A7B9DF10>}
INFO:root:self.city_dict={'c_1': <agent.CityStatus object at 0x00000176A7BB5FA0>, 'c_3': <agent.CityStatus object at 0x00000176A7B91580>, 'c_4': <agent.CityStatus object at 0x00000176A7B795B0>, 'c_6': <agent.CityStatus object at 0x00000176A7B4A700>, 'c_8': <agent.CityStatus object at 0x00000176A7B9DF10>}
INFO:root:self.city_dict={'c_1': <agent.CityStatus object at 0x00000176A7BB5FA0>, 'c_3': <agent.CityStatus object at 0x00000176A7B91580>, 'c_4': <agent.CityStatus object at 0x00000176A7B795B0>, 'c_6': <agent.CityStatus object at 0x00000176A7B4A700>, 'c_8': <agent.CityStatus object at 0x00000176A7B9DF10>}
INFO:root:self.city_dict={'c_1': <agent.CityStatus object at 0x00000176A7BB5FA0>, 'c_3': <agent.CityStatus object at 0x00000176A7B91580>, 'c_4': <agent.CityStatus object at 0x00000176A7B795B0>, 'c_6': <agent.CityStatus object at 0x00000176A7B4A700>, 'c_8': <agent.CityStatus object at 0x00000176A7B9DF10>}
INFO:root:self.city_dict={'c_1': <agent.CityStatus object at 0x00000176A7BB5FA0>, 'c_3': <agent.CityStatus object at 0x00000176A7B91580>, 'c_4': <agent.CityStatus object at 0x00000176A7B795B0>, 'c_6': <agent.CityStatus object at 0x00000176A7B4A700>, 'c_8': <agent.CityStatus object at 0x00000176A7B9DF10>}
INFO:root:self.city_dict={'c_1': <agent.CityStatus object at 0x00000176A7BB5FA0>, 'c_3': <agent.CityStatus object at 0x00000176A7B91580>, 'c_4': <agent.CityStatus object at 0x00000176A7B795B0>, 'c_6': <agent.CityStatus object at 0x00000176A7B4A700>, 'c_8': <agent.CityStatus object at 0x00000176A7B9DF10>}
INFO:root:self.city_dict={'c_1': <agent.CityStatus object at 0x00000176A7BB5FA0>, 'c_3': <agent.CityStatus object at 0x00000176A7B91580>, 'c_4': <agent.CityStatus object at 0x00000176A7B795B0>, 'c_6': <agent.CityStatus object at 0x00000176A7B4A700>, 'c_8': <agent.CityStatus object at 0x00000176A7B9DF10>}
INFO:root:self.city_dict={'c_1': <agent.CityStatus object at 0x00000176A7BB5FA0>, 'c_3': <agent.CityStatus object at 0x00000176A7B91580>, 'c_4': <agent.CityStatus object at 0x00000176A7B795B0>, 'c_6': <agent.CityStatus object at 0x00000176A7B4A700>, 'c_8': <agent.CityStatus object at 0x00000176A7B9DF10>}
INFO:root:self.city_dict={'c_1': <agent.CityStatus object at 0x00000176A7BB5FA0>, 'c_3': <agent.CityStatus object at 0x00000176A7B91580>, 'c_4': <agent.CityStatus object at 0x00000176A7B795B0>, 'c_6': <agent.CityStatus object at 0x00000176A7B4A700>, 'c_8': <agent.CityStatus object at 0x00000176A7B9DF10>}
INFO:root:self.city_dict={'c_1': <agent.CityStatus object at 0x00000176A7BB5FA0>, 'c_3': <agent.CityStatus object at 0x00000176A7B91580>, 'c_4': <agent.CityStatus object at 0x00000176A7B795B0>, 'c_6': <agent.CityStatus object at 0x00000176A7B4A700>, 'c_8': <agent.CityStatus object at 0x00000176A7B9DF10>}
INFO:root:self.city_dict={'c_1': <agent.CityStatus object at 0x00000176A7BB5FA0>, 'c_3': <agent.CityStatus object at 0x00000176A7B91580>, 'c_4': <agent.CityStatus object at 0x00000176A7B795B0>, 'c_6': <agent.CityStatus object at 0x00000176A7B4A700>, 'c_8': <agent.CityStatus object at 0x00000176A7B9DF10>}
INFO:root:self.city_dict={'c_1': <agent.CityStatus object at 0x00000176A7BB5FA0>, 'c_3': <agent.CityStatus object at 0x00000176A7B91580>, 'c_4': <agent.CityStatus object at 0x00000176A7B795B0>, 'c_6': <agent.CityStatus object at 0x00000176A7B4A700>, 'c_8': <agent.CityStatus object at 0x00000176A7B9DF10>}
INFO:root:move='m u_6 s' will result in an error
INFO:root:self.city_dict={'c_1': <agent.CityStatus object at 0x00000176A7BB5FA0>, 'c_3': <agent.CityStatus object at 0x00000176A7B91580>, 'c_4': <agent.CityStatus object at 0x00000176A7B795B0>, 'c_6': <agent.CityStatus object at 0x00000176A7B4A700>, 'c_8': <agent.CityStatus object at 0x00000176A7B9DF10>}
INFO:root:move='m u_18 s' will result in an error
INFO:root:self.city_dict={'c_1': <agent.CityStatus object at 0x00000176A7BB5FA0>, 'c_3': <agent.CityStatus object at 0x00000176A7B91580>, 'c_4': <agent.CityStatus object at 0x00000176A7B795B0>, 'c_6': <agent.CityStatus object at 0x00000176A7B4A700>, 'c_8': <agent.CityStatus object at 0x00000176A7B9DF10>}
INFO:root:move='m u_6 e' will result in an error
INFO:root:self.city_dict={'c_1': <agent.CityStatus object at 0x00000176A7BB5FA0>, 'c_3': <agent.CityStatus object at 0x00000176A7B91580>, 'c_4': <agent.CityStatus object at 0x00000176A7B795B0>, 'c_6': <agent.CityStatus object at 0x00000176A7B4A700>, 'c_8': <agent.CityStatus object at 0x00000176A7B9DF10>}
INFO:root:move='m u_6 e' will result in an error
INFO:root:move='m u_24 e' will result in an error
INFO:root:self.city_dict={'c_1': <agent.CityStatus object at 0x00000176A7BB5FA0>, 'c_3': <agent.CityStatus object at 0x00000176A7B91580>, 'c_4': <agent.CityStatus object at 0x00000176A7B795B0>, 'c_6': <agent.CityStatus object at 0x00000176A7B4A700>, 'c_8': <agent.CityStatus object at 0x00000176A7B9DF10>}
INFO:root:move='m u_24 e' will result in an error
INFO:root:self.city_dict={'c_1': <agent.CityStatus object at 0x00000176A7BB5FA0>, 'c_3': <agent.CityStatus object at 0x00000176A7B91580>, 'c_4': <agent.CityStatus object at 0x00000176A7B795B0>, 'c_6': <agent.CityStatus object at 0x00000176A7B4A700>, 'c_8': <agent.CityStatus object at 0x00000176A7B9DF10>}
INFO:root:self.city_dict={'c_1': <agent.CityStatus object at 0x00000176A7BB5FA0>, 'c_3': <agent.CityStatus object at 0x00000176A7B91580>, 'c_4': <agent.CityStatus object at 0x00000176A7B795B0>, 'c_6': <agent.CityStatus object at 0x00000176A7B4A700>, 'c_8': <agent.CityStatus object at 0x00000176A7B9DF10>}
INFO:root:move='m u_22 s' will result in an error
INFO:root:move='m u_24 e' will result in an error
INFO:root:self.city_dict={'c_1': <agent.CityStatus object at 0x00000176A7BB5FA0>, 'c_3': <agent.CityStatus object at 0x00000176A7B91580>, 'c_4': <agent.CityStatus object at 0x00000176A7B795B0>, 'c_6': <agent.CityStatus object at 0x00000176A7B4A700>, 'c_8': <agent.CityStatus object at 0x00000176A7B9DF10>}
INFO:root:move='m u_6 e' will result in an error
INFO:root:move='m u_18 s' will result in an error
INFO:root:move='m u_24 e' will result in an error
INFO:root:self.city_dict={'c_1': <agent.CityStatus object at 0x00000176A7BB5FA0>, 'c_3': <agent.CityStatus object at 0x00000176A7B91580>, 'c_4': <agent.CityStatus object at 0x00000176A7B795B0>, 'c_6': <agent.CityStatus object at 0x00000176A7B4A700>, 'c_8': <agent.CityStatus object at 0x00000176A7B9DF10>}
INFO:root:move='m u_11 s' will result in an error
INFO:root:self.city_dict={'c_1': <agent.CityStatus object at 0x00000176A7BB5FA0>, 'c_3': <agent.CityStatus object at 0x00000176A7B91580>, 'c_4': <agent.CityStatus object at 0x00000176A7B795B0>, 'c_6': <agent.CityStatus object at 0x00000176A7B4A700>, 'c_8': <agent.CityStatus object at 0x00000176A7B9DF10>}
INFO:root:move='m u_11 s' will result in an error
INFO:root:self.city_dict={'c_1': <agent.CityStatus object at 0x00000176A7BB5FA0>, 'c_3': <agent.CityStatus object at 0x00000176A7B91580>, 'c_4': <agent.CityStatus object at 0x00000176A7B795B0>, 'c_6': <agent.CityStatus object at 0x00000176A7B4A700>, 'c_8': <agent.CityStatus object at 0x00000176A7B9DF10>}
INFO:root:move='m u_18 e' will result in an error
INFO:root:self.city_dict={'c_1': <agent.CityStatus object at 0x00000176A7BB5FA0>, 'c_3': <agent.CityStatus object at 0x00000176A7B91580>, 'c_4': <agent.CityStatus object at 0x00000176A7B795B0>, 'c_6': <agent.CityStatus object at 0x00000176A7B4A700>, 'c_8': <agent.CityStatus object at 0x00000176A7B9DF10>}
INFO:root:move='m u_18 e' will result in an error
INFO:root:move='m u_24 e' will result in an error
INFO:root:self.city_dict={'c_1': <agent.CityStatus object at 0x00000176A7BB5FA0>, 'c_3': <agent.CityStatus object at 0x00000176A7B91580>, 'c_4': <agent.CityStatus object at 0x00000176A7B795B0>, 'c_6': <agent.CityStatus object at 0x00000176A7B4A700>, 'c_8': <agent.CityStatus object at 0x00000176A7B9DF10>}
INFO:root:move='m u_18 e' will result in an error
INFO:root:move='m u_24 e' will result in an error
INFO:root:self.city_dict={'c_1': <agent.CityStatus object at 0x00000176A7BB5FA0>, 'c_3': <agent.CityStatus object at 0x00000176A7B91580>, 'c_4': <agent.CityStatus object at 0x00000176A7B795B0>, 'c_6': <agent.CityStatus object at 0x00000176A7B4A700>, 'c_8': <agent.CityStatus object at 0x00000176A7B9DF10>}
INFO:root:move='m u_18 e' will result in an error
INFO:root:self.city_dict={'c_1': <agent.CityStatus object at 0x00000176A7BB5FA0>, 'c_3': <agent.CityStatus object at 0x00000176A7B91580>, 'c_4': <agent.CityStatus object at 0x00000176A7B795B0>, 'c_6': <agent.CityStatus object at 0x00000176A7B4A700>, 'c_8': <agent.CityStatus object at 0x00000176A7B9DF10>}
INFO:root:move='m u_24 e' will result in an error
INFO:root:self.city_dict={'c_1': <agent.CityStatus object at 0x00000176A7BB5FA0>, 'c_3': <agent.CityStatus object at 0x00000176A7B91580>, 'c_4': <agent.CityStatus object at 0x00000176A7B795B0>, 'c_6': <agent.CityStatus object at 0x00000176A7B4A700>, 'c_8': <agent.CityStatus object at 0x00000176A7B9DF10>}
INFO:root:self.city_dict={'c_1': <agent.CityStatus object at 0x00000176A7BB5FA0>, 'c_3': <agent.CityStatus object at 0x00000176A7B91580>, 'c_4': <agent.CityStatus object at 0x00000176A7B795B0>, 'c_6': <agent.CityStatus object at 0x00000176A7B4A700>, 'c_8': <agent.CityStatus object at 0x00000176A7B9DF10>}
INFO:root:move='m u_25 s' will result in an error
INFO:root:self.city_dict={'c_1': <agent.CityStatus object at 0x00000176A7BB5FA0>, 'c_3': <agent.CityStatus object at 0x00000176A7B91580>, 'c_4': <agent.CityStatus object at 0x00000176A7B795B0>, 'c_6': <agent.CityStatus object at 0x00000176A7B4A700>, 'c_8': <agent.CityStatus object at 0x00000176A7B9DF10>}
INFO:root:move='m u_18 s' will result in an error
INFO:root:self.city_dict={'c_1': <agent.CityStatus object at 0x00000176A7BB5FA0>, 'c_3': <agent.CityStatus object at 0x00000176A7B91580>, 'c_4': <agent.CityStatus object at 0x00000176A7B795B0>, 'c_6': <agent.CityStatus object at 0x00000176A7B4A700>, 'c_8': <agent.CityStatus object at 0x00000176A7B9DF10>}
INFO:root:self.city_dict={'c_1': <agent.CityStatus object at 0x00000176A7BB5FA0>, 'c_3': <agent.CityStatus object at 0x00000176A7B91580>, 'c_4': <agent.CityStatus object at 0x00000176A7B795B0>, 'c_6': <agent.CityStatus object at 0x00000176A7B4A700>, 'c_8': <agent.CityStatus object at 0x00000176A7B9DF10>}
INFO:root:move='m u_25 s' will result in an error
INFO:root:self.city_dict={'c_1': <agent.CityStatus object at 0x00000176A7BB5FA0>, 'c_3': <agent.CityStatus object at 0x00000176A7B91580>, 'c_4': <agent.CityStatus object at 0x00000176A7B795B0>, 'c_6': <agent.CityStatus object at 0x00000176A7B4A700>, 'c_8': <agent.CityStatus object at 0x00000176A7B9DF10>}
INFO:root:self.city_dict={'c_1': <agent.CityStatus object at 0x00000176A7BB5FA0>, 'c_3': <agent.CityStatus object at 0x00000176A7B91580>, 'c_4': <agent.CityStatus object at 0x00000176A7B795B0>, 'c_6': <agent.CityStatus object at 0x00000176A7B4A700>, 'c_8': <agent.CityStatus object at 0x00000176A7B9DF10>}
INFO:root:self.city_dict={'c_1': <agent.CityStatus object at 0x00000176A7BB5FA0>, 'c_3': <agent.CityStatus object at 0x00000176A7B91580>, 'c_4': <agent.CityStatus object at 0x00000176A7B795B0>, 'c_6': <agent.CityStatus object at 0x00000176A7B4A700>, 'c_8': <agent.CityStatus object at 0x00000176A7B9DF10>}
INFO:root:self.city_dict={'c_1': <agent.CityStatus object at 0x00000176A7BB5FA0>, 'c_3': <agent.CityStatus object at 0x00000176A7B91580>, 'c_4': <agent.CityStatus object at 0x00000176A7B795B0>, 'c_6': <agent.CityStatus object at 0x00000176A7B4A700>, 'c_8': <agent.CityStatus object at 0x00000176A7B9DF10>}
INFO:root:self.city_dict={'c_1': <agent.CityStatus object at 0x00000176A7BB5FA0>, 'c_3': <agent.CityStatus object at 0x00000176A7B91580>, 'c_4': <agent.CityStatus object at 0x00000176A7B795B0>, 'c_6': <agent.CityStatus object at 0x00000176A7B4A700>, 'c_8': <agent.CityStatus object at 0x00000176A7B9DF10>}
INFO:root:self.city_dict={'c_1': <agent.CityStatus object at 0x00000176A7BB5FA0>, 'c_3': <agent.CityStatus object at 0x00000176A7B91580>, 'c_4': <agent.CityStatus object at 0x00000176A7B795B0>, 'c_6': <agent.CityStatus object at 0x00000176A7B4A700>, 'c_8': <agent.CityStatus object at 0x00000176A7B9DF10>}
INFO:root:move='m u_7 w' will result in an error
INFO:root:move='m u_18 n' will result in an error
INFO:root:move='m u_24 s' will result in an error
INFO:root:self.city_dict={'c_1': <agent.CityStatus object at 0x00000176A7BB5FA0>, 'c_3': <agent.CityStatus object at 0x00000176A7B91580>, 'c_4': <agent.CityStatus object at 0x00000176A7B795B0>, 'c_6': <agent.CityStatus object at 0x00000176A7B4A700>, 'c_8': <agent.CityStatus object at 0x00000176A7B9DF10>}
INFO:root:self.city_dict={'c_1': <agent.CityStatus object at 0x00000176A7BB5FA0>, 'c_3': <agent.CityStatus object at 0x00000176A7B91580>, 'c_4': <agent.CityStatus object at 0x00000176A7B795B0>, 'c_6': <agent.CityStatus object at 0x00000176A7B4A700>, 'c_8': <agent.CityStatus object at 0x00000176A7B9DF10>}
INFO:root:move='m u_18 n' will result in an error
INFO:root:self.city_dict={'c_1': <agent.CityStatus object at 0x00000176A7BB5FA0>, 'c_3': <agent.CityStatus object at 0x00000176A7B91580>, 'c_4': <agent.CityStatus object at 0x00000176A7B795B0>, 'c_6': <agent.CityStatus object at 0x00000176A7B4A700>, 'c_8': <agent.CityStatus object at 0x00000176A7B9DF10>}
INFO:root:self.city_dict={'c_1': <agent.CityStatus object at 0x00000176A7BB5FA0>, 'c_3': <agent.CityStatus object at 0x00000176A7B91580>, 'c_4': <agent.CityStatus object at 0x00000176A7B795B0>, 'c_6': <agent.CityStatus object at 0x00000176A7B4A700>, 'c_8': <agent.CityStatus object at 0x00000176A7B9DF10>}
INFO:root:self.city_dict={'c_1': <agent.CityStatus object at 0x00000176A7BB5FA0>, 'c_3': <agent.CityStatus object at 0x00000176A7B91580>, 'c_4': <agent.CityStatus object at 0x00000176A7B795B0>, 'c_6': <agent.CityStatus object at 0x00000176A7B4A700>, 'c_8': <agent.CityStatus object at 0x00000176A7B9DF10>}
INFO:root:self.city_dict={'c_1': <agent.CityStatus object at 0x00000176A7BB5FA0>, 'c_3': <agent.CityStatus object at 0x00000176A7B91580>, 'c_4': <agent.CityStatus object at 0x00000176A7B795B0>, 'c_6': <agent.CityStatus object at 0x00000176A7B4A700>, 'c_8': <agent.CityStatus object at 0x00000176A7B9DF10>}
INFO:root:self.city_dict={'c_1': <agent.CityStatus object at 0x00000176A7BB5FA0>, 'c_3': <agent.CityStatus object at 0x00000176A7B91580>, 'c_4': <agent.CityStatus object at 0x00000176A7B795B0>, 'c_6': <agent.CityStatus object at 0x00000176A7B4A700>, 'c_8': <agent.CityStatus object at 0x00000176A7B9DF10>}
INFO:root:self.city_dict={'c_1': <agent.CityStatus object at 0x00000176A7BB5FA0>, 'c_3': <agent.CityStatus object at 0x00000176A7B91580>, 'c_4': <agent.CityStatus object at 0x00000176A7B795B0>, 'c_6': <agent.CityStatus object at 0x00000176A7B4A700>, 'c_8': <agent.CityStatus object at 0x00000176A7B9DF10>}
INFO:root:self.city_dict={'c_1': <agent.CityStatus object at 0x00000176A7BB5FA0>, 'c_3': <agent.CityStatus object at 0x00000176A7B91580>, 'c_4': <agent.CityStatus object at 0x00000176A7B795B0>, 'c_6': <agent.CityStatus object at 0x00000176A7B4A700>, 'c_8': <agent.CityStatus object at 0x00000176A7B9DF10>}
INFO:root:self.city_dict={'c_1': <agent.CityStatus object at 0x00000176A7BB5FA0>, 'c_3': <agent.CityStatus object at 0x00000176A7B91580>, 'c_4': <agent.CityStatus object at 0x00000176A7B795B0>, 'c_6': <agent.CityStatus object at 0x00000176A7B4A700>, 'c_8': <agent.CityStatus object at 0x00000176A7B9DF10>}
INFO:root:self.city_dict={'c_1': <agent.CityStatus object at 0x00000176A7BB5FA0>, 'c_3': <agent.CityStatus object at 0x00000176A7B91580>, 'c_4': <agent.CityStatus object at 0x00000176A7B795B0>, 'c_6': <agent.CityStatus object at 0x00000176A7B4A700>, 'c_8': <agent.CityStatus object at 0x00000176A7B9DF10>}
INFO:root:self.city_dict={'c_1': <agent.CityStatus object at 0x00000176A7BB5FA0>, 'c_3': <agent.CityStatus object at 0x00000176A7B91580>, 'c_4': <agent.CityStatus object at 0x00000176A7B795B0>, 'c_6': <agent.CityStatus object at 0x00000176A7B4A700>, 'c_8': <agent.CityStatus object at 0x00000176A7B9DF10>}
INFO:root:self.city_dict={'c_1': <agent.CityStatus object at 0x00000176A7BB5FA0>, 'c_3': <agent.CityStatus object at 0x00000176A7B91580>, 'c_4': <agent.CityStatus object at 0x00000176A7B795B0>, 'c_6': <agent.CityStatus object at 0x00000176A7B4A700>, 'c_8': <agent.CityStatus object at 0x00000176A7B9DF10>}
INFO:root:self.city_dict={'c_1': <agent.CityStatus object at 0x00000176A7BB5FA0>, 'c_3': <agent.CityStatus object at 0x00000176A7B91580>, 'c_4': <agent.CityStatus object at 0x00000176A7B795B0>, 'c_6': <agent.CityStatus object at 0x00000176A7B4A700>, 'c_8': <agent.CityStatus object at 0x00000176A7B9DF10>}
INFO:root:self.city_dict={'c_1': <agent.CityStatus object at 0x00000176A7BB5FA0>, 'c_3': <agent.CityStatus object at 0x00000176A7B91580>, 'c_4': <agent.CityStatus object at 0x00000176A7B795B0>, 'c_6': <agent.CityStatus object at 0x00000176A7B4A700>, 'c_8': <agent.CityStatus object at 0x00000176A7B9DF10>}
INFO:root:self.city_dict={'c_1': <agent.CityStatus object at 0x00000176A7BB5FA0>, 'c_3': <agent.CityStatus object at 0x00000176A7B91580>, 'c_4': <agent.CityStatus object at 0x00000176A7B795B0>, 'c_6': <agent.CityStatus object at 0x00000176A7B4A700>, 'c_8': <agent.CityStatus object at 0x00000176A7B9DF10>}
INFO:root:move='m u_7 w' will result in an error
INFO:root:self.city_dict={'c_1': <agent.CityStatus object at 0x00000176A7BB5FA0>, 'c_3': <agent.CityStatus object at 0x00000176A7B91580>, 'c_4': <agent.CityStatus object at 0x00000176A7B795B0>, 'c_6': <agent.CityStatus object at 0x00000176A7B4A700>, 'c_8': <agent.CityStatus object at 0x00000176A7B9DF10>}
INFO:root:self.city_dict={'c_1': <agent.CityStatus object at 0x00000176A7BB5FA0>, 'c_3': <agent.CityStatus object at 0x00000176A7B91580>, 'c_4': <agent.CityStatus object at 0x00000176A7B795B0>, 'c_6': <agent.CityStatus object at 0x00000176A7B4A700>, 'c_8': <agent.CityStatus object at 0x00000176A7B9DF10>}
INFO:root:move='m u_6 s' will result in an error
INFO:root:self.city_dict={'c_1': <agent.CityStatus object at 0x00000176A7BB5FA0>, 'c_3': <agent.CityStatus object at 0x00000176A7B91580>, 'c_4': <agent.CityStatus object at 0x00000176A7B795B0>, 'c_6': <agent.CityStatus object at 0x00000176A7B4A700>, 'c_8': <agent.CityStatus object at 0x00000176A7B9DF10>}
INFO:root:self.city_dict={'c_1': <agent.CityStatus object at 0x00000176A7BB5FA0>, 'c_3': <agent.CityStatus object at 0x00000176A7B91580>, 'c_4': <agent.CityStatus object at 0x00000176A7B795B0>, 'c_6': <agent.CityStatus object at 0x00000176A7B4A700>, 'c_8': <agent.CityStatus object at 0x00000176A7B9DF10>}
INFO:root:move='m u_7 w' will result in an error
INFO:root:self.city_dict={'c_1': <agent.CityStatus object at 0x00000176A7BB5FA0>, 'c_3': <agent.CityStatus object at 0x00000176A7B91580>, 'c_4': <agent.CityStatus object at 0x00000176A7B795B0>, 'c_6': <agent.CityStatus object at 0x00000176A7B4A700>, 'c_8': <agent.CityStatus object at 0x00000176A7B9DF10>}
INFO:root:move='m u_7 w' will result in an error
INFO:root:self.city_dict={'c_1': <agent.CityStatus object at 0x00000176A7BB5FA0>, 'c_3': <agent.CityStatus object at 0x00000176A7B91580>, 'c_4': <agent.CityStatus object at 0x00000176A7B795B0>, 'c_6': <agent.CityStatus object at 0x00000176A7B4A700>, 'c_8': <agent.CityStatus object at 0x00000176A7B9DF10>}
INFO:root:move='m u_7 w' will result in an error
INFO:root:move='m u_11 s' will result in an error
INFO:root:move='m u_18 n' will result in an error
INFO:root:self.city_dict={'c_1': <agent.CityStatus object at 0x00000176A7BB5FA0>, 'c_3': <agent.CityStatus object at 0x00000176A7B91580>, 'c_4': <agent.CityStatus object at 0x00000176A7B795B0>, 'c_6': <agent.CityStatus object at 0x00000176A7B4A700>, 'c_8': <agent.CityStatus object at 0x00000176A7B9DF10>}
INFO:root:self.city_dict={'c_1': <agent.CityStatus object at 0x00000176A7BB5FA0>, 'c_3': <agent.CityStatus object at 0x00000176A7B91580>, 'c_4': <agent.CityStatus object at 0x00000176A7B795B0>, 'c_6': <agent.CityStatus object at 0x00000176A7B4A700>, 'c_8': <agent.CityStatus object at 0x00000176A7B9DF10>}
INFO:root:move='m u_22 s' will result in an error
INFO:root:self.city_dict={'c_1': <agent.CityStatus object at 0x00000176A7BB5FA0>, 'c_3': <agent.CityStatus object at 0x00000176A7B91580>, 'c_4': <agent.CityStatus object at 0x00000176A7B795B0>, 'c_6': <agent.CityStatus object at 0x00000176A7B4A700>, 'c_8': <agent.CityStatus object at 0x00000176A7B9DF10>}
INFO:root:move='m u_24 s' will result in an error
INFO:root:self.city_dict={'c_1': <agent.CityStatus object at 0x00000176A7BB5FA0>, 'c_3': <agent.CityStatus object at 0x00000176A7B91580>, 'c_4': <agent.CityStatus object at 0x00000176A7B795B0>, 'c_6': <agent.CityStatus object at 0x00000176A7B4A700>, 'c_8': <agent.CityStatus object at 0x00000176A7B9DF10>}
INFO:root:self.city_dict={'c_1': <agent.CityStatus object at 0x00000176A7BB5FA0>, 'c_3': <agent.CityStatus object at 0x00000176A7B91580>, 'c_4': <agent.CityStatus object at 0x00000176A7B795B0>, 'c_6': <agent.CityStatus object at 0x00000176A7B4A700>, 'c_8': <agent.CityStatus object at 0x00000176A7B9DF10>}
INFO:root:move='m u_18 s' will result in an error
INFO:root:move='m u_22 s' will result in an error
INFO:root:self.city_dict={'c_1': <agent.CityStatus object at 0x00000176A7BB5FA0>, 'c_3': <agent.CityStatus object at 0x00000176A7B91580>, 'c_4': <agent.CityStatus object at 0x00000176A7B795B0>, 'c_6': <agent.CityStatus object at 0x00000176A7B4A700>, 'c_8': <agent.CityStatus object at 0x00000176A7B9DF10>}
INFO:root:move='m u_24 s' will result in an error
INFO:root:self.city_dict={'c_1': <agent.CityStatus object at 0x00000176A7BB5FA0>, 'c_3': <agent.CityStatus object at 0x00000176A7B91580>, 'c_4': <agent.CityStatus object at 0x00000176A7B795B0>, 'c_6': <agent.CityStatus object at 0x00000176A7B4A700>, 'c_8': <agent.CityStatus object at 0x00000176A7B9DF10>}
INFO:root:self.city_dict={'c_1': <agent.CityStatus object at 0x00000176A7BB5FA0>, 'c_3': <agent.CityStatus object at 0x00000176A7B91580>, 'c_4': <agent.CityStatus object at 0x00000176A7B795B0>, 'c_6': <agent.CityStatus object at 0x00000176A7B4A700>, 'c_8': <agent.CityStatus object at 0x00000176A7B9DF10>}
INFO:root:move='m u_6 n' will result in an error
INFO:root:self.city_dict={'c_1': <agent.CityStatus object at 0x00000176A7BB5FA0>, 'c_3': <agent.CityStatus object at 0x00000176A7B91580>, 'c_4': <agent.CityStatus object at 0x00000176A7B795B0>, 'c_6': <agent.CityStatus object at 0x00000176A7B4A700>, 'c_8': <agent.CityStatus object at 0x00000176A7B9DF10>}
INFO:root:self.city_dict={'c_1': <agent.CityStatus object at 0x00000176A7BB5FA0>, 'c_3': <agent.CityStatus object at 0x00000176A7B91580>, 'c_4': <agent.CityStatus object at 0x00000176A7B795B0>, 'c_6': <agent.CityStatus object at 0x00000176A7B4A700>, 'c_8': <agent.CityStatus object at 0x00000176A7B9DF10>}
INFO:root:self.city_dict={'c_1': <agent.CityStatus object at 0x00000176A7BB5FA0>, 'c_3': <agent.CityStatus object at 0x00000176A7B91580>, 'c_4': <agent.CityStatus object at 0x00000176A7B795B0>, 'c_6': <agent.CityStatus object at 0x00000176A7B4A700>, 'c_8': <agent.CityStatus object at 0x00000176A7B9DF10>}
INFO:root:self.city_dict={'c_1': <agent.CityStatus object at 0x00000176A7BB5FA0>, 'c_3': <agent.CityStatus object at 0x00000176A7B91580>, 'c_4': <agent.CityStatus object at 0x00000176A7B795B0>, 'c_6': <agent.CityStatus object at 0x00000176A7B4A700>, 'c_8': <agent.CityStatus object at 0x00000176A7B9DF10>}
INFO:root:move='m u_18 n' will result in an error
INFO:root:move='m u_24 s' will result in an error
INFO:root:self.city_dict={'c_1': <agent.CityStatus object at 0x00000176A7BB5FA0>, 'c_3': <agent.CityStatus object at 0x00000176A7B91580>, 'c_4': <agent.CityStatus object at 0x00000176A7B795B0>, 'c_6': <agent.CityStatus object at 0x00000176A7B4A700>, 'c_8': <agent.CityStatus object at 0x00000176A7B9DF10>}
INFO:root:move='m u_11 n' will result in an error
INFO:root:self.city_dict={'c_1': <agent.CityStatus object at 0x00000176A7BB5FA0>, 'c_3': <agent.CityStatus object at 0x00000176A7B91580>, 'c_4': <agent.CityStatus object at 0x00000176A7B795B0>, 'c_6': <agent.CityStatus object at 0x00000176A7B4A700>, 'c_8': <agent.CityStatus object at 0x00000176A7B9DF10>}
INFO:root:self.city_dict={'c_1': <agent.CityStatus object at 0x00000176A7BB5FA0>, 'c_3': <agent.CityStatus object at 0x00000176A7B91580>, 'c_4': <agent.CityStatus object at 0x00000176A7B795B0>, 'c_6': <agent.CityStatus object at 0x00000176A7B4A700>, 'c_8': <agent.CityStatus object at 0x00000176A7B9DF10>}
INFO:root:self.city_dict={'c_1': <agent.CityStatus object at 0x00000176A7BB5FA0>, 'c_3': <agent.CityStatus object at 0x00000176A7B91580>, 'c_4': <agent.CityStatus object at 0x00000176A7B795B0>, 'c_6': <agent.CityStatus object at 0x00000176A7B4A700>, 'c_8': <agent.CityStatus object at 0x00000176A7B9DF10>}
INFO:root:self.city_dict={'c_1': <agent.CityStatus object at 0x00000176A7BB5FA0>, 'c_3': <agent.CityStatus object at 0x00000176A7B91580>, 'c_4': <agent.CityStatus object at 0x00000176A7B795B0>, 'c_6': <agent.CityStatus object at 0x00000176A7B4A700>, 'c_8': <agent.CityStatus object at 0x00000176A7B9DF10>}
INFO:root:move='m u_24 n' will result in an error
INFO:root:self.city_dict={'c_1': <agent.CityStatus object at 0x00000176A7BB5FA0>, 'c_3': <agent.CityStatus object at 0x00000176A7B91580>, 'c_4': <agent.CityStatus object at 0x00000176A7B795B0>, 'c_6': <agent.CityStatus object at 0x00000176A7B4A700>, 'c_8': <agent.CityStatus object at 0x00000176A7B9DF10>}
INFO:root:self.city_dict={'c_1': <agent.CityStatus object at 0x00000176A7BB5FA0>, 'c_3': <agent.CityStatus object at 0x00000176A7B91580>, 'c_4': <agent.CityStatus object at 0x00000176A7B795B0>, 'c_6': <agent.CityStatus object at 0x00000176A7B4A700>, 'c_8': <agent.CityStatus object at 0x00000176A7B9DF10>}
INFO:root:move='m u_24 n' will result in an error
INFO:root:self.city_dict={'c_1': <agent.CityStatus object at 0x00000176A7BB5FA0>, 'c_3': <agent.CityStatus object at 0x00000176A7B91580>, 'c_4': <agent.CityStatus object at 0x00000176A7B795B0>, 'c_6': <agent.CityStatus object at 0x00000176A7B4A700>, 'c_8': <agent.CityStatus object at 0x00000176A7B9DF10>}
INFO:root:move='m u_6 s' will result in an error
INFO:root:self.city_dict={'c_1': <agent.CityStatus object at 0x00000176A7BB5FA0>, 'c_3': <agent.CityStatus object at 0x00000176A7B91580>, 'c_4': <agent.CityStatus object at 0x00000176A7B795B0>, 'c_6': <agent.CityStatus object at 0x00000176A7B4A700>, 'c_8': <agent.CityStatus object at 0x00000176A7B9DF10>}
INFO:root:self.city_dict={'c_1': <agent.CityStatus object at 0x00000176A7BB5FA0>, 'c_3': <agent.CityStatus object at 0x00000176A7B91580>, 'c_4': <agent.CityStatus object at 0x00000176A7B795B0>, 'c_6': <agent.CityStatus object at 0x00000176A7B4A700>, 'c_8': <agent.CityStatus object at 0x00000176A7B9DF10>}
INFO:root:self.city_dict={'c_1': <agent.CityStatus object at 0x00000176A7BB5FA0>, 'c_3': <agent.CityStatus object at 0x00000176A7B91580>, 'c_4': <agent.CityStatus object at 0x00000176A7B795B0>, 'c_6': <agent.CityStatus object at 0x00000176A7B4A700>, 'c_8': <agent.CityStatus object at 0x00000176A7B9DF10>}
INFO:root:self.city_dict={'c_1': <agent.CityStatus object at 0x00000176A7BB5FA0>, 'c_3': <agent.CityStatus object at 0x00000176A7B91580>, 'c_4': <agent.CityStatus object at 0x00000176A7B795B0>, 'c_6': <agent.CityStatus object at 0x00000176A7B4A700>, 'c_8': <agent.CityStatus object at 0x00000176A7B9DF10>}
INFO:root:self.city_dict={'c_1': <agent.CityStatus object at 0x00000176A7BB5FA0>, 'c_3': <agent.CityStatus object at 0x00000176A7B91580>, 'c_4': <agent.CityStatus object at 0x00000176A7B795B0>, 'c_6': <agent.CityStatus object at 0x00000176A7B4A700>, 'c_8': <agent.CityStatus object at 0x00000176A7B9DF10>}
INFO:root:self.city_dict={'c_1': <agent.CityStatus object at 0x00000176A7BB5FA0>, 'c_3': <agent.CityStatus object at 0x00000176A7B91580>, 'c_4': <agent.CityStatus object at 0x00000176A7B795B0>, 'c_6': <agent.CityStatus object at 0x00000176A7B4A700>, 'c_8': <agent.CityStatus object at 0x00000176A7B9DF10>}
INFO:root:self.city_dict={'c_1': <agent.CityStatus object at 0x00000176A7BB5FA0>, 'c_3': <agent.CityStatus object at 0x00000176A7B91580>, 'c_4': <agent.CityStatus object at 0x00000176A7B795B0>, 'c_6': <agent.CityStatus object at 0x00000176A7B4A700>, 'c_8': <agent.CityStatus object at 0x00000176A7B9DF10>}
INFO:root:self.city_dict={'c_1': <agent.CityStatus object at 0x00000176A7BB5FA0>, 'c_3': <agent.CityStatus object at 0x00000176A7B91580>, 'c_4': <agent.CityStatus object at 0x00000176A7B795B0>, 'c_6': <agent.CityStatus object at 0x00000176A7B4A700>, 'c_8': <agent.CityStatus object at 0x00000176A7B9DF10>}
INFO:root:self.city_dict={'c_1': <agent.CityStatus object at 0x00000176A7BB5FA0>, 'c_3': <agent.CityStatus object at 0x00000176A7B91580>, 'c_4': <agent.CityStatus object at 0x00000176A7B795B0>, 'c_6': <agent.CityStatus object at 0x00000176A7B4A700>, 'c_8': <agent.CityStatus object at 0x00000176A7B9DF10>}
INFO:root:self.city_dict={'c_1': <agent.CityStatus object at 0x00000176A7BB5FA0>, 'c_3': <agent.CityStatus object at 0x00000176A7B91580>, 'c_4': <agent.CityStatus object at 0x00000176A7B795B0>, 'c_6': <agent.CityStatus object at 0x00000176A7B4A700>, 'c_8': <agent.CityStatus object at 0x00000176A7B9DF10>}
INFO:root:self.city_dict={'c_1': <agent.CityStatus object at 0x00000176A7BB5FA0>, 'c_3': <agent.CityStatus object at 0x00000176A7B91580>, 'c_4': <agent.CityStatus object at 0x00000176A7B795B0>, 'c_6': <agent.CityStatus object at 0x00000176A7B4A700>, 'c_8': <agent.CityStatus object at 0x00000176A7B9DF10>}
INFO:root:self.city_dict={'c_1': <agent.CityStatus object at 0x00000176A7BB5FA0>, 'c_3': <agent.CityStatus object at 0x00000176A7B91580>, 'c_4': <agent.CityStatus object at 0x00000176A7B795B0>, 'c_6': <agent.CityStatus object at 0x00000176A7B4A700>, 'c_8': <agent.CityStatus object at 0x00000176A7B9DF10>}
INFO:root:self.city_dict={'c_1': <agent.CityStatus object at 0x00000176A7BB5FA0>, 'c_3': <agent.CityStatus object at 0x00000176A7B91580>, 'c_4': <agent.CityStatus object at 0x00000176A7B795B0>, 'c_6': <agent.CityStatus object at 0x00000176A7B4A700>, 'c_8': <agent.CityStatus object at 0x00000176A7B9DF10>}
INFO:root:self.city_dict={'c_1': <agent.CityStatus object at 0x00000176A7BB5FA0>, 'c_3': <agent.CityStatus object at 0x00000176A7B91580>, 'c_4': <agent.CityStatus object at 0x00000176A7B795B0>, 'c_6': <agent.CityStatus object at 0x00000176A7B4A700>, 'c_8': <agent.CityStatus object at 0x00000176A7B9DF10>}
INFO:root:move='m u_6 s' will result in an error
INFO:root:move='m u_22 s' will result in an error
INFO:root:self.city_dict={'c_1': <agent.CityStatus object at 0x00000176A7BB5FA0>, 'c_3': <agent.CityStatus object at 0x00000176A7B91580>, 'c_4': <agent.CityStatus object at 0x00000176A7B795B0>, 'c_6': <agent.CityStatus object at 0x00000176A7B4A700>, 'c_8': <agent.CityStatus object at 0x00000176A7B9DF10>}
INFO:root:self.city_dict={'c_1': <agent.CityStatus object at 0x00000176A7BB5FA0>, 'c_3': <agent.CityStatus object at 0x00000176A7B91580>, 'c_4': <agent.CityStatus object at 0x00000176A7B795B0>, 'c_6': <agent.CityStatus object at 0x00000176A7B4A700>, 'c_8': <agent.CityStatus object at 0x00000176A7B9DF10>}
INFO:root:move='m u_6 s' will result in an error
INFO:root:self.city_dict={'c_1': <agent.CityStatus object at 0x00000176A7BB5FA0>, 'c_3': <agent.CityStatus object at 0x00000176A7B91580>, 'c_4': <agent.CityStatus object at 0x00000176A7B795B0>, 'c_6': <agent.CityStatus object at 0x00000176A7B4A700>, 'c_8': <agent.CityStatus object at 0x00000176A7B9DF10>}
INFO:root:move='m u_6 s' will result in an error
INFO:root:self.city_dict={'c_1': <agent.CityStatus object at 0x00000176A7BB5FA0>, 'c_3': <agent.CityStatus object at 0x00000176A7B91580>, 'c_4': <agent.CityStatus object at 0x00000176A7B795B0>, 'c_6': <agent.CityStatus object at 0x00000176A7B4A700>, 'c_8': <agent.CityStatus object at 0x00000176A7B9DF10>}
INFO:root:move='m u_6 s' will result in an error
INFO:root:self.city_dict={'c_1': <agent.CityStatus object at 0x00000176A7BB5FA0>, 'c_3': <agent.CityStatus object at 0x00000176A7B91580>, 'c_4': <agent.CityStatus object at 0x00000176A7B795B0>, 'c_6': <agent.CityStatus object at 0x00000176A7B4A700>, 'c_8': <agent.CityStatus object at 0x00000176A7B9DF10>}
INFO:root:move='m u_6 s' will result in an error
INFO:root:self.city_dict={'c_1': <agent.CityStatus object at 0x00000176A7BB5FA0>, 'c_3': <agent.CityStatus object at 0x00000176A7B91580>, 'c_4': <agent.CityStatus object at 0x00000176A7B795B0>, 'c_6': <agent.CityStatus object at 0x00000176A7B4A700>, 'c_8': <agent.CityStatus object at 0x00000176A7B9DF10>}
INFO:root:move='m u_6 s' will result in an error
INFO:root:self.city_dict={'c_1': <agent.CityStatus object at 0x00000176A7BB5FA0>, 'c_3': <agent.CityStatus object at 0x00000176A7B91580>, 'c_4': <agent.CityStatus object at 0x00000176A7B795B0>, 'c_6': <agent.CityStatus object at 0x00000176A7B4A700>, 'c_8': <agent.CityStatus object at 0x00000176A7B9DF10>}
INFO:root:self.city_dict={'c_1': <agent.CityStatus object at 0x00000176A7BB5FA0>, 'c_3': <agent.CityStatus object at 0x00000176A7B91580>, 'c_4': <agent.CityStatus object at 0x00000176A7B795B0>, 'c_6': <agent.CityStatus object at 0x00000176A7B4A700>, 'c_8': <agent.CityStatus object at 0x00000176A7B9DF10>}
INFO:root:move='m u_11 s' will result in an error
INFO:root:self.city_dict={'c_1': <agent.CityStatus object at 0x00000176A7BB5FA0>, 'c_3': <agent.CityStatus object at 0x00000176A7B91580>, 'c_4': <agent.CityStatus object at 0x00000176A7B795B0>, 'c_6': <agent.CityStatus object at 0x00000176A7B4A700>, 'c_8': <agent.CityStatus object at 0x00000176A7B9DF10>}
INFO:root:move='m u_24 s' will result in an error
INFO:root:self.city_dict={'c_1': <agent.CityStatus object at 0x00000176A7BB5FA0>, 'c_3': <agent.CityStatus object at 0x00000176A7B91580>, 'c_4': <agent.CityStatus object at 0x00000176A7B795B0>, 'c_6': <agent.CityStatus object at 0x00000176A7B4A700>, 'c_8': <agent.CityStatus object at 0x00000176A7B9DF10>}
INFO:root:self.city_dict={'c_1': <agent.CityStatus object at 0x00000176A7BB5FA0>, 'c_3': <agent.CityStatus object at 0x00000176A7B91580>, 'c_4': <agent.CityStatus object at 0x00000176A7B795B0>, 'c_6': <agent.CityStatus object at 0x00000176A7B4A700>, 'c_8': <agent.CityStatus object at 0x00000176A7B9DF10>}
INFO:root:move='m u_18 s' will result in an error
INFO:root:self.city_dict={'c_1': <agent.CityStatus object at 0x00000176A7BB5FA0>, 'c_3': <agent.CityStatus object at 0x00000176A7B91580>, 'c_4': <agent.CityStatus object at 0x00000176A7B795B0>, 'c_6': <agent.CityStatus object at 0x00000176A7B4A700>, 'c_8': <agent.CityStatus object at 0x00000176A7B9DF10>}
INFO:root:self.city_dict={'c_1': <agent.CityStatus object at 0x00000176A7BB5FA0>, 'c_3': <agent.CityStatus object at 0x00000176A7B91580>, 'c_4': <agent.CityStatus object at 0x00000176A7B795B0>, 'c_6': <agent.CityStatus object at 0x00000176A7B4A700>, 'c_8': <agent.CityStatus object at 0x00000176A7B9DF10>}
INFO:root:move='m u_18 s' will result in an error
INFO:root:move='m u_22 n' will result in an error
INFO:root:move='m u_24 n' will result in an error
INFO:root:self.city_dict={'c_1': <agent.CityStatus object at 0x00000176A7BB5FA0>, 'c_3': <agent.CityStatus object at 0x00000176A7B91580>, 'c_4': <agent.CityStatus object at 0x00000176A7B795B0>, 'c_6': <agent.CityStatus object at 0x00000176A7B4A700>, 'c_8': <agent.CityStatus object at 0x00000176A7B9DF10>}
INFO:root:move='m u_6 e' will result in an error
INFO:root:move='m u_11 s' will result in an error
INFO:root:move='m u_24 n' will result in an error
INFO:root:self.city_dict={'c_1': <agent.CityStatus object at 0x00000176A7BB5FA0>, 'c_3': <agent.CityStatus object at 0x00000176A7B91580>, 'c_4': <agent.CityStatus object at 0x00000176A7B795B0>, 'c_6': <agent.CityStatus object at 0x00000176A7B4A700>, 'c_8': <agent.CityStatus object at 0x00000176A7B9DF10>}
INFO:root:self.city_dict={'c_1': <agent.CityStatus object at 0x00000176A7BB5FA0>, 'c_3': <agent.CityStatus object at 0x00000176A7B91580>, 'c_4': <agent.CityStatus object at 0x00000176A7B795B0>, 'c_6': <agent.CityStatus object at 0x00000176A7B4A700>, 'c_8': <agent.CityStatus object at 0x00000176A7B9DF10>}
INFO:root:move='m u_24 s' will result in an error
INFO:root:self.city_dict={'c_1': <agent.CityStatus object at 0x00000176A7BB5FA0>, 'c_3': <agent.CityStatus object at 0x00000176A7B91580>, 'c_4': <agent.CityStatus object at 0x00000176A7B795B0>, 'c_6': <agent.CityStatus object at 0x00000176A7B4A700>, 'c_8': <agent.CityStatus object at 0x00000176A7B9DF10>}
INFO:root:self.city_dict={'c_1': <agent.CityStatus object at 0x00000176A7BB5FA0>, 'c_3': <agent.CityStatus object at 0x00000176A7B91580>, 'c_4': <agent.CityStatus object at 0x00000176A7B795B0>, 'c_6': <agent.CityStatus object at 0x00000176A7B4A700>, 'c_8': <agent.CityStatus object at 0x00000176A7B9DF10>}
INFO:root:move='m u_24 s' will result in an error
INFO:root:self.city_dict={'c_1': <agent.CityStatus object at 0x00000176A7BB5FA0>, 'c_3': <agent.CityStatus object at 0x00000176A7B91580>, 'c_4': <agent.CityStatus object at 0x00000176A7B795B0>, 'c_6': <agent.CityStatus object at 0x00000176A7B4A700>, 'c_8': <agent.CityStatus object at 0x00000176A7B9DF10>}
INFO:root:self.city_dict={'c_1': <agent.CityStatus object at 0x00000176A7BB5FA0>, 'c_3': <agent.CityStatus object at 0x00000176A7B91580>, 'c_4': <agent.CityStatus object at 0x00000176A7B795B0>, 'c_6': <agent.CityStatus object at 0x00000176A7B4A700>, 'c_8': <agent.CityStatus object at 0x00000176A7B9DF10>}
INFO:root:self.city_dict={'c_1': <agent.CityStatus object at 0x00000176A7BB5FA0>, 'c_3': <agent.CityStatus object at 0x00000176A7B91580>, 'c_4': <agent.CityStatus object at 0x00000176A7B795B0>, 'c_6': <agent.CityStatus object at 0x00000176A7B4A700>, 'c_8': <agent.CityStatus object at 0x00000176A7B9DF10>}
INFO:root:move='m u_18 n' will result in an error
INFO:root:self.city_dict={'c_1': <agent.CityStatus object at 0x00000176A7BB5FA0>, 'c_3': <agent.CityStatus object at 0x00000176A7B91580>, 'c_4': <agent.CityStatus object at 0x00000176A7B795B0>, 'c_6': <agent.CityStatus object at 0x00000176A7B4A700>, 'c_8': <agent.CityStatus object at 0x00000176A7B9DF10>}
INFO:root:self.city_dict={'c_1': <agent.CityStatus object at 0x00000176A7BB5FA0>, 'c_3': <agent.CityStatus object at 0x00000176A7B91580>, 'c_4': <agent.CityStatus object at 0x00000176A7B795B0>, 'c_6': <agent.CityStatus object at 0x00000176A7B4A700>, 'c_8': <agent.CityStatus object at 0x00000176A7B9DF10>}
INFO:root:self.city_dict={'c_1': <agent.CityStatus object at 0x00000176A7BB5FA0>, 'c_3': <agent.CityStatus object at 0x00000176A7B91580>, 'c_4': <agent.CityStatus object at 0x00000176A7B795B0>, 'c_6': <agent.CityStatus object at 0x00000176A7B4A700>, 'c_8': <agent.CityStatus object at 0x00000176A7B9DF10>}
INFO:root:self.city_dict={'c_1': <agent.CityStatus object at 0x00000176A7BB5FA0>, 'c_3': <agent.CityStatus object at 0x00000176A7B91580>, 'c_4': <agent.CityStatus object at 0x00000176A7B795B0>, 'c_6': <agent.CityStatus object at 0x00000176A7B4A700>, 'c_8': <agent.CityStatus object at 0x00000176A7B9DF10>}
INFO:root:self.city_dict={'c_1': <agent.CityStatus object at 0x00000176A7BB5FA0>, 'c_3': <agent.CityStatus object at 0x00000176A7B91580>, 'c_4': <agent.CityStatus object at 0x00000176A7B795B0>, 'c_6': <agent.CityStatus object at 0x00000176A7B4A700>, 'c_8': <agent.CityStatus object at 0x00000176A7B9DF10>}
INFO:root:self.city_dict={'c_1': <agent.CityStatus object at 0x00000176A7BB5FA0>, 'c_3': <agent.CityStatus object at 0x00000176A7B91580>, 'c_4': <agent.CityStatus object at 0x00000176A7B795B0>, 'c_6': <agent.CityStatus object at 0x00000176A7B4A700>, 'c_8': <agent.CityStatus object at 0x00000176A7B9DF10>}
INFO:root:self.city_dict={'c_1': <agent.CityStatus object at 0x00000176A7BB5FA0>, 'c_3': <agent.CityStatus object at 0x00000176A7B91580>, 'c_4': <agent.CityStatus object at 0x00000176A7B795B0>, 'c_6': <agent.CityStatus object at 0x00000176A7B4A700>, 'c_8': <agent.CityStatus object at 0x00000176A7B9DF10>}
INFO:root:self.city_dict={'c_1': <agent.CityStatus object at 0x00000176A7BB5FA0>, 'c_3': <agent.CityStatus object at 0x00000176A7B91580>, 'c_4': <agent.CityStatus object at 0x00000176A7B795B0>, 'c_6': <agent.CityStatus object at 0x00000176A7B4A700>, 'c_8': <agent.CityStatus object at 0x00000176A7B9DF10>}
INFO:root:self.city_dict={'c_1': <agent.CityStatus object at 0x00000176A7BB5FA0>, 'c_3': <agent.CityStatus object at 0x00000176A7B91580>, 'c_4': <agent.CityStatus object at 0x00000176A7B795B0>, 'c_6': <agent.CityStatus object at 0x00000176A7B4A700>, 'c_8': <agent.CityStatus object at 0x00000176A7B9DF10>}
INFO:root:self.city_dict={'c_1': <agent.CityStatus object at 0x00000176A7BB5FA0>, 'c_3': <agent.CityStatus object at 0x00000176A7B91580>, 'c_4': <agent.CityStatus object at 0x00000176A7B795B0>, 'c_6': <agent.CityStatus object at 0x00000176A7B4A700>, 'c_8': <agent.CityStatus object at 0x00000176A7B9DF10>}
INFO:root:self.city_dict={'c_1': <agent.CityStatus object at 0x00000176A7BB5FA0>, 'c_3': <agent.CityStatus object at 0x00000176A7B91580>, 'c_4': <agent.CityStatus object at 0x00000176A7B795B0>, 'c_6': <agent.CityStatus object at 0x00000176A7B4A700>, 'c_8': <agent.CityStatus object at 0x00000176A7B9DF10>}
INFO:root:self.city_dict={'c_1': <agent.CityStatus object at 0x00000176A7BB5FA0>, 'c_3': <agent.CityStatus object at 0x00000176A7B91580>, 'c_4': <agent.CityStatus object at 0x00000176A7B795B0>, 'c_6': <agent.CityStatus object at 0x00000176A7B4A700>, 'c_8': <agent.CityStatus object at 0x00000176A7B9DF10>}
INFO:root:self.city_dict={'c_1': <agent.CityStatus object at 0x00000176A7BB5FA0>, 'c_3': <agent.CityStatus object at 0x00000176A7B91580>, 'c_4': <agent.CityStatus object at 0x00000176A7B795B0>, 'c_6': <agent.CityStatus object at 0x00000176A7B4A700>, 'c_8': <agent.CityStatus object at 0x00000176A7B9DF10>}
INFO:root:self.city_dict={'c_1': <agent.CityStatus object at 0x00000176A7BB5FA0>, 'c_3': <agent.CityStatus object at 0x00000176A7B91580>, 'c_4': <agent.CityStatus object at 0x00000176A7B795B0>, 'c_6': <agent.CityStatus object at 0x00000176A7B4A700>, 'c_8': <agent.CityStatus object at 0x00000176A7B9DF10>}
INFO:root:self.city_dict={'c_1': <agent.CityStatus object at 0x00000176A7BB5FA0>, 'c_3': <agent.CityStatus object at 0x00000176A7B91580>, 'c_4': <agent.CityStatus object at 0x00000176A7B795B0>, 'c_6': <agent.CityStatus object at 0x00000176A7B4A700>, 'c_8': <agent.CityStatus object at 0x00000176A7B9DF10>}
INFO:root:self.city_dict={'c_1': <agent.CityStatus object at 0x00000176A7BB5FA0>, 'c_3': <agent.CityStatus object at 0x00000176A7B91580>, 'c_4': <agent.CityStatus object at 0x00000176A7B795B0>, 'c_6': <agent.CityStatus object at 0x00000176A7B4A700>, 'c_8': <agent.CityStatus object at 0x00000176A7B9DF10>}
INFO:root:self.city_dict={'c_1': <agent.CityStatus object at 0x00000176A7BB5FA0>, 'c_3': <agent.CityStatus object at 0x00000176A7B91580>, 'c_4': <agent.CityStatus object at 0x00000176A7B795B0>, 'c_6': <agent.CityStatus object at 0x00000176A7B4A700>, 'c_8': <agent.CityStatus object at 0x00000176A7B9DF10>}
INFO:root:appending stats file
INFO:root:self.city_dict={'c_1': <agent.CityStatus object at 0x00000176A7BB5FA0>, 'c_3': <agent.CityStatus object at 0x00000176A7B91580>, 'c_4': <agent.CityStatus object at 0x00000176A7B795B0>, 'c_6': <agent.CityStatus object at 0x00000176A7B4A700>, 'c_8': <agent.CityStatus object at 0x00000176A7B9DF10>}
INFO:root:appending stats file
