INFO:root:self.city_dict={'c_1': <agent.CityStatus object at 0x00000218FF9F7910>}
INFO:root:Getting Resource Grid
INFO:root:Resource Clusters *******

INFO:root:coords=[(2, 5), (1, 5), (2, 6), (3, 6), (2, 7)]
INFO:root:coords=[(2, 17), (2, 16), (3, 17), (2, 18), (1, 18)]
INFO:root:coords=[(13, 6), (12, 6), (12, 7), (13, 7)]
INFO:root:coords=[(13, 16), (12, 16), (12, 17), (13, 17)]
INFO:root:coords=[(21, 8), (21, 7), (20, 8)]
INFO:root:coords=[(21, 15), (20, 15), (21, 16)]
INFO:root:coords=[(11, 0), (10, 0)]
INFO:root:coords=[(20, 0), (19, 0)]
INFO:root:coords=[(23, 6), (23, 5)]
INFO:root:coords=[(4, 12), (4, 11)]
INFO:root:coords=[(20, 12), (20, 11)]
INFO:root:coords=[(23, 18), (23, 17)]
INFO:root:coords=[(11, 23), (10, 23)]
INFO:root:coords=[(20, 23), (19, 23)]
INFO:root:New worker Created worker.id='u_1'
INFO:root:new_worker.home_city.pos.x,new_worker.home_city.pos.y=(20, 7)
INFO:root:unit.id='u_1' 
INFO:root:priority, value.obj.cityid=(1.0, 'c_1')
INFO:root:max_p_city=(1.0, 'c_1')
INFO:root:----- turn = observation['step'], game_state=(1, <lux.game.Game object at 0x00000218EC9B9940>) ----- 
INFO:root:self.city_dict={'c_1': <agent.CityStatus object at 0x00000218FF9F7910>}
INFO:root:unit.id='u_1' 
INFO:root:priority, value.obj.cityid=(1.0, 'c_1')
INFO:root:max_p_city=(1.0, 'c_1')
INFO:root:self.city_dict={'c_1': <agent.CityStatus object at 0x00000218FF9F7910>}
INFO:root:unit.id='u_1' 
INFO:root:priority, value.obj.cityid=(1.0, 'c_1')
INFO:root:max_p_city=(1.0, 'c_1')
INFO:root:----- turn = observation['step'], game_state=(3, <lux.game.Game object at 0x00000218EC9B9940>) ----- 
INFO:root:self.city_dict={'c_1': <agent.CityStatus object at 0x00000218FF9F7910>}
INFO:root:unit.id='u_1' 
INFO:root:Attempt City Build
INFO:root:priority, value.obj.cityid=(1.0, 'c_1')
INFO:root:max_p_city=(1.0, 'c_1')
INFO:root:c=<lux.game_map.Cell object at 0x00000218FFA38460>
INFO:root:self.city_dict={'c_1': <agent.CityStatus object at 0x00000218FF9F7910>}
INFO:root:unit.id='u_1' 
INFO:root:priority, value.obj.cityid=(1.0, 'c_1')
INFO:root:max_p_city=(1.0, 'c_1')
INFO:root:----- turn = observation['step'], game_state=(5, <lux.game.Game object at 0x00000218EC9B9940>) ----- 
INFO:root:self.city_dict={'c_1': <agent.CityStatus object at 0x00000218FF9F7910>}
INFO:root:unit.id='u_1' 
INFO:root:Attempt City Build
INFO:root:priority, value.obj.cityid=(1.0, 'c_1')
INFO:root:max_p_city=(1.0, 'c_1')
INFO:root:self.city_dict={'c_1': <agent.CityStatus object at 0x00000218FF9F7910>}
INFO:root:unit.id='u_1' 
INFO:root:priority, value.obj.cityid=(1.0, 'c_1')
INFO:root:max_p_city=(1.0, 'c_1')
INFO:root:----- turn = observation['step'], game_state=(7, <lux.game.Game object at 0x00000218EC9B9940>) ----- 
INFO:root:self.city_dict={'c_1': <agent.CityStatus object at 0x00000218FF9F7910>}
INFO:root:unit.id='u_1' 
INFO:root:Attempt City Build
INFO:root:priority, value.obj.cityid=(1.0, 'c_1')
INFO:root:max_p_city=(1.0, 'c_1')
INFO:root:self.city_dict={'c_1': <agent.CityStatus object at 0x00000218FF9F7910>}
INFO:root:unit.id='u_1' 
INFO:root:priority, value.obj.cityid=(1.0, 'c_1')
INFO:root:max_p_city=(1.0, 'c_1')
INFO:root:Building Worker
INFO:root:----- turn = observation['step'], game_state=(9, <lux.game.Game object at 0x00000218EC9B9940>) ----- 
INFO:root:self.city_dict={'c_1': <agent.CityStatus object at 0x00000218FF9F7910>}
INFO:root:New worker Created worker.id='u_3'
INFO:root:new_worker.home_city.pos.x,new_worker.home_city.pos.y=(20, 6)
INFO:root:unit.id='u_1' 
INFO:root:unit.id='u_3' 
INFO:root:priority, value.obj.cityid=(0.5, 'c_1')
INFO:root:max_p_city=(0.5, 'c_1')
INFO:root:move='m u_3 e' will result in an error
INFO:root:self.city_dict={'c_1': <agent.CityStatus object at 0x00000218FF9F7910>}
INFO:root:unit.id='u_1' 
INFO:root:unit.id='u_3' 
INFO:root:priority, value.obj.cityid=(0.5, 'c_1')
INFO:root:max_p_city=(0.5, 'c_1')
INFO:root:----- turn = observation['step'], game_state=(11, <lux.game.Game object at 0x00000218EC9B9940>) ----- 
INFO:root:self.city_dict={'c_1': <agent.CityStatus object at 0x00000218FF9F7910>}
INFO:root:unit.id='u_1' 
INFO:root:unit.id='u_3' 
INFO:root:priority, value.obj.cityid=(0.5, 'c_1')
INFO:root:max_p_city=(0.5, 'c_1')
INFO:root:move='m u_1 s' will result in an error
INFO:root:self.city_dict={'c_1': <agent.CityStatus object at 0x00000218FF9F7910>}
INFO:root:unit.id='u_1' 
INFO:root:unit.id='u_3' 
INFO:root:priority, value.obj.cityid=(0.5, 'c_1')
INFO:root:max_p_city=(0.5, 'c_1')
INFO:root:----- turn = observation['step'], game_state=(13, <lux.game.Game object at 0x00000218EC9B9940>) ----- 
INFO:root:self.city_dict={'c_1': <agent.CityStatus object at 0x00000218FF9F7910>}
INFO:root:unit.id='u_1' 
INFO:root:unit.id='u_3' 
INFO:root:priority, value.obj.cityid=(0.5, 'c_1')
INFO:root:max_p_city=(0.5, 'c_1')
INFO:root:self.city_dict={'c_1': <agent.CityStatus object at 0x00000218FF9F7910>}
INFO:root:unit.id='u_1' 
INFO:root:unit.id='u_3' 
INFO:root:priority, value.obj.cityid=(0.5, 'c_1')
INFO:root:max_p_city=(0.5, 'c_1')
INFO:root:----- turn = observation['step'], game_state=(15, <lux.game.Game object at 0x00000218EC9B9940>) ----- 
INFO:root:self.city_dict={'c_1': <agent.CityStatus object at 0x00000218FF9F7910>}
INFO:root:unit.id='u_1' 
INFO:root:Attempt City Build
INFO:root:unit.id='u_3' 
INFO:root:priority, value.obj.cityid=(0.5, 'c_1')
INFO:root:max_p_city=(0.5, 'c_1')
INFO:root:c=<lux.game_map.Cell object at 0x00000218FF9EFB50>
INFO:root:move='m u_1 w' will result in an error
INFO:root:self.city_dict={'c_1': <agent.CityStatus object at 0x00000218FF9F7910>}
INFO:root:unit.id='u_1' 
INFO:root:unit.id='u_3' 
INFO:root:priority, value.obj.cityid=(0.5, 'c_1')
INFO:root:max_p_city=(0.5, 'c_1')
INFO:root:----- turn = observation['step'], game_state=(17, <lux.game.Game object at 0x00000218EC9B9940>) ----- 
INFO:root:self.city_dict={'c_1': <agent.CityStatus object at 0x00000218FF9F7910>}
INFO:root:unit.id='u_1' 
INFO:root:Attempt City Build
INFO:root:unit.id='u_3' 
INFO:root:priority, value.obj.cityid=(0.5, 'c_1')
INFO:root:max_p_city=(0.5, 'c_1')
INFO:root:self.city_dict={'c_1': <agent.CityStatus object at 0x00000218FF9F7910>}
INFO:root:unit.id='u_1' 
INFO:root:unit.id='u_3' 
INFO:root:priority, value.obj.cityid=(0.5, 'c_1')
INFO:root:max_p_city=(0.5, 'c_1')
INFO:root:----- turn = observation['step'], game_state=(19, <lux.game.Game object at 0x00000218EC9B9940>) ----- 
INFO:root:self.city_dict={'c_1': <agent.CityStatus object at 0x00000218FF9F7910>}
INFO:root:unit.id='u_1' 
INFO:root:Attempt City Build
INFO:root:unit.id='u_3' 
INFO:root:priority, value.obj.cityid=(0.5, 'c_1')
INFO:root:max_p_city=(0.5, 'c_1')
INFO:root:move='m u_1 w' will result in an error
INFO:root:self.city_dict={'c_1': <agent.CityStatus object at 0x00000218FF9F7910>}
INFO:root:unit.id='u_1' 
INFO:root:unit.id='u_3' 
INFO:root:priority, value.obj.cityid=(0.5, 'c_1')
INFO:root:max_p_city=(0.5, 'c_1')
INFO:root:----- turn = observation['step'], game_state=(21, <lux.game.Game object at 0x00000218EC9B9940>) ----- 
INFO:root:self.city_dict={'c_1': <agent.CityStatus object at 0x00000218FF9F7910>}
INFO:root:unit.id='u_1' 
INFO:root:Attempt City Build
INFO:root:unit.id='u_3' 
INFO:root:priority, value.obj.cityid=(0.5, 'c_1')
INFO:root:max_p_city=(0.5, 'c_1')
INFO:root:self.city_dict={'c_1': <agent.CityStatus object at 0x00000218FF9F7910>}
INFO:root:unit.id='u_1' 
INFO:root:unit.id='u_3' 
INFO:root:priority, value.obj.cityid=(0.5, 'c_1')
INFO:root:max_p_city=(0.5, 'c_1')
INFO:root:----- turn = observation['step'], game_state=(23, <lux.game.Game object at 0x00000218EC9B9940>) ----- 
INFO:root:self.city_dict={'c_1': <agent.CityStatus object at 0x00000218FF9F7910>}
INFO:root:unit.id='u_1' 
INFO:root:Attempt City Build
INFO:root:unit.id='u_3' 
INFO:root:priority, value.obj.cityid=(0.5, 'c_1')
INFO:root:max_p_city=(0.5, 'c_1')
INFO:root:move='m u_1 w' will result in an error
INFO:root:self.city_dict={'c_1': <agent.CityStatus object at 0x00000218FF9F7910>}
INFO:root:unit.id='u_1' 
INFO:root:unit.id='u_3' 
INFO:root:priority, value.obj.cityid=(0.5, 'c_1')
INFO:root:max_p_city=(0.5, 'c_1')
INFO:root:----- turn = observation['step'], game_state=(25, <lux.game.Game object at 0x00000218EC9B9940>) ----- 
INFO:root:self.city_dict={'c_1': <agent.CityStatus object at 0x00000218FF9F7910>}
INFO:root:unit.id='u_1' 
INFO:root:Attempt City Build
INFO:root:unit.id='u_3' 
INFO:root:priority, value.obj.cityid=(0.5, 'c_1')
INFO:root:max_p_city=(0.5, 'c_1')
INFO:root:self.city_dict={'c_1': <agent.CityStatus object at 0x00000218FF9F7910>}
INFO:root:unit.id='u_1' 
INFO:root:unit.id='u_3' 
INFO:root:priority, value.obj.cityid=(0.5, 'c_1')
INFO:root:max_p_city=(0.5, 'c_1')
INFO:root:----- turn = observation['step'], game_state=(27, <lux.game.Game object at 0x00000218EC9B9940>) ----- 
INFO:root:self.city_dict={'c_1': <agent.CityStatus object at 0x00000218FF9F7910>}
INFO:root:unit.id='u_1' 
INFO:root:Attempt City Build
INFO:root:unit.id='u_3' 
INFO:root:priority, value.obj.cityid=(0.5, 'c_1')
INFO:root:max_p_city=(0.5, 'c_1')
INFO:root:move='m u_1 w' will result in an error
INFO:root:self.city_dict={'c_1': <agent.CityStatus object at 0x00000218FF9F7910>}
INFO:root:unit.id='u_1' 
INFO:root:Worker be working
INFO:root:unit.id='u_3' 
INFO:root:priority, value.obj.cityid=(0.5, 'c_1')
INFO:root:max_p_city=(0.5, 'c_1')
INFO:root:----- turn = observation['step'], game_state=(29, <lux.game.Game object at 0x00000218EC9B9940>) ----- 
INFO:root:self.city_dict={'c_1': <agent.CityStatus object at 0x00000218FF9F7910>}
INFO:root:unit.id='u_1' 
INFO:root:Worker be working
INFO:root:unit.id='u_3' 
INFO:root:priority, value.obj.cityid=(0.5, 'c_1')
INFO:root:max_p_city=(0.5, 'c_1')
INFO:root:self.city_dict={'c_1': <agent.CityStatus object at 0x00000218FF9F7910>}
INFO:root:unit.id='u_1' 
INFO:root:Worker be working
INFO:root:unit.id='u_3' 
INFO:root:priority, value.obj.cityid=(0.5, 'c_1')
INFO:root:max_p_city=(0.5, 'c_1')
INFO:root:----- turn = observation['step'], game_state=(31, <lux.game.Game object at 0x00000218EC9B9940>) ----- 
INFO:root:self.city_dict={'c_1': <agent.CityStatus object at 0x00000218FF9F7910>}
INFO:root:unit.id='u_1' 
INFO:root:Worker be working
INFO:root:unit.id='u_3' 
INFO:root:priority, value.obj.cityid=(0.5, 'c_1')
INFO:root:max_p_city=(0.5, 'c_1')
INFO:root:self.city_dict={'c_1': <agent.CityStatus object at 0x00000218FF9F7910>}
INFO:root:unit.id='u_1' 
INFO:root:Worker be working
INFO:root:unit.id='u_3' 
INFO:root:priority, value.obj.cityid=(0.5, 'c_1')
INFO:root:max_p_city=(0.5, 'c_1')
INFO:root:----- turn = observation['step'], game_state=(33, <lux.game.Game object at 0x00000218EC9B9940>) ----- 
INFO:root:self.city_dict={'c_1': <agent.CityStatus object at 0x00000218FF9F7910>}
INFO:root:unit.id='u_1' 
INFO:root:Worker be working
INFO:root:unit.id='u_3' 
INFO:root:priority, value.obj.cityid=(0.5, 'c_1')
INFO:root:max_p_city=(0.5, 'c_1')
INFO:root:self.city_dict={'c_1': <agent.CityStatus object at 0x00000218FF9F7910>}
INFO:root:unit.id='u_1' 
INFO:root:Worker be working
INFO:root:unit.id='u_3' 
INFO:root:priority, value.obj.cityid=(0.5, 'c_1')
INFO:root:max_p_city=(0.5, 'c_1')
INFO:root:----- turn = observation['step'], game_state=(35, <lux.game.Game object at 0x00000218EC9B9940>) ----- 
INFO:root:self.city_dict={'c_1': <agent.CityStatus object at 0x00000218FF9F7910>}
INFO:root:unit.id='u_1' 
INFO:root:Worker be working
INFO:root:unit.id='u_3' 
INFO:root:priority, value.obj.cityid=(0.5, 'c_1')
INFO:root:max_p_city=(0.5, 'c_1')
INFO:root:self.city_dict={'c_1': <agent.CityStatus object at 0x00000218FF9F7910>}
INFO:root:unit.id='u_1' 
INFO:root:Worker be working
INFO:root:unit.id='u_3' 
INFO:root:priority, value.obj.cityid=(0.5, 'c_1')
INFO:root:max_p_city=(0.5, 'c_1')
INFO:root:----- turn = observation['step'], game_state=(37, <lux.game.Game object at 0x00000218EC9B9940>) ----- 
INFO:root:self.city_dict={'c_1': <agent.CityStatus object at 0x00000218FF9F7910>}
INFO:root:unit.id='u_1' 
INFO:root:Worker be working
INFO:root:unit.id='u_3' 
INFO:root:priority, value.obj.cityid=(0.5, 'c_1')
INFO:root:max_p_city=(0.5, 'c_1')
INFO:root:self.city_dict={'c_1': <agent.CityStatus object at 0x00000218FF9F7910>}
INFO:root:unit.id='u_1' 
INFO:root:Worker be working
INFO:root:unit.id='u_3' 
INFO:root:priority, value.obj.cityid=(0.5, 'c_1')
INFO:root:max_p_city=(0.5, 'c_1')
INFO:root:----- turn = observation['step'], game_state=(39, <lux.game.Game object at 0x00000218EC9B9940>) ----- 
INFO:root:self.city_dict={'c_1': <agent.CityStatus object at 0x00000218FF9F7910>}
INFO:root:unit.id='u_1' 
INFO:root:Worker be working
INFO:root:unit.id='u_3' 
INFO:root:priority, value.obj.cityid=(0.5, 'c_1')
INFO:root:max_p_city=(0.5, 'c_1')
INFO:root:self.city_dict={'c_1': <agent.CityStatus object at 0x00000218FF9F7910>}
INFO:root:unit.id='u_1' 
INFO:root:unit.id='u_3' 
INFO:root:priority, value.obj.cityid=(0.5, 'c_1')
INFO:root:max_p_city=(0.5, 'c_1')
INFO:root:----- turn = observation['step'], game_state=(41, <lux.game.Game object at 0x00000218EC9B9940>) ----- 
INFO:root:self.city_dict={'c_1': <agent.CityStatus object at 0x00000218FF9F7910>}
INFO:root:unit.id='u_1' 
INFO:root:Attempt City Build
INFO:root:unit.id='u_3' 
INFO:root:priority, value.obj.cityid=(0.5, 'c_1')
INFO:root:max_p_city=(0.5, 'c_1')
INFO:root:self.city_dict={'c_1': <agent.CityStatus object at 0x00000218FF9F7910>}
INFO:root:unit.id='u_1' 
INFO:root:unit.id='u_3' 
INFO:root:priority, value.obj.cityid=(0.5, 'c_1')
INFO:root:max_p_city=(0.5, 'c_1')
INFO:root:----- turn = observation['step'], game_state=(43, <lux.game.Game object at 0x00000218EC9B9940>) ----- 
INFO:root:self.city_dict={'c_1': <agent.CityStatus object at 0x00000218FF9F7910>}
INFO:root:unit.id='u_1' 
INFO:root:Attempt City Build
INFO:root:unit.id='u_3' 
INFO:root:priority, value.obj.cityid=(0.5, 'c_1')
INFO:root:max_p_city=(0.5, 'c_1')
INFO:root:move='m u_1 w' will result in an error
INFO:root:self.city_dict={'c_1': <agent.CityStatus object at 0x00000218FF9F7910>}
INFO:root:unit.id='u_1' 
INFO:root:unit.id='u_3' 
INFO:root:priority, value.obj.cityid=(0.5, 'c_1')
INFO:root:max_p_city=(0.5, 'c_1')
INFO:root:----- turn = observation['step'], game_state=(45, <lux.game.Game object at 0x00000218EC9B9940>) ----- 
INFO:root:self.city_dict={'c_1': <agent.CityStatus object at 0x00000218FF9F7910>}
INFO:root:unit.id='u_1' 
INFO:root:Attempt City Build
INFO:root:unit.id='u_3' 
INFO:root:priority, value.obj.cityid=(0.5, 'c_1')
INFO:root:max_p_city=(0.5, 'c_1')
INFO:root:self.city_dict={'c_1': <agent.CityStatus object at 0x00000218FF9F7910>}
INFO:root:unit.id='u_1' 
INFO:root:unit.id='u_3' 
INFO:root:priority, value.obj.cityid=(0.5, 'c_1')
INFO:root:max_p_city=(0.5, 'c_1')
INFO:root:----- turn = observation['step'], game_state=(47, <lux.game.Game object at 0x00000218EC9B9940>) ----- 
INFO:root:self.city_dict={'c_1': <agent.CityStatus object at 0x00000218FF9F7910>}
INFO:root:unit.id='u_1' 
INFO:root:Attempt City Build
INFO:root:unit.id='u_3' 
INFO:root:priority, value.obj.cityid=(0.5, 'c_1')
INFO:root:max_p_city=(0.5, 'c_1')
INFO:root:self.city_dict={'c_1': <agent.CityStatus object at 0x00000218FF9F7910>}
INFO:root:unit.id='u_1' 
INFO:root:unit.id='u_3' 
INFO:root:priority, value.obj.cityid=(0.5, 'c_1')
INFO:root:max_p_city=(0.5, 'c_1')
INFO:root:Building Worker
INFO:root:Building Worker
INFO:root:----- turn = observation['step'], game_state=(49, <lux.game.Game object at 0x00000218EC9B9940>) ----- 
INFO:root:self.city_dict={'c_1': <agent.CityStatus object at 0x00000218FF9F7910>}
INFO:root:New worker Created worker.id='u_7'
INFO:root:new_worker.home_city.pos.x,new_worker.home_city.pos.y=(20, 6)
INFO:root:unit.id='u_1' 
INFO:root:unit.id='u_3' 
INFO:root:unit.id='u_7' 
INFO:root:priority, value.obj.cityid=(0.3333333333333333, 'c_1')
INFO:root:max_p_city=(0.3333333333333333, 'c_1')
INFO:root:self.city_dict={'c_1': <agent.CityStatus object at 0x00000218FF9F7910>}
INFO:root:unit.id='u_1' 
INFO:root:unit.id='u_3' 
INFO:root:unit.id='u_7' 
INFO:root:priority, value.obj.cityid=(0.3333333333333333, 'c_1')
INFO:root:max_p_city=(0.3333333333333333, 'c_1')
INFO:root:----- turn = observation['step'], game_state=(51, <lux.game.Game object at 0x00000218EC9B9940>) ----- 
INFO:root:self.city_dict={'c_1': <agent.CityStatus object at 0x00000218FF9F7910>}
INFO:root:unit.id='u_1' 
INFO:root:Attempt City Build
INFO:root:unit.id='u_3' 
INFO:root:unit.id='u_7' 
INFO:root:priority, value.obj.cityid=(0.3333333333333333, 'c_1')
INFO:root:max_p_city=(0.3333333333333333, 'c_1')
INFO:root:c=<lux.game_map.Cell object at 0x00000218FFA0D5E0>
INFO:root:self.city_dict={'c_1': <agent.CityStatus object at 0x00000218FF9F7910>}
INFO:root:unit.id='u_1' 
INFO:root:unit.id='u_3' 
INFO:root:unit.id='u_7' 
INFO:root:priority, value.obj.cityid=(0.3333333333333333, 'c_1')
INFO:root:max_p_city=(0.3333333333333333, 'c_1')
INFO:root:----- turn = observation['step'], game_state=(53, <lux.game.Game object at 0x00000218EC9B9940>) ----- 
INFO:root:self.city_dict={'c_1': <agent.CityStatus object at 0x00000218FF9F7910>}
INFO:root:unit.id='u_1' 
INFO:root:Attempt City Build
INFO:root:unit.id='u_3' 
INFO:root:unit.id='u_7' 
INFO:root:priority, value.obj.cityid=(0.3333333333333333, 'c_1')
INFO:root:max_p_city=(0.3333333333333333, 'c_1')
INFO:root:move='m u_3 s' will result in an error
INFO:root:self.city_dict={'c_1': <agent.CityStatus object at 0x00000218FF9F7910>}
INFO:root:unit.id='u_1' 
INFO:root:unit.id='u_3' 
INFO:root:unit.id='u_7' 
INFO:root:priority, value.obj.cityid=(0.3333333333333333, 'c_1')
INFO:root:max_p_city=(0.3333333333333333, 'c_1')
INFO:root:----- turn = observation['step'], game_state=(55, <lux.game.Game object at 0x00000218EC9B9940>) ----- 
INFO:root:self.city_dict={'c_1': <agent.CityStatus object at 0x00000218FF9F7910>}
INFO:root:unit.id='u_1' 
INFO:root:Attempt City Build
INFO:root:unit.id='u_3' 
INFO:root:unit.id='u_7' 
INFO:root:priority, value.obj.cityid=(0.3333333333333333, 'c_1')
INFO:root:max_p_city=(0.3333333333333333, 'c_1')
INFO:root:self.city_dict={'c_1': <agent.CityStatus object at 0x00000218FF9F7910>}
INFO:root:unit.id='u_1' 
INFO:root:unit.id='u_3' 
INFO:root:unit.id='u_7' 
INFO:root:priority, value.obj.cityid=(0.3333333333333333, 'c_1')
INFO:root:max_p_city=(0.3333333333333333, 'c_1')
INFO:root:----- turn = observation['step'], game_state=(57, <lux.game.Game object at 0x00000218EC9B9940>) ----- 
INFO:root:self.city_dict={'c_1': <agent.CityStatus object at 0x00000218FF9F7910>}
INFO:root:unit.id='u_1' 
INFO:root:Attempt City Build
INFO:root:unit.id='u_3' 
INFO:root:unit.id='u_7' 
INFO:root:priority, value.obj.cityid=(0.3333333333333333, 'c_1')
INFO:root:max_p_city=(0.3333333333333333, 'c_1')
INFO:root:self.city_dict={'c_1': <agent.CityStatus object at 0x00000218FF9F7910>}
INFO:root:unit.id='u_1' 
INFO:root:unit.id='u_3' 
INFO:root:unit.id='u_7' 
INFO:root:priority, value.obj.cityid=(0.3333333333333333, 'c_1')
INFO:root:max_p_city=(0.3333333333333333, 'c_1')
INFO:root:----- turn = observation['step'], game_state=(59, <lux.game.Game object at 0x00000218EC9B9940>) ----- 
INFO:root:self.city_dict={'c_1': <agent.CityStatus object at 0x00000218FF9F7910>}
INFO:root:unit.id='u_1' 
INFO:root:Attempt City Build
INFO:root:unit.id='u_3' 
INFO:root:unit.id='u_7' 
INFO:root:priority, value.obj.cityid=(0.3333333333333333, 'c_1')
INFO:root:max_p_city=(0.3333333333333333, 'c_1')
INFO:root:self.city_dict={'c_1': <agent.CityStatus object at 0x00000218FF9F7910>}
INFO:root:status.num_explorers=0
INFO:root:Cluster location (2, 5), coal
INFO:root:Cluster location (2, 17), coal
INFO:root:Cluster location (13, 6), uranium
INFO:root:Cluster location (13, 16), uranium
INFO:root:Cluster location (21, 8), wood
INFO:root:build_cluster=<lux.game_map.Cell object at 0x00000218FFA08E50>
INFO:root:Best explorer found unit.id='u_1',
 build_cluster.pos.x,build_cluster.pos.y=(21, 8)
INFO:root:here1 = (<agent.WorkerStatus object at 0x00000218FFA276D0>, None, True)
INFO:root:explorer b build_location.pos.x,build_location.pos.y=(22, 6)
INFO:root:here2 = (<agent.WorkerStatus object at 0x00000218FFA276D0>, <lux.game_map.Cell object at 0x00000218FF9D3880>, True)
INFO:root:status.num_explorers=1
INFO:root:Cluster location (2, 5), coal
INFO:root:Cluster location (2, 17), coal
INFO:root:Cluster location (13, 6), uranium
INFO:root:Cluster location (13, 16), uranium
INFO:root:Cluster location (21, 8), wood
INFO:root:Cluster location (21, 15), wood
INFO:root:build_cluster=<lux.game_map.Cell object at 0x00000218FFA16E50>
INFO:root:Best explorer found unit.id='u_3',
 build_cluster.pos.x,build_cluster.pos.y=(21, 15)
INFO:root:here1 = (<agent.WorkerStatus object at 0x00000218FFA10460>, None, True)
INFO:root:explorer b build_location.pos.x,build_location.pos.y=(20, 15)
INFO:root:here2 = (<agent.WorkerStatus object at 0x00000218FFA10460>, <lux.game_map.Cell object at 0x00000218FF9E8DC0>, True)
INFO:root:unit.id='u_1' 
INFO:root:move_cell=<lux.game_map.Cell object at 0x00000218FF9D0760>
INFO:root:moving to cluster (22, 6)
INFO:root:Current loc (unit.pos.x,unit.pos.y)=(19, 7)
INFO:root:unit.id='u_3' 
INFO:root:unit.id='u_7' 
INFO:root:priority, value.obj.cityid=(0.3333333333333333, 'c_1')
INFO:root:max_p_city=(0.3333333333333333, 'c_1')
INFO:root:Building Worker
INFO:root:Building Worker
INFO:root:c=<lux.game_map.Cell object at 0x00000218FF9D3880>
INFO:root:c=<lux.game_map.Cell object at 0x00000218FF9E8DC0>
INFO:root:----- turn = observation['step'], game_state=(61, <lux.game.Game object at 0x00000218EC9B9940>) ----- 
INFO:root:self.city_dict={'c_1': <agent.CityStatus object at 0x00000218FF9F7910>}
INFO:root:New worker Created worker.id='u_9'
INFO:root:new_worker.home_city.pos.x,new_worker.home_city.pos.y=(20, 7)
INFO:root:unit.id='u_1' 
INFO:root:unit.id='u_3' 
INFO:root:move_cell=<lux.game_map.Cell object at 0x00000218FF9FF580>
INFO:root:moving to cluster (20, 15)
INFO:root:Current loc (unit.pos.x,unit.pos.y)=(21, 7)
INFO:root:unit.id='u_7' 
INFO:root:unit.id='u_9' 
INFO:root:priority, value.obj.cityid=(0.25, 'c_1')
INFO:root:max_p_city=(0.25, 'c_1')
INFO:root:self.city_dict={'c_1': <agent.CityStatus object at 0x00000218FF9F7910>}
INFO:root:unit.id='u_1' 
INFO:root:move_cell=<lux.game_map.Cell object at 0x00000218FFA0D040>
INFO:root:moving to cluster (22, 6)
INFO:root:Current loc (unit.pos.x,unit.pos.y)=(19, 8)
INFO:root:unit.id='u_3' 
INFO:root:unit.id='u_7' 
INFO:root:unit.id='u_9' 
INFO:root:priority, value.obj.cityid=(0.25, 'c_1')
INFO:root:max_p_city=(0.25, 'c_1')
INFO:root:move='m u_1 e' will result in an error
INFO:root:----- turn = observation['step'], game_state=(63, <lux.game.Game object at 0x00000218EC9B9940>) ----- 
INFO:root:self.city_dict={'c_1': <agent.CityStatus object at 0x00000218FF9F7910>}
INFO:root:unit.id='u_1' 
INFO:root:unit.id='u_3' 
INFO:root:move_cell=<lux.game_map.Cell object at 0x00000218FFA111C0>
INFO:root:moving to cluster (20, 15)
INFO:root:Current loc (unit.pos.x,unit.pos.y)=(21, 8)
INFO:root:unit.id='u_7' 
INFO:root:unit.id='u_9' 
INFO:root:priority, value.obj.cityid=(0.25, 'c_1')
INFO:root:max_p_city=(0.25, 'c_1')
INFO:root:self.city_dict={'c_1': <agent.CityStatus object at 0x00000218FF9F7910>}
INFO:root:unit.id='u_1' 
INFO:root:move_cell=<lux.game_map.Cell object at 0x00000218FF9E81C0>
INFO:root:moving to cluster (22, 6)
INFO:root:Current loc (unit.pos.x,unit.pos.y)=(20, 8)
INFO:root:unit.id='u_3' 
INFO:root:unit.id='u_7' 
INFO:root:unit.id='u_9' 
INFO:root:priority, value.obj.cityid=(0.25, 'c_1')
INFO:root:max_p_city=(0.25, 'c_1')
INFO:root:move='m u_1 e' will result in an error
INFO:root:move='m u_7 n' will result in an error
INFO:root:----- turn = observation['step'], game_state=(65, <lux.game.Game object at 0x00000218EC9B9940>) ----- 
INFO:root:self.city_dict={'c_1': <agent.CityStatus object at 0x00000218FF9F7910>}
INFO:root:unit.id='u_1' 
INFO:root:unit.id='u_3' 
INFO:root:move_cell=<lux.game_map.Cell object at 0x00000218FFA185E0>
INFO:root:moving to cluster (20, 15)
INFO:root:Current loc (unit.pos.x,unit.pos.y)=(22, 8)
INFO:root:unit.id='u_7' 
INFO:root:unit.id='u_9' 
INFO:root:priority, value.obj.cityid=(0.25, 'c_1')
INFO:root:max_p_city=(0.25, 'c_1')
INFO:root:self.city_dict={'c_1': <agent.CityStatus object at 0x00000218FF9F7910>}
INFO:root:unit.id='u_1' 
INFO:root:move_cell=<lux.game_map.Cell object at 0x00000218FFA27EB0>
INFO:root:moving to cluster (22, 6)
INFO:root:Current loc (unit.pos.x,unit.pos.y)=(19, 8)
INFO:root:unit.id='u_3' 
INFO:root:unit.id='u_7' 
INFO:root:unit.id='u_9' 
INFO:root:priority, value.obj.cityid=(0.25, 'c_1')
INFO:root:max_p_city=(0.25, 'c_1')
INFO:root:----- turn = observation['step'], game_state=(67, <lux.game.Game object at 0x00000218EC9B9940>) ----- 
INFO:root:self.city_dict={'c_1': <agent.CityStatus object at 0x00000218FF9F7910>}
INFO:root:unit.id='u_1' 
INFO:root:unit.id='u_3' 
INFO:root:move_cell=<lux.game_map.Cell object at 0x00000218FF9F72E0>
INFO:root:moving to cluster (20, 15)
INFO:root:Current loc (unit.pos.x,unit.pos.y)=(22, 9)
INFO:root:unit.id='u_7' 
INFO:root:unit.id='u_9' 
INFO:root:priority, value.obj.cityid=(0.25, 'c_1')
INFO:root:max_p_city=(0.25, 'c_1')
INFO:root:self.city_dict={'c_1': <agent.CityStatus object at 0x00000218FF9F7910>}
INFO:root:unit.id='u_1' 
INFO:root:Worker be working
INFO:root:unit.id='u_3' 
INFO:root:unit.id='u_7' 
INFO:root:unit.id='u_9' 
INFO:root:priority, value.obj.cityid=(0.25, 'c_1')
INFO:root:max_p_city=(0.25, 'c_1')
INFO:root:----- turn = observation['step'], game_state=(69, <lux.game.Game object at 0x00000218EC9B9940>) ----- 
INFO:root:self.city_dict={'c_1': <agent.CityStatus object at 0x00000218FF9F7910>}
INFO:root:unit.id='u_1' 
INFO:root:Worker be working
INFO:root:unit.id='u_3' 
INFO:root:unit.id='u_7' 
INFO:root:unit.id='u_9' 
INFO:root:priority, value.obj.cityid=(0.25, 'c_1')
INFO:root:max_p_city=(0.25, 'c_1')
INFO:root:self.city_dict={'c_1': <agent.CityStatus object at 0x00000218FF9F7910>}
INFO:root:unit.id='u_1' 
INFO:root:Worker be working
INFO:root:unit.id='u_3' 
INFO:root:unit.id='u_7' 
INFO:root:unit.id='u_9' 
INFO:root:priority, value.obj.cityid=(0.25, 'c_1')
INFO:root:max_p_city=(0.25, 'c_1')
INFO:root:----- turn = observation['step'], game_state=(71, <lux.game.Game object at 0x00000218EC9B9940>) ----- 
INFO:root:self.city_dict={'c_1': <agent.CityStatus object at 0x00000218FF9F7910>}
INFO:root:unit.id='u_1' 
INFO:root:Worker be working
INFO:root:unit.id='u_3' 
INFO:root:unit.id='u_7' 
INFO:root:unit.id='u_9' 
INFO:root:priority, value.obj.cityid=(0.25, 'c_1')
INFO:root:max_p_city=(0.25, 'c_1')
INFO:root:self.city_dict={'c_1': <agent.CityStatus object at 0x00000218FF9F7910>}
INFO:root:unit.id='u_1' 
INFO:root:Worker be working
INFO:root:unit.id='u_3' 
INFO:root:unit.id='u_7' 
INFO:root:unit.id='u_9' 
INFO:root:priority, value.obj.cityid=(0.25, 'c_1')
INFO:root:max_p_city=(0.25, 'c_1')
INFO:root:----- turn = observation['step'], game_state=(73, <lux.game.Game object at 0x00000218EC9B9940>) ----- 
INFO:root:self.city_dict={'c_1': <agent.CityStatus object at 0x00000218FF9F7910>}
INFO:root:unit.id='u_1' 
INFO:root:Worker be working
INFO:root:unit.id='u_3' 
INFO:root:unit.id='u_7' 
INFO:root:unit.id='u_9' 
INFO:root:priority, value.obj.cityid=(0.25, 'c_1')
INFO:root:max_p_city=(0.25, 'c_1')
INFO:root:self.city_dict={'c_1': <agent.CityStatus object at 0x00000218FF9F7910>}
INFO:root:unit.id='u_1' 
INFO:root:Worker be working
INFO:root:unit.id='u_3' 
INFO:root:unit.id='u_7' 
INFO:root:unit.id='u_9' 
INFO:root:priority, value.obj.cityid=(0.25, 'c_1')
INFO:root:max_p_city=(0.25, 'c_1')
INFO:root:----- turn = observation['step'], game_state=(75, <lux.game.Game object at 0x00000218EC9B9940>) ----- 
INFO:root:self.city_dict={'c_1': <agent.CityStatus object at 0x00000218FF9F7910>}
INFO:root:unit.id='u_1' 
INFO:root:Worker be working
INFO:root:unit.id='u_3' 
INFO:root:unit.id='u_7' 
INFO:root:unit.id='u_9' 
INFO:root:priority, value.obj.cityid=(0.25, 'c_1')
INFO:root:max_p_city=(0.25, 'c_1')
INFO:root:self.city_dict={'c_1': <agent.CityStatus object at 0x00000218FF9F7910>}
INFO:root:unit.id='u_1' 
INFO:root:Worker be working
INFO:root:unit.id='u_3' 
INFO:root:unit.id='u_7' 
INFO:root:unit.id='u_9' 
INFO:root:priority, value.obj.cityid=(0.25, 'c_1')
INFO:root:max_p_city=(0.25, 'c_1')
INFO:root:----- turn = observation['step'], game_state=(77, <lux.game.Game object at 0x00000218EC9B9940>) ----- 
INFO:root:self.city_dict={'c_1': <agent.CityStatus object at 0x00000218FF9F7910>}
INFO:root:unit.id='u_1' 
INFO:root:Worker be working
INFO:root:unit.id='u_3' 
INFO:root:unit.id='u_7' 
INFO:root:unit.id='u_9' 
INFO:root:priority, value.obj.cityid=(0.25, 'c_1')
INFO:root:max_p_city=(0.25, 'c_1')
INFO:root:self.city_dict={'c_1': <agent.CityStatus object at 0x00000218FF9F7910>}
INFO:root:unit.id='u_1' 
INFO:root:Worker be working
INFO:root:unit.id='u_3' 
INFO:root:unit.id='u_7' 
INFO:root:unit.id='u_9' 
INFO:root:priority, value.obj.cityid=(0.25, 'c_1')
INFO:root:max_p_city=(0.25, 'c_1')
INFO:root:----- turn = observation['step'], game_state=(79, <lux.game.Game object at 0x00000218EC9B9940>) ----- 
INFO:root:self.city_dict={'c_1': <agent.CityStatus object at 0x00000218FF9F7910>}
INFO:root:unit.id='u_1' 
INFO:root:Worker be working
INFO:root:unit.id='u_3' 
INFO:root:unit.id='u_7' 
INFO:root:unit.id='u_9' 
INFO:root:priority, value.obj.cityid=(0.25, 'c_1')
INFO:root:max_p_city=(0.25, 'c_1')
INFO:root:self.city_dict={'c_1': <agent.CityStatus object at 0x00000218FF9F7910>}
INFO:root:unit.id='u_1' 
INFO:root:move_cell=<lux.game_map.Cell object at 0x00000218FF9DF670>
INFO:root:moving to cluster (22, 6)
INFO:root:Current loc (unit.pos.x,unit.pos.y)=(20, 8)
INFO:root:unit.id='u_3' 
INFO:root:unit.id='u_7' 
INFO:root:unit.id='u_9' 
INFO:root:priority, value.obj.cityid=(0.25, 'c_1')
INFO:root:max_p_city=(0.25, 'c_1')
INFO:root:move='m u_7 e' will result in an error
INFO:root:----- turn = observation['step'], game_state=(81, <lux.game.Game object at 0x00000218EC9B9940>) ----- 
INFO:root:self.city_dict={'c_1': <agent.CityStatus object at 0x00000218FF9F7910>}
INFO:root:unit.id='u_1' 
INFO:root:unit.id='u_3' 
INFO:root:unit.id='u_7' 
INFO:root:unit.id='u_9' 
INFO:root:priority, value.obj.cityid=(0.25, 'c_1')
INFO:root:max_p_city=(0.25, 'c_1')
INFO:root:self.city_dict={'c_1': <agent.CityStatus object at 0x00000218FF9F7910>}
INFO:root:unit.id='u_1' 
INFO:root:move_cell=<lux.game_map.Cell object at 0x00000218FF9E9820>
INFO:root:moving to cluster (22, 6)
INFO:root:Current loc (unit.pos.x,unit.pos.y)=(21, 8)
INFO:root:unit.id='u_3' 
INFO:root:unit.id='u_7' 
INFO:root:unit.id='u_9' 
INFO:root:priority, value.obj.cityid=(0.25, 'c_1')
INFO:root:max_p_city=(0.25, 'c_1')
INFO:root:move='m u_1 n' will result in an error
INFO:root:----- turn = observation['step'], game_state=(83, <lux.game.Game object at 0x00000218EC9B9940>) ----- 
INFO:root:self.city_dict={'c_1': <agent.CityStatus object at 0x00000218FF9F7910>}
INFO:root:unit.id='u_1' 
INFO:root:unit.id='u_3' 
INFO:root:move_cell=<lux.game_map.Cell object at 0x00000218FF9CEB20>
INFO:root:moving to cluster (20, 15)
INFO:root:Current loc (unit.pos.x,unit.pos.y)=(21, 7)
INFO:root:unit.id='u_7' 
INFO:root:unit.id='u_9' 
INFO:root:priority, value.obj.cityid=(0.25, 'c_1')
INFO:root:max_p_city=(0.25, 'c_1')
INFO:root:self.city_dict={'c_1': <agent.CityStatus object at 0x00000218FF9F7910>}
INFO:root:unit.id='u_1' 
INFO:root:move_cell=<lux.game_map.Cell object at 0x00000218FFA34190>
INFO:root:moving to cluster (22, 6)
INFO:root:Current loc (unit.pos.x,unit.pos.y)=(22, 8)
INFO:root:unit.id='u_3' 
INFO:root:unit.id='u_7' 
INFO:root:unit.id='u_9' 
INFO:root:priority, value.obj.cityid=(0.25, 'c_1')
INFO:root:max_p_city=(0.25, 'c_1')
INFO:root:move='m u_7 s' will result in an error
INFO:root:move='m u_9 n' will result in an error
INFO:root:----- turn = observation['step'], game_state=(85, <lux.game.Game object at 0x00000218EC9B9940>) ----- 
INFO:root:self.city_dict={'c_1': <agent.CityStatus object at 0x00000218FF9F7910>}
INFO:root:unit.id='u_1' 
INFO:root:unit.id='u_3' 
INFO:root:move_cell=<lux.game_map.Cell object at 0x00000218FFA1D280>
INFO:root:moving to cluster (20, 15)
INFO:root:Current loc (unit.pos.x,unit.pos.y)=(21, 8)
INFO:root:unit.id='u_7' 
INFO:root:unit.id='u_9' 
INFO:root:priority, value.obj.cityid=(0.25, 'c_1')
INFO:root:max_p_city=(0.25, 'c_1')
INFO:root:self.city_dict={'c_1': <agent.CityStatus object at 0x00000218FF9F7910>}
INFO:root:unit.id='u_1' 
INFO:root:move_cell=<lux.game_map.Cell object at 0x00000218FFA34D00>
INFO:root:moving to cluster (22, 6)
INFO:root:Current loc (unit.pos.x,unit.pos.y)=(22, 7)
INFO:root:unit.id='u_3' 
INFO:root:unit.id='u_7' 
INFO:root:unit.id='u_9' 
INFO:root:priority, value.obj.cityid=(0.25, 'c_1')
INFO:root:max_p_city=(0.25, 'c_1')
INFO:root:----- turn = observation['step'], game_state=(87, <lux.game.Game object at 0x00000218EC9B9940>) ----- 
INFO:root:self.city_dict={'c_1': <agent.CityStatus object at 0x00000218FF9F7910>}
INFO:root:unit.id='u_1' 
INFO:root:unit.id='u_3' 
INFO:root:move_cell=<lux.game_map.Cell object at 0x00000218FFA33940>
INFO:root:moving to cluster (20, 15)
INFO:root:Current loc (unit.pos.x,unit.pos.y)=(22, 8)
INFO:root:unit.id='u_7' 
INFO:root:unit.id='u_9' 
INFO:root:priority, value.obj.cityid=(0.25, 'c_1')
INFO:root:max_p_city=(0.25, 'c_1')
INFO:root:self.city_dict={'c_1': <agent.CityStatus object at 0x00000218FF9F7910>}
INFO:root:unit.id='u_1' 
INFO:root:WE MADE IT BOIZ
INFO:root:(unit.pos.x,unit.pos.y)=(22, 6)
INFO:root:unit.id='u_3' 
INFO:root:unit.id='u_7' 
INFO:root:unit.id='u_9' 
INFO:root:priority, value.obj.cityid=(0.25, 'c_1')
INFO:root:max_p_city=(0.25, 'c_1')
INFO:root:----- turn = observation['step'], game_state=(89, <lux.game.Game object at 0x00000218EC9B9940>) ----- 
INFO:root:self.city_dict={'c_1': <agent.CityStatus object at 0x00000218FF9F7910>}
INFO:root:status.num_explorers=1
INFO:root:Cluster location (2, 5), coal
INFO:root:Cluster location (2, 17), coal
INFO:root:Cluster location (13, 6), uranium
INFO:root:Cluster location (13, 16), uranium
INFO:root:Cluster location (21, 8), wood
INFO:root:Cluster location (21, 15), wood
INFO:root:Cluster location (11, 0), wood
INFO:root:build_cluster=<lux.game_map.Cell object at 0x00000218FF9F9490>
INFO:root:Best explorer found unit.id='u_1',
 build_cluster.pos.x,build_cluster.pos.y=(11, 0)
INFO:root:here1 = (<agent.WorkerStatus object at 0x00000218FFA276D0>, None, True)
INFO:root:explorer b build_location.pos.x,build_location.pos.y=(9, 0)
INFO:root:here2 = (<agent.WorkerStatus object at 0x00000218FFA276D0>, <lux.game_map.Cell object at 0x00000218FFA01400>, True)
INFO:root:unit.id='u_1' 
INFO:root:move_cell=<lux.game_map.Cell object at 0x00000218FFA1D790>
INFO:root:moving to cluster (9, 0)
INFO:root:Current loc (unit.pos.x,unit.pos.y)=(22, 6)
INFO:root:unit.id='u_3' 
INFO:root:move_cell=<lux.game_map.Cell object at 0x00000218FF9EC430>
INFO:root:moving to cluster (20, 15)
INFO:root:Current loc (unit.pos.x,unit.pos.y)=(22, 9)
INFO:root:unit.id='u_7' 
INFO:root:unit.id='u_9' 
INFO:root:priority, value.obj.cityid=(0.25, 'c_1')
INFO:root:max_p_city=(0.25, 'c_1')
INFO:root:Building Worker
INFO:root:Building Worker
INFO:root:c=<lux.game_map.Cell object at 0x00000218FFA01400>
INFO:root:move='m u_9 n' will result in an error
INFO:root:self.city_dict={'c_1': <agent.CityStatus object at 0x00000218FF9F7910>}
INFO:root:New worker Created worker.id='u_12'
INFO:root:new_worker.home_city.pos.x,new_worker.home_city.pos.y=(21, 6)
INFO:root:unit.id='u_1' 
INFO:root:unit.id='u_3' 
INFO:root:unit.id='u_7' 
INFO:root:unit.id='u_9' 
INFO:root:unit.id='u_12' 
INFO:root:priority, value.obj.cityid=(0.2, 'c_1')
INFO:root:max_p_city=(0.2, 'c_1')
INFO:root:----- turn = observation['step'], game_state=(91, <lux.game.Game object at 0x00000218EC9B9940>) ----- 
INFO:root:self.city_dict={'c_1': <agent.CityStatus object at 0x00000218FF9F7910>}
INFO:root:unit.id='u_1' 
INFO:root:move_cell=<lux.game_map.Cell object at 0x00000218FFA1D850>
INFO:root:moving to cluster (9, 0)
INFO:root:Current loc (unit.pos.x,unit.pos.y)=(22, 5)
INFO:root:unit.id='u_3' 
INFO:root:move_cell=<lux.game_map.Cell object at 0x00000218EC9BAEE0>
INFO:root:moving to cluster (20, 15)
INFO:root:Current loc (unit.pos.x,unit.pos.y)=(22, 10)
INFO:root:unit.id='u_7' 
INFO:root:unit.id='u_9' 
INFO:root:unit.id='u_12' 
INFO:root:priority, value.obj.cityid=(0.2, 'c_1')
INFO:root:max_p_city=(0.2, 'c_1')
INFO:root:move='m u_9 e' will result in an error
INFO:root:self.city_dict={'c_1': <agent.CityStatus object at 0x00000218FF9F7910>}
INFO:root:unit.id='u_1' 
INFO:root:unit.id='u_3' 
INFO:root:unit.id='u_7' 
INFO:root:unit.id='u_9' 
INFO:root:unit.id='u_12' 
INFO:root:priority, value.obj.cityid=(0.2, 'c_1')
INFO:root:max_p_city=(0.2, 'c_1')
INFO:root:----- turn = observation['step'], game_state=(93, <lux.game.Game object at 0x00000218EC9B9940>) ----- 
INFO:root:self.city_dict={'c_1': <agent.CityStatus object at 0x00000218FF9F7910>}
INFO:root:unit.id='u_1' 
INFO:root:move_cell=<lux.game_map.Cell object at 0x00000218FF9D6520>
INFO:root:moving to cluster (9, 0)
INFO:root:Current loc (unit.pos.x,unit.pos.y)=(22, 4)
INFO:root:unit.id='u_3' 
INFO:root:move_cell=<lux.game_map.Cell object at 0x00000218FF9ED130>
INFO:root:moving to cluster (20, 15)
INFO:root:Current loc (unit.pos.x,unit.pos.y)=(22, 11)
INFO:root:unit.id='u_7' 
INFO:root:unit.id='u_9' 
INFO:root:unit.id='u_12' 
INFO:root:priority, value.obj.cityid=(0.2, 'c_1')
INFO:root:max_p_city=(0.2, 'c_1')
INFO:root:move='m u_9 s' will result in an error
INFO:root:self.city_dict={'c_1': <agent.CityStatus object at 0x00000218FF9F7910>}
INFO:root:unit.id='u_1' 
INFO:root:unit.id='u_3' 
INFO:root:unit.id='u_7' 
INFO:root:unit.id='u_9' 
INFO:root:unit.id='u_12' 
INFO:root:priority, value.obj.cityid=(0.2, 'c_1')
INFO:root:max_p_city=(0.2, 'c_1')
INFO:root:----- turn = observation['step'], game_state=(95, <lux.game.Game object at 0x00000218EC9B9940>) ----- 
INFO:root:self.city_dict={'c_1': <agent.CityStatus object at 0x00000218FF9F7910>}
INFO:root:unit.id='u_1' 
INFO:root:move_cell=<lux.game_map.Cell object at 0x00000218FFA1EBB0>
INFO:root:moving to cluster (9, 0)
INFO:root:Current loc (unit.pos.x,unit.pos.y)=(22, 3)
INFO:root:unit.id='u_3' 
INFO:root:move_cell=<lux.game_map.Cell object at 0x00000218FFA1B2B0>
INFO:root:moving to cluster (20, 15)
INFO:root:Current loc (unit.pos.x,unit.pos.y)=(22, 12)
INFO:root:unit.id='u_7' 
INFO:root:unit.id='u_9' 
INFO:root:unit.id='u_12' 
INFO:root:priority, value.obj.cityid=(0.2, 'c_1')
INFO:root:max_p_city=(0.2, 'c_1')
INFO:root:self.city_dict={'c_1': <agent.CityStatus object at 0x00000218FF9F7910>}
INFO:root:unit.id='u_1' 
INFO:root:unit.id='u_3' 
INFO:root:unit.id='u_7' 
INFO:root:unit.id='u_9' 
INFO:root:unit.id='u_12' 
INFO:root:priority, value.obj.cityid=(0.2, 'c_1')
INFO:root:max_p_city=(0.2, 'c_1')
INFO:root:----- turn = observation['step'], game_state=(97, <lux.game.Game object at 0x00000218EC9B9940>) ----- 
INFO:root:self.city_dict={'c_1': <agent.CityStatus object at 0x00000218FF9F7910>}
INFO:root:unit.id='u_1' 
INFO:root:move_cell=<lux.game_map.Cell object at 0x00000218FF9F9C10>
INFO:root:moving to cluster (9, 0)
INFO:root:Current loc (unit.pos.x,unit.pos.y)=(22, 2)
INFO:root:unit.id='u_3' 
INFO:root:move_cell=<lux.game_map.Cell object at 0x00000218FFA0ACD0>
INFO:root:moving to cluster (20, 15)
INFO:root:Current loc (unit.pos.x,unit.pos.y)=(22, 13)
INFO:root:unit.id='u_7' 
INFO:root:unit.id='u_9' 
INFO:root:unit.id='u_12' 
INFO:root:priority, value.obj.cityid=(0.2, 'c_1')
INFO:root:max_p_city=(0.2, 'c_1')
INFO:root:self.city_dict={'c_1': <agent.CityStatus object at 0x00000218FF9F7910>}
INFO:root:unit.id='u_1' 
INFO:root:unit.id='u_3' 
INFO:root:unit.id='u_7' 
INFO:root:unit.id='u_9' 
INFO:root:unit.id='u_12' 
INFO:root:priority, value.obj.cityid=(0.2, 'c_1')
INFO:root:max_p_city=(0.2, 'c_1')
INFO:root:----- turn = observation['step'], game_state=(99, <lux.game.Game object at 0x00000218EC9B9940>) ----- 
INFO:root:self.city_dict={'c_1': <agent.CityStatus object at 0x00000218FF9F7910>}
INFO:root:unit.id='u_1' 
INFO:root:move_cell=<lux.game_map.Cell object at 0x00000218FF9EB190>
INFO:root:moving to cluster (9, 0)
INFO:root:Current loc (unit.pos.x,unit.pos.y)=(22, 1)
INFO:root:unit.id='u_3' 
INFO:root:move_cell=<lux.game_map.Cell object at 0x00000218FF9CCBB0>
INFO:root:moving to cluster (20, 15)
INFO:root:Current loc (unit.pos.x,unit.pos.y)=(22, 14)
INFO:root:unit.id='u_7' 
INFO:root:unit.id='u_9' 
INFO:root:unit.id='u_12' 
INFO:root:priority, value.obj.cityid=(0.2, 'c_1')
INFO:root:max_p_city=(0.2, 'c_1')
INFO:root:self.city_dict={'c_1': <agent.CityStatus object at 0x00000218FF9F7910>}
INFO:root:unit.id='u_1' 
INFO:root:unit.id='u_3' 
INFO:root:unit.id='u_7' 
INFO:root:unit.id='u_9' 
INFO:root:unit.id='u_12' 
INFO:root:priority, value.obj.cityid=(0.2, 'c_1')
INFO:root:max_p_city=(0.2, 'c_1')
INFO:root:----- turn = observation['step'], game_state=(101, <lux.game.Game object at 0x00000218EC9B9940>) ----- 
INFO:root:self.city_dict={'c_1': <agent.CityStatus object at 0x00000218FF9F7910>}
INFO:root:unit.id='u_1' 
INFO:root:move_cell=<lux.game_map.Cell object at 0x00000218FF9EC280>
INFO:root:moving to cluster (9, 0)
INFO:root:Current loc (unit.pos.x,unit.pos.y)=(21, 1)
INFO:root:unit.id='u_3' 
INFO:root:move_cell=<lux.game_map.Cell object at 0x00000218FFA1EC40>
INFO:root:moving to cluster (20, 15)
INFO:root:Current loc (unit.pos.x,unit.pos.y)=(21, 14)
INFO:root:unit.id='u_7' 
INFO:root:unit.id='u_9' 
INFO:root:unit.id='u_12' 
INFO:root:priority, value.obj.cityid=(0.2, 'c_1')
INFO:root:max_p_city=(0.2, 'c_1')
INFO:root:self.city_dict={'c_1': <agent.CityStatus object at 0x00000218FF9F7910>}
INFO:root:unit.id='u_1' 
INFO:root:unit.id='u_3' 
INFO:root:unit.id='u_7' 
INFO:root:unit.id='u_9' 
INFO:root:unit.id='u_12' 
INFO:root:priority, value.obj.cityid=(0.2, 'c_1')
INFO:root:max_p_city=(0.2, 'c_1')
INFO:root:----- turn = observation['step'], game_state=(103, <lux.game.Game object at 0x00000218EC9B9940>) ----- 
INFO:root:self.city_dict={'c_1': <agent.CityStatus object at 0x00000218FF9F7910>}
INFO:root:unit.id='u_1' 
INFO:root:move_cell=<lux.game_map.Cell object at 0x00000218FFA166D0>
INFO:root:moving to cluster (9, 0)
INFO:root:Current loc (unit.pos.x,unit.pos.y)=(20, 1)
INFO:root:unit.id='u_3' 
INFO:root:move_cell=<lux.game_map.Cell object at 0x00000218FFA32A90>
INFO:root:moving to cluster (20, 15)
INFO:root:Current loc (unit.pos.x,unit.pos.y)=(21, 15)
INFO:root:unit.id='u_7' 
INFO:root:unit.id='u_9' 
INFO:root:unit.id='u_12' 
INFO:root:priority, value.obj.cityid=(0.2, 'c_1')
INFO:root:max_p_city=(0.2, 'c_1')
INFO:root:move='m u_7 n' will result in an error
INFO:root:move='m u_12 s' will result in an error
INFO:root:self.city_dict={'c_1': <agent.CityStatus object at 0x00000218FF9F7910>}
INFO:root:unit.id='u_1' 
INFO:root:unit.id='u_3' 
INFO:root:unit.id='u_7' 
INFO:root:unit.id='u_9' 
INFO:root:unit.id='u_12' 
INFO:root:priority, value.obj.cityid=(0.2, 'c_1')
INFO:root:max_p_city=(0.2, 'c_1')
INFO:root:----- turn = observation['step'], game_state=(105, <lux.game.Game object at 0x00000218EC9B9940>) ----- 
INFO:root:self.city_dict={'c_1': <agent.CityStatus object at 0x00000218FF9F7910>}
INFO:root:unit.id='u_1' 
INFO:root:move_cell=<lux.game_map.Cell object at 0x00000218FFA10D90>
INFO:root:moving to cluster (9, 0)
INFO:root:Current loc (unit.pos.x,unit.pos.y)=(19, 1)
INFO:root:unit.id='u_3' 
INFO:root:WE MADE IT BOIZ
INFO:root:(unit.pos.x,unit.pos.y)=(20, 15)
INFO:root:unit.id='u_7' 
INFO:root:unit.id='u_9' 
INFO:root:unit.id='u_12' 
INFO:root:priority, value.obj.cityid=(0.2, 'c_1')
INFO:root:max_p_city=(0.2, 'c_1')
INFO:root:self.city_dict={'c_1': <agent.CityStatus object at 0x00000218FF9F7910>, 'c_4': <agent.CityStatus object at 0x00000218FFA036D0>}
INFO:root:status.num_explorers=1
INFO:root:Cluster location (2, 5), coal
INFO:root:Cluster location (2, 17), coal
INFO:root:Cluster location (13, 6), uranium
INFO:root:Cluster location (13, 16), uranium
INFO:root:Cluster location (21, 8), wood
INFO:root:Cluster location (21, 15), wood
INFO:root:Cluster location (11, 0), wood
INFO:root:Cluster location (20, 0), coal
INFO:root:Cluster location (23, 6), uranium
INFO:root:Cluster location (4, 12), uranium
INFO:root:Cluster location (20, 12), wood
INFO:root:build_cluster=<lux.game_map.Cell object at 0x00000218FFA116D0>
INFO:root:Best explorer found unit.id='u_3',
 build_cluster.pos.x,build_cluster.pos.y=(20, 12)
INFO:root:here1 = (<agent.WorkerStatus object at 0x00000218FFA10460>, None, True)
INFO:root:explorer b build_location.pos.x,build_location.pos.y=(21, 14)
INFO:root:here2 = (<agent.WorkerStatus object at 0x00000218FFA10460>, <lux.game_map.Cell object at 0x00000218FF9CED60>, True)
INFO:root:unit.id='u_1' 
INFO:root:unit.id='u_3' 
INFO:root:move_cell=<lux.game_map.Cell object at 0x00000218FFA279D0>
INFO:root:moving to cluster (21, 14)
INFO:root:Current loc (unit.pos.x,unit.pos.y)=(20, 15)
INFO:root:unit.id='u_7' 
INFO:root:unit.id='u_9' 
INFO:root:unit.id='u_12' 
INFO:root:priority, value.obj.cityid=(0.2, 'c_1')
INFO:root:priority, value.obj.cityid=(0.2, 'c_4')
INFO:root:max_p_city=(0.2, 'c_1')
INFO:root:Building Worker
INFO:root:c=<lux.game_map.Cell object at 0x00000218FF9CED60>
INFO:root:----- turn = observation['step'], game_state=(107, <lux.game.Game object at 0x00000218EC9B9940>) ----- 
INFO:root:self.city_dict={'c_1': <agent.CityStatus object at 0x00000218FF9F7910>, 'c_4': <agent.CityStatus object at 0x00000218FFA036D0>}
INFO:root:New worker Created worker.id='u_14'
INFO:root:new_worker.home_city.pos.x,new_worker.home_city.pos.y=(20, 15)
INFO:root:unit.id='u_1' 
INFO:root:move_cell=<lux.game_map.Cell object at 0x00000218FFA1A910>
INFO:root:moving to cluster (9, 0)
INFO:root:Current loc (unit.pos.x,unit.pos.y)=(18, 1)
INFO:root:unit.id='u_3' 
INFO:root:unit.id='u_7' 
INFO:root:unit.id='u_9' 
INFO:root:unit.id='u_12' 
INFO:root:unit.id='u_14' 
INFO:root:priority, value.obj.cityid=(0.16666666666666666, 'c_1')
INFO:root:priority, value.obj.cityid=(0.16666666666666666, 'c_4')
INFO:root:max_p_city=(0.16666666666666666, 'c_1')
INFO:root:self.city_dict={'c_1': <agent.CityStatus object at 0x00000218FF9F7910>, 'c_4': <agent.CityStatus object at 0x00000218FFA036D0>}
INFO:root:unit.id='u_1' 
INFO:root:Worker be working
INFO:root:unit.id='u_3' 
INFO:root:Worker be working
INFO:root:unit.id='u_7' 
INFO:root:unit.id='u_9' 
INFO:root:unit.id='u_12' 
INFO:root:unit.id='u_14' 
INFO:root:priority, value.obj.cityid=(0.16666666666666666, 'c_1')
INFO:root:priority, value.obj.cityid=(0.16666666666666666, 'c_4')
INFO:root:max_p_city=(0.16666666666666666, 'c_1')
INFO:root:----- turn = observation['step'], game_state=(109, <lux.game.Game object at 0x00000218EC9B9940>) ----- 
INFO:root:self.city_dict={'c_1': <agent.CityStatus object at 0x00000218FF9F7910>, 'c_4': <agent.CityStatus object at 0x00000218FFA036D0>}
INFO:root:unit.id='u_1' 
INFO:root:Worker be working
INFO:root:unit.id='u_3' 
INFO:root:Worker be working
INFO:root:unit.id='u_7' 
INFO:root:unit.id='u_9' 
INFO:root:unit.id='u_12' 
INFO:root:unit.id='u_14' 
INFO:root:priority, value.obj.cityid=(0.16666666666666666, 'c_1')
INFO:root:priority, value.obj.cityid=(0.16666666666666666, 'c_4')
INFO:root:max_p_city=(0.16666666666666666, 'c_1')
INFO:root:self.city_dict={'c_1': <agent.CityStatus object at 0x00000218FF9F7910>, 'c_4': <agent.CityStatus object at 0x00000218FFA036D0>}
INFO:root:unit.id='u_1' 
INFO:root:Worker be working
INFO:root:unit.id='u_3' 
INFO:root:Worker be working
INFO:root:unit.id='u_7' 
INFO:root:unit.id='u_9' 
INFO:root:unit.id='u_12' 
INFO:root:unit.id='u_14' 
INFO:root:priority, value.obj.cityid=(0.16666666666666666, 'c_1')
INFO:root:priority, value.obj.cityid=(0.16666666666666666, 'c_4')
INFO:root:max_p_city=(0.16666666666666666, 'c_1')
INFO:root:----- turn = observation['step'], game_state=(111, <lux.game.Game object at 0x00000218EC9B9940>) ----- 
INFO:root:self.city_dict={'c_1': <agent.CityStatus object at 0x00000218FF9F7910>, 'c_4': <agent.CityStatus object at 0x00000218FFA036D0>}
INFO:root:Looks like key='u_1' has died
INFO:root:Looks like key='u_3' has died
INFO:root:Looks like key='u_14' has died
INFO:root:unit.id='u_7' 
INFO:root:unit.id='u_9' 
INFO:root:unit.id='u_12' 
INFO:root:priority, value.obj.cityid=(0.16666666666666666, 'c_1')
INFO:root:priority, value.obj.cityid=(0.16666666666666666, 'c_4')
INFO:root:max_p_city=(0.16666666666666666, 'c_1')
INFO:root:Building Worker
INFO:root:self.city_dict={'c_1': <agent.CityStatus object at 0x00000218FF9F7910>, 'c_4': <agent.CityStatus object at 0x00000218FFA036D0>}
INFO:root:New worker Created worker.id='u_15'
INFO:root:new_worker.home_city.pos.x,new_worker.home_city.pos.y=(19, 7)
INFO:root:unit.id='u_7' 
INFO:root:unit.id='u_9' 
INFO:root:unit.id='u_12' 
INFO:root:unit.id='u_15' 
INFO:root:priority, value.obj.cityid=(0.14285714285714285, 'c_1')
INFO:root:priority, value.obj.cityid=(0.14285714285714285, 'c_4')
INFO:root:max_p_city=(0.14285714285714285, 'c_1')
INFO:root:----- turn = observation['step'], game_state=(113, <lux.game.Game object at 0x00000218EC9B9940>) ----- 
INFO:root:self.city_dict={'c_1': <agent.CityStatus object at 0x00000218FF9F7910>, 'c_4': <agent.CityStatus object at 0x00000218FFA036D0>}
INFO:root:unit.id='u_7' 
INFO:root:unit.id='u_9' 
INFO:root:unit.id='u_12' 
INFO:root:unit.id='u_15' 
INFO:root:priority, value.obj.cityid=(0.14285714285714285, 'c_1')
INFO:root:priority, value.obj.cityid=(0.14285714285714285, 'c_4')
INFO:root:max_p_city=(0.14285714285714285, 'c_1')
INFO:root:self.city_dict={'c_1': <agent.CityStatus object at 0x00000218FF9F7910>, 'c_4': <agent.CityStatus object at 0x00000218FFA036D0>}
INFO:root:unit.id='u_7' 
INFO:root:unit.id='u_9' 
INFO:root:unit.id='u_12' 
INFO:root:unit.id='u_15' 
INFO:root:priority, value.obj.cityid=(0.14285714285714285, 'c_1')
INFO:root:priority, value.obj.cityid=(0.14285714285714285, 'c_4')
INFO:root:max_p_city=(0.14285714285714285, 'c_1')
INFO:root:----- turn = observation['step'], game_state=(115, <lux.game.Game object at 0x00000218EC9B9940>) ----- 
INFO:root:self.city_dict={'c_1': <agent.CityStatus object at 0x00000218FF9F7910>, 'c_4': <agent.CityStatus object at 0x00000218FFA036D0>}
INFO:root:unit.id='u_7' 
INFO:root:unit.id='u_9' 
INFO:root:unit.id='u_12' 
INFO:root:unit.id='u_15' 
INFO:root:priority, value.obj.cityid=(0.14285714285714285, 'c_1')
INFO:root:priority, value.obj.cityid=(0.14285714285714285, 'c_4')
INFO:root:max_p_city=(0.14285714285714285, 'c_1')
INFO:root:self.city_dict={'c_1': <agent.CityStatus object at 0x00000218FF9F7910>, 'c_4': <agent.CityStatus object at 0x00000218FFA036D0>}
INFO:root:unit.id='u_7' 
INFO:root:unit.id='u_9' 
INFO:root:unit.id='u_12' 
INFO:root:unit.id='u_15' 
INFO:root:priority, value.obj.cityid=(0.14285714285714285, 'c_1')
INFO:root:priority, value.obj.cityid=(0.14285714285714285, 'c_4')
INFO:root:max_p_city=(0.14285714285714285, 'c_1')
INFO:root:----- turn = observation['step'], game_state=(117, <lux.game.Game object at 0x00000218EC9B9940>) ----- 
INFO:root:self.city_dict={'c_1': <agent.CityStatus object at 0x00000218FF9F7910>, 'c_4': <agent.CityStatus object at 0x00000218FFA036D0>}
INFO:root:unit.id='u_7' 
INFO:root:unit.id='u_9' 
INFO:root:unit.id='u_12' 
INFO:root:unit.id='u_15' 
INFO:root:priority, value.obj.cityid=(0.14285714285714285, 'c_1')
INFO:root:priority, value.obj.cityid=(0.14285714285714285, 'c_4')
INFO:root:max_p_city=(0.14285714285714285, 'c_1')
INFO:root:self.city_dict={'c_1': <agent.CityStatus object at 0x00000218FF9F7910>, 'c_4': <agent.CityStatus object at 0x00000218FFA036D0>}
INFO:root:unit.id='u_7' 
INFO:root:unit.id='u_9' 
INFO:root:unit.id='u_12' 
INFO:root:unit.id='u_15' 
INFO:root:priority, value.obj.cityid=(0.14285714285714285, 'c_1')
INFO:root:priority, value.obj.cityid=(0.14285714285714285, 'c_4')
INFO:root:max_p_city=(0.14285714285714285, 'c_1')
INFO:root:Building Worker
INFO:root:----- turn = observation['step'], game_state=(119, <lux.game.Game object at 0x00000218EC9B9940>) ----- 
INFO:root:self.city_dict={'c_1': <agent.CityStatus object at 0x00000218FF9F7910>, 'c_4': <agent.CityStatus object at 0x00000218FFA036D0>}
INFO:root:New worker Created worker.id='u_16'
INFO:root:new_worker.home_city.pos.x,new_worker.home_city.pos.y=(20, 6)
INFO:root:unit.id='u_7' 
INFO:root:Worker be working
INFO:root:unit.id='u_9' 
INFO:root:unit.id='u_12' 
INFO:root:unit.id='u_15' 
INFO:root:unit.id='u_16' 
INFO:root:priority, value.obj.cityid=(0.125, 'c_1')
INFO:root:priority, value.obj.cityid=(0.125, 'c_4')
INFO:root:max_p_city=(0.125, 'c_1')
INFO:root:self.city_dict={'c_1': <agent.CityStatus object at 0x00000218FF9F7910>, 'c_4': <agent.CityStatus object at 0x00000218FFA036D0>}
INFO:root:unit.id='u_7' 
INFO:root:unit.id='u_9' 
INFO:root:unit.id='u_12' 
INFO:root:unit.id='u_15' 
INFO:root:unit.id='u_16' 
INFO:root:priority, value.obj.cityid=(0.125, 'c_1')
INFO:root:priority, value.obj.cityid=(0.125, 'c_4')
INFO:root:max_p_city=(0.125, 'c_1')
INFO:root:----- turn = observation['step'], game_state=(121, <lux.game.Game object at 0x00000218EC9B9940>) ----- 
INFO:root:self.city_dict={'c_1': <agent.CityStatus object at 0x00000218FF9F7910>, 'c_4': <agent.CityStatus object at 0x00000218FFA036D0>}
INFO:root:unit.id='u_7' 
INFO:root:unit.id='u_9' 
INFO:root:unit.id='u_12' 
INFO:root:unit.id='u_15' 
INFO:root:unit.id='u_16' 
INFO:root:priority, value.obj.cityid=(0.125, 'c_1')
INFO:root:priority, value.obj.cityid=(0.125, 'c_4')
INFO:root:max_p_city=(0.125, 'c_1')
INFO:root:self.city_dict={'c_1': <agent.CityStatus object at 0x00000218FF9F7910>, 'c_4': <agent.CityStatus object at 0x00000218FFA036D0>}
INFO:root:unit.id='u_7' 
INFO:root:unit.id='u_9' 
INFO:root:unit.id='u_12' 
INFO:root:unit.id='u_15' 
INFO:root:unit.id='u_16' 
INFO:root:priority, value.obj.cityid=(0.125, 'c_1')
INFO:root:priority, value.obj.cityid=(0.125, 'c_4')
INFO:root:max_p_city=(0.125, 'c_1')
INFO:root:----- turn = observation['step'], game_state=(123, <lux.game.Game object at 0x00000218EC9B9940>) ----- 
INFO:root:self.city_dict={'c_1': <agent.CityStatus object at 0x00000218FF9F7910>, 'c_4': <agent.CityStatus object at 0x00000218FFA036D0>}
INFO:root:unit.id='u_7' 
INFO:root:unit.id='u_9' 
INFO:root:unit.id='u_12' 
INFO:root:unit.id='u_15' 
INFO:root:unit.id='u_16' 
INFO:root:priority, value.obj.cityid=(0.125, 'c_1')
INFO:root:priority, value.obj.cityid=(0.125, 'c_4')
INFO:root:max_p_city=(0.125, 'c_1')
INFO:root:self.city_dict={'c_1': <agent.CityStatus object at 0x00000218FF9F7910>, 'c_4': <agent.CityStatus object at 0x00000218FFA036D0>}
INFO:root:unit.id='u_7' 
INFO:root:unit.id='u_9' 
INFO:root:unit.id='u_12' 
INFO:root:unit.id='u_15' 
INFO:root:unit.id='u_16' 
INFO:root:priority, value.obj.cityid=(0.125, 'c_1')
INFO:root:priority, value.obj.cityid=(0.125, 'c_4')
INFO:root:max_p_city=(0.125, 'c_1')
INFO:root:----- turn = observation['step'], game_state=(125, <lux.game.Game object at 0x00000218EC9B9940>) ----- 
INFO:root:self.city_dict={'c_1': <agent.CityStatus object at 0x00000218FF9F7910>, 'c_4': <agent.CityStatus object at 0x00000218FFA036D0>}
INFO:root:unit.id='u_7' 
INFO:root:unit.id='u_9' 
INFO:root:unit.id='u_12' 
INFO:root:unit.id='u_15' 
INFO:root:unit.id='u_16' 
INFO:root:priority, value.obj.cityid=(0.125, 'c_1')
INFO:root:priority, value.obj.cityid=(0.125, 'c_4')
INFO:root:max_p_city=(0.125, 'c_1')
INFO:root:self.city_dict={'c_1': <agent.CityStatus object at 0x00000218FF9F7910>, 'c_4': <agent.CityStatus object at 0x00000218FFA036D0>}
INFO:root:unit.id='u_7' 
INFO:root:unit.id='u_9' 
INFO:root:unit.id='u_12' 
INFO:root:unit.id='u_15' 
INFO:root:unit.id='u_16' 
INFO:root:priority, value.obj.cityid=(0.125, 'c_1')
INFO:root:priority, value.obj.cityid=(0.125, 'c_4')
INFO:root:max_p_city=(0.125, 'c_1')
INFO:root:----- turn = observation['step'], game_state=(127, <lux.game.Game object at 0x00000218EC9B9940>) ----- 
INFO:root:self.city_dict={'c_1': <agent.CityStatus object at 0x00000218FF9F7910>, 'c_4': <agent.CityStatus object at 0x00000218FFA036D0>}
INFO:root:unit.id='u_7' 
INFO:root:unit.id='u_9' 
INFO:root:unit.id='u_12' 
INFO:root:unit.id='u_15' 
INFO:root:unit.id='u_16' 
INFO:root:priority, value.obj.cityid=(0.125, 'c_1')
INFO:root:priority, value.obj.cityid=(0.125, 'c_4')
INFO:root:max_p_city=(0.125, 'c_1')
INFO:root:self.city_dict={'c_1': <agent.CityStatus object at 0x00000218FF9F7910>, 'c_4': <agent.CityStatus object at 0x00000218FFA036D0>}
INFO:root:unit.id='u_7' 
INFO:root:unit.id='u_9' 
INFO:root:unit.id='u_12' 
INFO:root:unit.id='u_15' 
INFO:root:unit.id='u_16' 
INFO:root:priority, value.obj.cityid=(0.125, 'c_1')
INFO:root:priority, value.obj.cityid=(0.125, 'c_4')
INFO:root:max_p_city=(0.125, 'c_1')
INFO:root:----- turn = observation['step'], game_state=(129, <lux.game.Game object at 0x00000218EC9B9940>) ----- 
INFO:root:self.city_dict={'c_1': <agent.CityStatus object at 0x00000218FF9F7910>, 'c_4': <agent.CityStatus object at 0x00000218FFA036D0>}
INFO:root:unit.id='u_7' 
INFO:root:unit.id='u_9' 
INFO:root:unit.id='u_12' 
INFO:root:unit.id='u_15' 
INFO:root:unit.id='u_16' 
INFO:root:priority, value.obj.cityid=(0.125, 'c_1')
INFO:root:priority, value.obj.cityid=(0.125, 'c_4')
INFO:root:max_p_city=(0.125, 'c_1')
INFO:root:self.city_dict={'c_1': <agent.CityStatus object at 0x00000218FF9F7910>, 'c_4': <agent.CityStatus object at 0x00000218FFA036D0>}
INFO:root:unit.id='u_7' 
INFO:root:unit.id='u_9' 
INFO:root:unit.id='u_12' 
INFO:root:unit.id='u_15' 
INFO:root:unit.id='u_16' 
INFO:root:priority, value.obj.cityid=(0.125, 'c_1')
INFO:root:priority, value.obj.cityid=(0.125, 'c_4')
INFO:root:max_p_city=(0.125, 'c_1')
INFO:root:----- turn = observation['step'], game_state=(131, <lux.game.Game object at 0x00000218EC9B9940>) ----- 
INFO:root:self.city_dict={'c_1': <agent.CityStatus object at 0x00000218FF9F7910>, 'c_4': <agent.CityStatus object at 0x00000218FFA036D0>}
INFO:root:unit.id='u_7' 
INFO:root:unit.id='u_9' 
INFO:root:unit.id='u_12' 
INFO:root:unit.id='u_15' 
INFO:root:unit.id='u_16' 
INFO:root:priority, value.obj.cityid=(0.125, 'c_1')
INFO:root:priority, value.obj.cityid=(0.125, 'c_4')
INFO:root:max_p_city=(0.125, 'c_1')
INFO:root:self.city_dict={'c_1': <agent.CityStatus object at 0x00000218FF9F7910>, 'c_4': <agent.CityStatus object at 0x00000218FFA036D0>}
INFO:root:unit.id='u_7' 
INFO:root:unit.id='u_9' 
INFO:root:unit.id='u_12' 
INFO:root:unit.id='u_15' 
INFO:root:unit.id='u_16' 
INFO:root:priority, value.obj.cityid=(0.125, 'c_1')
INFO:root:priority, value.obj.cityid=(0.125, 'c_4')
INFO:root:max_p_city=(0.125, 'c_1')
INFO:root:----- turn = observation['step'], game_state=(133, <lux.game.Game object at 0x00000218EC9B9940>) ----- 
INFO:root:self.city_dict={'c_1': <agent.CityStatus object at 0x00000218FF9F7910>, 'c_4': <agent.CityStatus object at 0x00000218FFA036D0>}
INFO:root:unit.id='u_7' 
INFO:root:unit.id='u_9' 
INFO:root:unit.id='u_12' 
INFO:root:unit.id='u_15' 
INFO:root:unit.id='u_16' 
INFO:root:priority, value.obj.cityid=(0.125, 'c_1')
INFO:root:priority, value.obj.cityid=(0.125, 'c_4')
INFO:root:max_p_city=(0.125, 'c_1')
INFO:root:self.city_dict={'c_1': <agent.CityStatus object at 0x00000218FF9F7910>, 'c_4': <agent.CityStatus object at 0x00000218FFA036D0>}
INFO:root:unit.id='u_7' 
INFO:root:unit.id='u_9' 
INFO:root:unit.id='u_12' 
INFO:root:unit.id='u_15' 
INFO:root:unit.id='u_16' 
INFO:root:priority, value.obj.cityid=(0.125, 'c_1')
INFO:root:priority, value.obj.cityid=(0.125, 'c_4')
INFO:root:max_p_city=(0.125, 'c_1')
INFO:root:----- turn = observation['step'], game_state=(135, <lux.game.Game object at 0x00000218EC9B9940>) ----- 
INFO:root:self.city_dict={'c_1': <agent.CityStatus object at 0x00000218FF9F7910>, 'c_4': <agent.CityStatus object at 0x00000218FFA036D0>}
INFO:root:unit.id='u_7' 
INFO:root:unit.id='u_9' 
INFO:root:unit.id='u_12' 
INFO:root:unit.id='u_15' 
INFO:root:unit.id='u_16' 
INFO:root:priority, value.obj.cityid=(0.125, 'c_1')
INFO:root:priority, value.obj.cityid=(0.125, 'c_4')
INFO:root:max_p_city=(0.125, 'c_1')
INFO:root:self.city_dict={'c_1': <agent.CityStatus object at 0x00000218FF9F7910>, 'c_4': <agent.CityStatus object at 0x00000218FFA036D0>}
INFO:root:unit.id='u_7' 
INFO:root:unit.id='u_9' 
INFO:root:unit.id='u_12' 
INFO:root:unit.id='u_15' 
INFO:root:unit.id='u_16' 
INFO:root:priority, value.obj.cityid=(0.125, 'c_1')
INFO:root:priority, value.obj.cityid=(0.125, 'c_4')
INFO:root:max_p_city=(0.125, 'c_1')
INFO:root:----- turn = observation['step'], game_state=(137, <lux.game.Game object at 0x00000218EC9B9940>) ----- 
INFO:root:self.city_dict={'c_1': <agent.CityStatus object at 0x00000218FF9F7910>, 'c_4': <agent.CityStatus object at 0x00000218FFA036D0>}
INFO:root:unit.id='u_7' 
INFO:root:unit.id='u_9' 
INFO:root:unit.id='u_12' 
INFO:root:unit.id='u_15' 
INFO:root:unit.id='u_16' 
INFO:root:priority, value.obj.cityid=(0.125, 'c_1')
INFO:root:priority, value.obj.cityid=(0.125, 'c_4')
INFO:root:max_p_city=(0.125, 'c_1')
INFO:root:self.city_dict={'c_1': <agent.CityStatus object at 0x00000218FF9F7910>, 'c_4': <agent.CityStatus object at 0x00000218FFA036D0>}
INFO:root:unit.id='u_7' 
INFO:root:unit.id='u_9' 
INFO:root:unit.id='u_12' 
INFO:root:unit.id='u_15' 
INFO:root:unit.id='u_16' 
INFO:root:priority, value.obj.cityid=(0.125, 'c_1')
INFO:root:priority, value.obj.cityid=(0.125, 'c_4')
INFO:root:max_p_city=(0.125, 'c_1')
INFO:root:----- turn = observation['step'], game_state=(139, <lux.game.Game object at 0x00000218EC9B9940>) ----- 
INFO:root:self.city_dict={'c_1': <agent.CityStatus object at 0x00000218FF9F7910>, 'c_4': <agent.CityStatus object at 0x00000218FFA036D0>}
INFO:root:unit.id='u_7' 
INFO:root:unit.id='u_9' 
INFO:root:unit.id='u_12' 
INFO:root:unit.id='u_15' 
INFO:root:unit.id='u_16' 
INFO:root:priority, value.obj.cityid=(0.125, 'c_1')
INFO:root:priority, value.obj.cityid=(0.125, 'c_4')
INFO:root:max_p_city=(0.125, 'c_1')
INFO:root:self.city_dict={'c_1': <agent.CityStatus object at 0x00000218FF9F7910>, 'c_4': <agent.CityStatus object at 0x00000218FFA036D0>}
INFO:root:unit.id='u_7' 
INFO:root:unit.id='u_9' 
INFO:root:unit.id='u_12' 
INFO:root:unit.id='u_15' 
INFO:root:unit.id='u_16' 
INFO:root:priority, value.obj.cityid=(0.125, 'c_1')
INFO:root:priority, value.obj.cityid=(0.125, 'c_4')
INFO:root:max_p_city=(0.125, 'c_1')
INFO:root:----- turn = observation['step'], game_state=(141, <lux.game.Game object at 0x00000218EC9B9940>) ----- 
INFO:root:self.city_dict={'c_1': <agent.CityStatus object at 0x00000218FF9F7910>, 'c_4': <agent.CityStatus object at 0x00000218FFA036D0>}
INFO:root:unit.id='u_7' 
INFO:root:unit.id='u_9' 
INFO:root:unit.id='u_12' 
INFO:root:unit.id='u_15' 
INFO:root:unit.id='u_16' 
INFO:root:priority, value.obj.cityid=(0.125, 'c_1')
INFO:root:priority, value.obj.cityid=(0.125, 'c_4')
INFO:root:max_p_city=(0.125, 'c_1')
INFO:root:self.city_dict={'c_1': <agent.CityStatus object at 0x00000218FF9F7910>, 'c_4': <agent.CityStatus object at 0x00000218FFA036D0>}
INFO:root:unit.id='u_7' 
INFO:root:unit.id='u_9' 
INFO:root:unit.id='u_12' 
INFO:root:unit.id='u_15' 
INFO:root:unit.id='u_16' 
INFO:root:priority, value.obj.cityid=(0.125, 'c_1')
INFO:root:priority, value.obj.cityid=(0.125, 'c_4')
INFO:root:max_p_city=(0.125, 'c_1')
INFO:root:----- turn = observation['step'], game_state=(143, <lux.game.Game object at 0x00000218EC9B9940>) ----- 
INFO:root:self.city_dict={'c_1': <agent.CityStatus object at 0x00000218FF9F7910>, 'c_4': <agent.CityStatus object at 0x00000218FFA036D0>}
INFO:root:unit.id='u_7' 
INFO:root:unit.id='u_9' 
INFO:root:unit.id='u_12' 
INFO:root:unit.id='u_15' 
INFO:root:unit.id='u_16' 
INFO:root:priority, value.obj.cityid=(0.125, 'c_1')
INFO:root:priority, value.obj.cityid=(0.125, 'c_4')
INFO:root:max_p_city=(0.125, 'c_1')
INFO:root:self.city_dict={'c_1': <agent.CityStatus object at 0x00000218FF9F7910>, 'c_4': <agent.CityStatus object at 0x00000218FFA036D0>}
INFO:root:unit.id='u_7' 
INFO:root:unit.id='u_9' 
INFO:root:unit.id='u_12' 
INFO:root:unit.id='u_15' 
INFO:root:unit.id='u_16' 
INFO:root:priority, value.obj.cityid=(0.125, 'c_1')
INFO:root:priority, value.obj.cityid=(0.125, 'c_4')
INFO:root:max_p_city=(0.125, 'c_1')
INFO:root:----- turn = observation['step'], game_state=(145, <lux.game.Game object at 0x00000218EC9B9940>) ----- 
INFO:root:self.city_dict={'c_1': <agent.CityStatus object at 0x00000218FF9F7910>, 'c_4': <agent.CityStatus object at 0x00000218FFA036D0>}
INFO:root:unit.id='u_7' 
INFO:root:unit.id='u_9' 
INFO:root:unit.id='u_12' 
INFO:root:unit.id='u_15' 
INFO:root:unit.id='u_16' 
INFO:root:priority, value.obj.cityid=(0.125, 'c_1')
INFO:root:priority, value.obj.cityid=(0.125, 'c_4')
INFO:root:max_p_city=(0.125, 'c_1')
INFO:root:self.city_dict={'c_1': <agent.CityStatus object at 0x00000218FF9F7910>, 'c_4': <agent.CityStatus object at 0x00000218FFA036D0>}
INFO:root:unit.id='u_7' 
INFO:root:unit.id='u_9' 
INFO:root:unit.id='u_12' 
INFO:root:unit.id='u_15' 
INFO:root:unit.id='u_16' 
INFO:root:priority, value.obj.cityid=(0.125, 'c_1')
INFO:root:priority, value.obj.cityid=(0.125, 'c_4')
INFO:root:max_p_city=(0.125, 'c_1')
INFO:root:----- turn = observation['step'], game_state=(147, <lux.game.Game object at 0x00000218EC9B9940>) ----- 
INFO:root:self.city_dict={'c_1': <agent.CityStatus object at 0x00000218FF9F7910>, 'c_4': <agent.CityStatus object at 0x00000218FFA036D0>}
INFO:root:unit.id='u_7' 
INFO:root:unit.id='u_9' 
INFO:root:unit.id='u_12' 
INFO:root:unit.id='u_15' 
INFO:root:unit.id='u_16' 
INFO:root:priority, value.obj.cityid=(0.125, 'c_1')
INFO:root:priority, value.obj.cityid=(0.125, 'c_4')
INFO:root:max_p_city=(0.125, 'c_1')
INFO:root:self.city_dict={'c_1': <agent.CityStatus object at 0x00000218FF9F7910>, 'c_4': <agent.CityStatus object at 0x00000218FFA036D0>}
INFO:root:unit.id='u_7' 
INFO:root:Worker be working
INFO:root:unit.id='u_9' 
INFO:root:unit.id='u_12' 
INFO:root:unit.id='u_15' 
INFO:root:unit.id='u_16' 
INFO:root:priority, value.obj.cityid=(0.125, 'c_1')
INFO:root:priority, value.obj.cityid=(0.125, 'c_4')
INFO:root:max_p_city=(0.125, 'c_1')
INFO:root:----- turn = observation['step'], game_state=(149, <lux.game.Game object at 0x00000218EC9B9940>) ----- 
INFO:root:self.city_dict={'c_1': <agent.CityStatus object at 0x00000218FF9F7910>, 'c_4': <agent.CityStatus object at 0x00000218FFA036D0>}
INFO:root:unit.id='u_7' 
INFO:root:Worker be working
INFO:root:unit.id='u_9' 
INFO:root:unit.id='u_12' 
INFO:root:unit.id='u_15' 
INFO:root:unit.id='u_16' 
INFO:root:priority, value.obj.cityid=(0.125, 'c_1')
INFO:root:priority, value.obj.cityid=(0.125, 'c_4')
INFO:root:max_p_city=(0.125, 'c_1')
INFO:root:self.city_dict={'c_1': <agent.CityStatus object at 0x00000218FF9F7910>, 'c_4': <agent.CityStatus object at 0x00000218FFA036D0>}
INFO:root:unit.id='u_7' 
INFO:root:Worker be working
INFO:root:unit.id='u_9' 
INFO:root:unit.id='u_12' 
INFO:root:unit.id='u_15' 
INFO:root:unit.id='u_16' 
INFO:root:priority, value.obj.cityid=(0.125, 'c_1')
INFO:root:priority, value.obj.cityid=(0.125, 'c_4')
INFO:root:max_p_city=(0.125, 'c_1')
INFO:root:----- turn = observation['step'], game_state=(151, <lux.game.Game object at 0x00000218EC9B9940>) ----- 
INFO:root:self.city_dict={'c_1': <agent.CityStatus object at 0x00000218FF9F7910>, 'c_4': <agent.CityStatus object at 0x00000218FFA036D0>}
INFO:root:unit.id='u_7' 
INFO:root:Worker be working
INFO:root:unit.id='u_9' 
INFO:root:unit.id='u_12' 
INFO:root:unit.id='u_15' 
INFO:root:unit.id='u_16' 
INFO:root:priority, value.obj.cityid=(0.125, 'c_1')
INFO:root:priority, value.obj.cityid=(0.125, 'c_4')
INFO:root:max_p_city=(0.125, 'c_1')
INFO:root:self.city_dict={'c_1': <agent.CityStatus object at 0x00000218FF9F7910>, 'c_4': <agent.CityStatus object at 0x00000218FFA036D0>}
INFO:root:unit.id='u_7' 
INFO:root:Worker be working
INFO:root:unit.id='u_9' 
INFO:root:unit.id='u_12' 
INFO:root:unit.id='u_15' 
INFO:root:unit.id='u_16' 
INFO:root:priority, value.obj.cityid=(0.125, 'c_1')
INFO:root:priority, value.obj.cityid=(0.125, 'c_4')
INFO:root:max_p_city=(0.125, 'c_1')
INFO:root:----- turn = observation['step'], game_state=(153, <lux.game.Game object at 0x00000218EC9B9940>) ----- 
INFO:root:self.city_dict={'c_1': <agent.CityStatus object at 0x00000218FF9F7910>, 'c_4': <agent.CityStatus object at 0x00000218FFA036D0>}
INFO:root:unit.id='u_7' 
INFO:root:Worker be working
INFO:root:unit.id='u_9' 
INFO:root:unit.id='u_12' 
INFO:root:unit.id='u_15' 
INFO:root:unit.id='u_16' 
INFO:root:priority, value.obj.cityid=(0.125, 'c_1')
INFO:root:priority, value.obj.cityid=(0.125, 'c_4')
INFO:root:max_p_city=(0.125, 'c_1')
INFO:root:self.city_dict={'c_1': <agent.CityStatus object at 0x00000218FF9F7910>, 'c_4': <agent.CityStatus object at 0x00000218FFA036D0>}
INFO:root:unit.id='u_7' 
INFO:root:Worker be working
INFO:root:unit.id='u_9' 
INFO:root:unit.id='u_12' 
INFO:root:unit.id='u_15' 
INFO:root:unit.id='u_16' 
INFO:root:priority, value.obj.cityid=(0.125, 'c_1')
INFO:root:priority, value.obj.cityid=(0.125, 'c_4')
INFO:root:max_p_city=(0.125, 'c_1')
INFO:root:----- turn = observation['step'], game_state=(155, <lux.game.Game object at 0x00000218EC9B9940>) ----- 
INFO:root:self.city_dict={'c_1': <agent.CityStatus object at 0x00000218FF9F7910>, 'c_4': <agent.CityStatus object at 0x00000218FFA036D0>}
INFO:root:unit.id='u_7' 
INFO:root:Worker be working
INFO:root:unit.id='u_9' 
INFO:root:unit.id='u_12' 
INFO:root:unit.id='u_15' 
INFO:root:unit.id='u_16' 
INFO:root:priority, value.obj.cityid=(0.125, 'c_1')
INFO:root:priority, value.obj.cityid=(0.125, 'c_4')
INFO:root:max_p_city=(0.125, 'c_1')
INFO:root:self.city_dict={'c_1': <agent.CityStatus object at 0x00000218FF9F7910>, 'c_4': <agent.CityStatus object at 0x00000218FFA036D0>}
INFO:root:unit.id='u_7' 
INFO:root:Worker be working
INFO:root:unit.id='u_9' 
INFO:root:unit.id='u_12' 
INFO:root:unit.id='u_15' 
INFO:root:unit.id='u_16' 
INFO:root:priority, value.obj.cityid=(0.125, 'c_1')
INFO:root:priority, value.obj.cityid=(0.125, 'c_4')
INFO:root:max_p_city=(0.125, 'c_1')
INFO:root:----- turn = observation['step'], game_state=(157, <lux.game.Game object at 0x00000218EC9B9940>) ----- 
INFO:root:self.city_dict={'c_1': <agent.CityStatus object at 0x00000218FF9F7910>, 'c_4': <agent.CityStatus object at 0x00000218FFA036D0>}
INFO:root:unit.id='u_7' 
INFO:root:Worker be working
INFO:root:unit.id='u_9' 
INFO:root:unit.id='u_12' 
INFO:root:unit.id='u_15' 
INFO:root:unit.id='u_16' 
INFO:root:priority, value.obj.cityid=(0.125, 'c_1')
INFO:root:priority, value.obj.cityid=(0.125, 'c_4')
INFO:root:max_p_city=(0.125, 'c_1')
INFO:root:self.city_dict={'c_1': <agent.CityStatus object at 0x00000218FF9F7910>, 'c_4': <agent.CityStatus object at 0x00000218FFA036D0>}
INFO:root:Looks like key='u_9' has died
INFO:root:unit.id='u_7' 
INFO:root:unit.id='u_12' 
INFO:root:unit.id='u_15' 
INFO:root:unit.id='u_16' 
INFO:root:priority, value.obj.cityid=(0.125, 'c_1')
INFO:root:priority, value.obj.cityid=(0.125, 'c_4')
INFO:root:max_p_city=(0.125, 'c_1')
INFO:root:Building Worker
INFO:root:----- turn = observation['step'], game_state=(159, <lux.game.Game object at 0x00000218EC9B9940>) ----- 
INFO:root:self.city_dict={'c_1': <agent.CityStatus object at 0x00000218FF9F7910>, 'c_4': <agent.CityStatus object at 0x00000218FFA036D0>}
INFO:root:New worker Created worker.id='u_19'
INFO:root:new_worker.home_city.pos.x,new_worker.home_city.pos.y=(20, 6)
INFO:root:unit.id='u_7' 
INFO:root:Worker be working
INFO:root:unit.id='u_12' 
INFO:root:unit.id='u_15' 
INFO:root:unit.id='u_16' 
INFO:root:unit.id='u_19' 
INFO:root:priority, value.obj.cityid=(0.1111111111111111, 'c_1')
INFO:root:priority, value.obj.cityid=(0.1111111111111111, 'c_4')
INFO:root:max_p_city=(0.1111111111111111, 'c_1')
INFO:root:self.city_dict={'c_1': <agent.CityStatus object at 0x00000218FF9F7910>, 'c_4': <agent.CityStatus object at 0x00000218FFA036D0>}
INFO:root:unit.id='u_7' 
INFO:root:unit.id='u_12' 
INFO:root:unit.id='u_15' 
INFO:root:unit.id='u_16' 
INFO:root:unit.id='u_19' 
INFO:root:priority, value.obj.cityid=(0.1111111111111111, 'c_1')
INFO:root:priority, value.obj.cityid=(0.1111111111111111, 'c_4')
INFO:root:max_p_city=(0.1111111111111111, 'c_1')
INFO:root:----- turn = observation['step'], game_state=(161, <lux.game.Game object at 0x00000218EC9B9940>) ----- 
INFO:root:self.city_dict={'c_1': <agent.CityStatus object at 0x00000218FF9F7910>, 'c_4': <agent.CityStatus object at 0x00000218FFA036D0>}
INFO:root:unit.id='u_7' 
INFO:root:unit.id='u_12' 
INFO:root:unit.id='u_15' 
INFO:root:unit.id='u_16' 
INFO:root:unit.id='u_19' 
INFO:root:priority, value.obj.cityid=(0.1111111111111111, 'c_1')
INFO:root:priority, value.obj.cityid=(0.1111111111111111, 'c_4')
INFO:root:max_p_city=(0.1111111111111111, 'c_1')
INFO:root:move='m u_12 n' will result in an error
INFO:root:self.city_dict={'c_1': <agent.CityStatus object at 0x00000218FF9F7910>, 'c_4': <agent.CityStatus object at 0x00000218FFA036D0>}
INFO:root:unit.id='u_7' 
INFO:root:unit.id='u_12' 
INFO:root:unit.id='u_15' 
INFO:root:unit.id='u_16' 
INFO:root:unit.id='u_19' 
INFO:root:priority, value.obj.cityid=(0.1111111111111111, 'c_1')
INFO:root:priority, value.obj.cityid=(0.1111111111111111, 'c_4')
INFO:root:max_p_city=(0.1111111111111111, 'c_1')
INFO:root:----- turn = observation['step'], game_state=(163, <lux.game.Game object at 0x00000218EC9B9940>) ----- 
INFO:root:self.city_dict={'c_1': <agent.CityStatus object at 0x00000218FF9F7910>, 'c_4': <agent.CityStatus object at 0x00000218FFA036D0>}
INFO:root:unit.id='u_7' 
INFO:root:unit.id='u_12' 
INFO:root:unit.id='u_15' 
INFO:root:unit.id='u_16' 
INFO:root:unit.id='u_19' 
INFO:root:priority, value.obj.cityid=(0.1111111111111111, 'c_1')
INFO:root:priority, value.obj.cityid=(0.1111111111111111, 'c_4')
INFO:root:max_p_city=(0.1111111111111111, 'c_1')
INFO:root:self.city_dict={'c_1': <agent.CityStatus object at 0x00000218FF9F7910>, 'c_4': <agent.CityStatus object at 0x00000218FFA036D0>}
INFO:root:unit.id='u_7' 
INFO:root:unit.id='u_12' 
INFO:root:unit.id='u_15' 
INFO:root:unit.id='u_16' 
INFO:root:unit.id='u_19' 
INFO:root:priority, value.obj.cityid=(0.1111111111111111, 'c_1')
INFO:root:priority, value.obj.cityid=(0.1111111111111111, 'c_4')
INFO:root:max_p_city=(0.1111111111111111, 'c_1')
INFO:root:----- turn = observation['step'], game_state=(165, <lux.game.Game object at 0x00000218EC9B9940>) ----- 
INFO:root:self.city_dict={'c_1': <agent.CityStatus object at 0x00000218FF9F7910>, 'c_4': <agent.CityStatus object at 0x00000218FFA036D0>}
INFO:root:unit.id='u_7' 
INFO:root:unit.id='u_12' 
INFO:root:unit.id='u_15' 
INFO:root:unit.id='u_16' 
INFO:root:unit.id='u_19' 
INFO:root:priority, value.obj.cityid=(0.1111111111111111, 'c_1')
INFO:root:priority, value.obj.cityid=(0.1111111111111111, 'c_4')
INFO:root:max_p_city=(0.1111111111111111, 'c_1')
INFO:root:self.city_dict={'c_1': <agent.CityStatus object at 0x00000218FF9F7910>, 'c_4': <agent.CityStatus object at 0x00000218FFA036D0>}
INFO:root:unit.id='u_7' 
INFO:root:unit.id='u_12' 
INFO:root:unit.id='u_15' 
INFO:root:unit.id='u_16' 
INFO:root:unit.id='u_19' 
INFO:root:priority, value.obj.cityid=(0.1111111111111111, 'c_1')
INFO:root:priority, value.obj.cityid=(0.1111111111111111, 'c_4')
INFO:root:max_p_city=(0.1111111111111111, 'c_1')
INFO:root:----- turn = observation['step'], game_state=(167, <lux.game.Game object at 0x00000218EC9B9940>) ----- 
INFO:root:self.city_dict={'c_1': <agent.CityStatus object at 0x00000218FF9F7910>, 'c_4': <agent.CityStatus object at 0x00000218FFA036D0>}
INFO:root:unit.id='u_7' 
INFO:root:unit.id='u_12' 
INFO:root:unit.id='u_15' 
INFO:root:unit.id='u_16' 
INFO:root:unit.id='u_19' 
INFO:root:priority, value.obj.cityid=(0.1111111111111111, 'c_1')
INFO:root:priority, value.obj.cityid=(0.1111111111111111, 'c_4')
INFO:root:max_p_city=(0.1111111111111111, 'c_1')
INFO:root:self.city_dict={'c_1': <agent.CityStatus object at 0x00000218FF9F7910>, 'c_4': <agent.CityStatus object at 0x00000218FFA036D0>}
INFO:root:unit.id='u_7' 
INFO:root:unit.id='u_12' 
INFO:root:unit.id='u_15' 
INFO:root:unit.id='u_16' 
INFO:root:unit.id='u_19' 
INFO:root:priority, value.obj.cityid=(0.1111111111111111, 'c_1')
INFO:root:priority, value.obj.cityid=(0.1111111111111111, 'c_4')
INFO:root:max_p_city=(0.1111111111111111, 'c_1')
INFO:root:----- turn = observation['step'], game_state=(169, <lux.game.Game object at 0x00000218EC9B9940>) ----- 
INFO:root:self.city_dict={'c_1': <agent.CityStatus object at 0x00000218FF9F7910>, 'c_4': <agent.CityStatus object at 0x00000218FFA036D0>}
INFO:root:unit.id='u_7' 
INFO:root:unit.id='u_12' 
INFO:root:unit.id='u_15' 
INFO:root:unit.id='u_16' 
INFO:root:unit.id='u_19' 
INFO:root:priority, value.obj.cityid=(0.1111111111111111, 'c_1')
INFO:root:priority, value.obj.cityid=(0.1111111111111111, 'c_4')
INFO:root:max_p_city=(0.1111111111111111, 'c_1')
INFO:root:self.city_dict={'c_1': <agent.CityStatus object at 0x00000218FF9F7910>, 'c_4': <agent.CityStatus object at 0x00000218FFA036D0>}
INFO:root:unit.id='u_7' 
INFO:root:unit.id='u_12' 
INFO:root:unit.id='u_15' 
INFO:root:unit.id='u_16' 
INFO:root:unit.id='u_19' 
INFO:root:priority, value.obj.cityid=(0.1111111111111111, 'c_1')
INFO:root:priority, value.obj.cityid=(0.1111111111111111, 'c_4')
INFO:root:max_p_city=(0.1111111111111111, 'c_1')
INFO:root:----- turn = observation['step'], game_state=(171, <lux.game.Game object at 0x00000218EC9B9940>) ----- 
INFO:root:self.city_dict={'c_1': <agent.CityStatus object at 0x00000218FF9F7910>, 'c_4': <agent.CityStatus object at 0x00000218FFA036D0>}
INFO:root:unit.id='u_7' 
INFO:root:unit.id='u_12' 
INFO:root:unit.id='u_15' 
INFO:root:unit.id='u_16' 
INFO:root:unit.id='u_19' 
INFO:root:priority, value.obj.cityid=(0.1111111111111111, 'c_1')
INFO:root:priority, value.obj.cityid=(0.1111111111111111, 'c_4')
INFO:root:max_p_city=(0.1111111111111111, 'c_1')
INFO:root:self.city_dict={'c_1': <agent.CityStatus object at 0x00000218FF9F7910>, 'c_4': <agent.CityStatus object at 0x00000218FFA036D0>}
INFO:root:unit.id='u_7' 
INFO:root:unit.id='u_12' 
INFO:root:unit.id='u_15' 
INFO:root:unit.id='u_16' 
INFO:root:unit.id='u_19' 
INFO:root:priority, value.obj.cityid=(0.1111111111111111, 'c_1')
INFO:root:priority, value.obj.cityid=(0.1111111111111111, 'c_4')
INFO:root:max_p_city=(0.1111111111111111, 'c_1')
INFO:root:----- turn = observation['step'], game_state=(173, <lux.game.Game object at 0x00000218EC9B9940>) ----- 
INFO:root:self.city_dict={'c_1': <agent.CityStatus object at 0x00000218FF9F7910>, 'c_4': <agent.CityStatus object at 0x00000218FFA036D0>}
INFO:root:unit.id='u_7' 
INFO:root:unit.id='u_12' 
INFO:root:unit.id='u_15' 
INFO:root:unit.id='u_16' 
INFO:root:unit.id='u_19' 
INFO:root:priority, value.obj.cityid=(0.1111111111111111, 'c_1')
INFO:root:priority, value.obj.cityid=(0.1111111111111111, 'c_4')
INFO:root:max_p_city=(0.1111111111111111, 'c_1')
INFO:root:self.city_dict={'c_1': <agent.CityStatus object at 0x00000218FF9F7910>, 'c_4': <agent.CityStatus object at 0x00000218FFA036D0>}
INFO:root:unit.id='u_7' 
INFO:root:unit.id='u_12' 
INFO:root:unit.id='u_15' 
INFO:root:unit.id='u_16' 
INFO:root:unit.id='u_19' 
INFO:root:priority, value.obj.cityid=(0.1111111111111111, 'c_1')
INFO:root:priority, value.obj.cityid=(0.1111111111111111, 'c_4')
INFO:root:max_p_city=(0.1111111111111111, 'c_1')
INFO:root:----- turn = observation['step'], game_state=(175, <lux.game.Game object at 0x00000218EC9B9940>) ----- 
INFO:root:self.city_dict={'c_1': <agent.CityStatus object at 0x00000218FF9F7910>, 'c_4': <agent.CityStatus object at 0x00000218FFA036D0>}
INFO:root:unit.id='u_7' 
INFO:root:unit.id='u_12' 
INFO:root:unit.id='u_15' 
INFO:root:unit.id='u_16' 
INFO:root:unit.id='u_19' 
INFO:root:priority, value.obj.cityid=(0.1111111111111111, 'c_1')
INFO:root:priority, value.obj.cityid=(0.1111111111111111, 'c_4')
INFO:root:max_p_city=(0.1111111111111111, 'c_1')
INFO:root:move='m u_19 n' will result in an error
INFO:root:self.city_dict={'c_1': <agent.CityStatus object at 0x00000218FF9F7910>, 'c_4': <agent.CityStatus object at 0x00000218FFA036D0>}
INFO:root:unit.id='u_7' 
INFO:root:unit.id='u_12' 
INFO:root:unit.id='u_15' 
INFO:root:unit.id='u_16' 
INFO:root:unit.id='u_19' 
INFO:root:priority, value.obj.cityid=(0.1111111111111111, 'c_1')
INFO:root:priority, value.obj.cityid=(0.1111111111111111, 'c_4')
INFO:root:max_p_city=(0.1111111111111111, 'c_1')
INFO:root:----- turn = observation['step'], game_state=(177, <lux.game.Game object at 0x00000218EC9B9940>) ----- 
INFO:root:self.city_dict={'c_1': <agent.CityStatus object at 0x00000218FF9F7910>, 'c_4': <agent.CityStatus object at 0x00000218FFA036D0>}
INFO:root:unit.id='u_7' 
INFO:root:unit.id='u_12' 
INFO:root:unit.id='u_15' 
INFO:root:unit.id='u_16' 
INFO:root:unit.id='u_19' 
INFO:root:priority, value.obj.cityid=(0.1111111111111111, 'c_1')
INFO:root:priority, value.obj.cityid=(0.1111111111111111, 'c_4')
INFO:root:max_p_city=(0.1111111111111111, 'c_1')
INFO:root:self.city_dict={'c_1': <agent.CityStatus object at 0x00000218FF9F7910>, 'c_4': <agent.CityStatus object at 0x00000218FFA036D0>}
INFO:root:unit.id='u_7' 
INFO:root:unit.id='u_12' 
INFO:root:unit.id='u_15' 
INFO:root:unit.id='u_16' 
INFO:root:unit.id='u_19' 
INFO:root:priority, value.obj.cityid=(0.1111111111111111, 'c_1')
INFO:root:priority, value.obj.cityid=(0.1111111111111111, 'c_4')
INFO:root:max_p_city=(0.1111111111111111, 'c_1')
INFO:root:----- turn = observation['step'], game_state=(179, <lux.game.Game object at 0x00000218EC9B9940>) ----- 
INFO:root:self.city_dict={'c_1': <agent.CityStatus object at 0x00000218FF9F7910>, 'c_4': <agent.CityStatus object at 0x00000218FFA036D0>}
INFO:root:unit.id='u_7' 
INFO:root:unit.id='u_12' 
INFO:root:unit.id='u_15' 
INFO:root:unit.id='u_16' 
INFO:root:unit.id='u_19' 
INFO:root:priority, value.obj.cityid=(0.1111111111111111, 'c_1')
INFO:root:priority, value.obj.cityid=(0.1111111111111111, 'c_4')
INFO:root:max_p_city=(0.1111111111111111, 'c_1')
INFO:root:self.city_dict={'c_1': <agent.CityStatus object at 0x00000218FF9F7910>, 'c_4': <agent.CityStatus object at 0x00000218FFA036D0>}
INFO:root:unit.id='u_7' 
INFO:root:unit.id='u_12' 
INFO:root:unit.id='u_15' 
INFO:root:unit.id='u_16' 
INFO:root:unit.id='u_19' 
INFO:root:priority, value.obj.cityid=(0.1111111111111111, 'c_1')
INFO:root:priority, value.obj.cityid=(0.1111111111111111, 'c_4')
INFO:root:max_p_city=(0.1111111111111111, 'c_1')
INFO:root:----- turn = observation['step'], game_state=(181, <lux.game.Game object at 0x00000218EC9B9940>) ----- 
INFO:root:self.city_dict={'c_1': <agent.CityStatus object at 0x00000218FF9F7910>, 'c_4': <agent.CityStatus object at 0x00000218FFA036D0>}
INFO:root:unit.id='u_7' 
INFO:root:unit.id='u_12' 
INFO:root:unit.id='u_15' 
INFO:root:unit.id='u_16' 
INFO:root:unit.id='u_19' 
INFO:root:priority, value.obj.cityid=(0.1111111111111111, 'c_1')
INFO:root:priority, value.obj.cityid=(0.1111111111111111, 'c_4')
INFO:root:max_p_city=(0.1111111111111111, 'c_1')
INFO:root:self.city_dict={'c_1': <agent.CityStatus object at 0x00000218FF9F7910>, 'c_4': <agent.CityStatus object at 0x00000218FFA036D0>}
INFO:root:unit.id='u_7' 
INFO:root:unit.id='u_12' 
INFO:root:unit.id='u_15' 
INFO:root:unit.id='u_16' 
INFO:root:unit.id='u_19' 
INFO:root:priority, value.obj.cityid=(0.1111111111111111, 'c_1')
INFO:root:priority, value.obj.cityid=(0.1111111111111111, 'c_4')
INFO:root:max_p_city=(0.1111111111111111, 'c_1')
INFO:root:move='m u_16 n' will result in an error
INFO:root:----- turn = observation['step'], game_state=(183, <lux.game.Game object at 0x00000218EC9B9940>) ----- 
INFO:root:self.city_dict={'c_1': <agent.CityStatus object at 0x00000218FF9F7910>, 'c_4': <agent.CityStatus object at 0x00000218FFA036D0>}
INFO:root:unit.id='u_7' 
INFO:root:unit.id='u_12' 
INFO:root:unit.id='u_15' 
INFO:root:unit.id='u_16' 
INFO:root:unit.id='u_19' 
INFO:root:priority, value.obj.cityid=(0.1111111111111111, 'c_1')
INFO:root:priority, value.obj.cityid=(0.1111111111111111, 'c_4')
INFO:root:max_p_city=(0.1111111111111111, 'c_1')
INFO:root:self.city_dict={'c_1': <agent.CityStatus object at 0x00000218FF9F7910>, 'c_4': <agent.CityStatus object at 0x00000218FFA036D0>}
INFO:root:unit.id='u_7' 
INFO:root:unit.id='u_12' 
INFO:root:unit.id='u_15' 
INFO:root:unit.id='u_16' 
INFO:root:unit.id='u_19' 
INFO:root:priority, value.obj.cityid=(0.1111111111111111, 'c_1')
INFO:root:priority, value.obj.cityid=(0.1111111111111111, 'c_4')
INFO:root:max_p_city=(0.1111111111111111, 'c_1')
INFO:root:move='m u_16 n' will result in an error
INFO:root:----- turn = observation['step'], game_state=(185, <lux.game.Game object at 0x00000218EC9B9940>) ----- 
INFO:root:self.city_dict={'c_1': <agent.CityStatus object at 0x00000218FF9F7910>, 'c_4': <agent.CityStatus object at 0x00000218FFA036D0>}
INFO:root:unit.id='u_7' 
INFO:root:unit.id='u_12' 
INFO:root:unit.id='u_15' 
INFO:root:unit.id='u_16' 
INFO:root:unit.id='u_19' 
INFO:root:priority, value.obj.cityid=(0.1111111111111111, 'c_1')
INFO:root:priority, value.obj.cityid=(0.1111111111111111, 'c_4')
INFO:root:max_p_city=(0.1111111111111111, 'c_1')
INFO:root:move='m u_19 n' will result in an error
INFO:root:self.city_dict={'c_1': <agent.CityStatus object at 0x00000218FF9F7910>, 'c_4': <agent.CityStatus object at 0x00000218FFA036D0>}
INFO:root:unit.id='u_7' 
INFO:root:unit.id='u_12' 
INFO:root:unit.id='u_15' 
INFO:root:unit.id='u_16' 
INFO:root:unit.id='u_19' 
INFO:root:priority, value.obj.cityid=(0.1111111111111111, 'c_1')
INFO:root:priority, value.obj.cityid=(0.1111111111111111, 'c_4')
INFO:root:max_p_city=(0.1111111111111111, 'c_1')
INFO:root:----- turn = observation['step'], game_state=(187, <lux.game.Game object at 0x00000218EC9B9940>) ----- 
INFO:root:self.city_dict={'c_1': <agent.CityStatus object at 0x00000218FF9F7910>, 'c_4': <agent.CityStatus object at 0x00000218FFA036D0>}
INFO:root:unit.id='u_7' 
INFO:root:unit.id='u_12' 
INFO:root:unit.id='u_15' 
INFO:root:unit.id='u_16' 
INFO:root:unit.id='u_19' 
INFO:root:priority, value.obj.cityid=(0.1111111111111111, 'c_1')
INFO:root:priority, value.obj.cityid=(0.1111111111111111, 'c_4')
INFO:root:max_p_city=(0.1111111111111111, 'c_1')
INFO:root:self.city_dict={'c_1': <agent.CityStatus object at 0x00000218FF9F7910>, 'c_4': <agent.CityStatus object at 0x00000218FFA036D0>}
INFO:root:unit.id='u_7' 
INFO:root:Worker be working
INFO:root:unit.id='u_12' 
INFO:root:unit.id='u_15' 
INFO:root:unit.id='u_16' 
INFO:root:unit.id='u_19' 
INFO:root:priority, value.obj.cityid=(0.1111111111111111, 'c_1')
INFO:root:priority, value.obj.cityid=(0.1111111111111111, 'c_4')
INFO:root:max_p_city=(0.1111111111111111, 'c_1')
INFO:root:----- turn = observation['step'], game_state=(189, <lux.game.Game object at 0x00000218EC9B9940>) ----- 
INFO:root:self.city_dict={'c_1': <agent.CityStatus object at 0x00000218FF9F7910>, 'c_4': <agent.CityStatus object at 0x00000218FFA036D0>}
INFO:root:unit.id='u_7' 
INFO:root:Worker be working
INFO:root:unit.id='u_12' 
INFO:root:unit.id='u_15' 
INFO:root:unit.id='u_16' 
INFO:root:unit.id='u_19' 
INFO:root:priority, value.obj.cityid=(0.1111111111111111, 'c_1')
INFO:root:priority, value.obj.cityid=(0.1111111111111111, 'c_4')
INFO:root:max_p_city=(0.1111111111111111, 'c_1')
INFO:root:self.city_dict={'c_1': <agent.CityStatus object at 0x00000218FF9F7910>, 'c_4': <agent.CityStatus object at 0x00000218FFA036D0>}
INFO:root:unit.id='u_7' 
INFO:root:Worker be working
INFO:root:unit.id='u_12' 
INFO:root:unit.id='u_15' 
INFO:root:unit.id='u_16' 
INFO:root:unit.id='u_19' 
INFO:root:priority, value.obj.cityid=(0.1111111111111111, 'c_1')
INFO:root:priority, value.obj.cityid=(0.1111111111111111, 'c_4')
INFO:root:max_p_city=(0.1111111111111111, 'c_1')
INFO:root:----- turn = observation['step'], game_state=(191, <lux.game.Game object at 0x00000218EC9B9940>) ----- 
INFO:root:self.city_dict={'c_1': <agent.CityStatus object at 0x00000218FF9F7910>, 'c_4': <agent.CityStatus object at 0x00000218FFA036D0>}
INFO:root:Looks like key='u_19' has died
INFO:root:unit.id='u_7' 
INFO:root:unit.id='u_12' 
INFO:root:unit.id='u_15' 
INFO:root:unit.id='u_16' 
INFO:root:priority, value.obj.cityid=(0.1111111111111111, 'c_1')
INFO:root:priority, value.obj.cityid=(0.1111111111111111, 'c_4')
INFO:root:max_p_city=(0.1111111111111111, 'c_1')
INFO:root:Building Worker
INFO:root:self.city_dict={'c_1': <agent.CityStatus object at 0x00000218FF9F7910>, 'c_4': <agent.CityStatus object at 0x00000218FFA036D0>}
INFO:root:New worker Created worker.id='u_20'
INFO:root:new_worker.home_city.pos.x,new_worker.home_city.pos.y=(19, 7)
INFO:root:unit.id='u_7' 
INFO:root:Worker be working
INFO:root:unit.id='u_12' 
INFO:root:unit.id='u_15' 
INFO:root:unit.id='u_16' 
INFO:root:unit.id='u_20' 
INFO:root:priority, value.obj.cityid=(0.1, 'c_1')
INFO:root:priority, value.obj.cityid=(0.1, 'c_4')
INFO:root:max_p_city=(0.1, 'c_1')
INFO:root:----- turn = observation['step'], game_state=(193, <lux.game.Game object at 0x00000218EC9B9940>) ----- 
INFO:root:self.city_dict={'c_1': <agent.CityStatus object at 0x00000218FF9F7910>, 'c_4': <agent.CityStatus object at 0x00000218FFA036D0>}
INFO:root:unit.id='u_7' 
INFO:root:Worker be working
INFO:root:unit.id='u_12' 
INFO:root:unit.id='u_15' 
INFO:root:unit.id='u_16' 
INFO:root:unit.id='u_20' 
INFO:root:priority, value.obj.cityid=(0.1, 'c_1')
INFO:root:priority, value.obj.cityid=(0.1, 'c_4')
INFO:root:max_p_city=(0.1, 'c_1')
INFO:root:self.city_dict={'c_1': <agent.CityStatus object at 0x00000218FF9F7910>, 'c_4': <agent.CityStatus object at 0x00000218FFA036D0>}
INFO:root:unit.id='u_7' 
INFO:root:Worker be working
INFO:root:unit.id='u_12' 
INFO:root:unit.id='u_15' 
INFO:root:unit.id='u_16' 
INFO:root:unit.id='u_20' 
INFO:root:priority, value.obj.cityid=(0.1, 'c_1')
INFO:root:priority, value.obj.cityid=(0.1, 'c_4')
INFO:root:max_p_city=(0.1, 'c_1')
INFO:root:----- turn = observation['step'], game_state=(195, <lux.game.Game object at 0x00000218EC9B9940>) ----- 
INFO:root:self.city_dict={'c_1': <agent.CityStatus object at 0x00000218FF9F7910>, 'c_4': <agent.CityStatus object at 0x00000218FFA036D0>}
INFO:root:unit.id='u_7' 
INFO:root:Worker be working
INFO:root:unit.id='u_12' 
INFO:root:unit.id='u_15' 
INFO:root:unit.id='u_16' 
INFO:root:unit.id='u_20' 
INFO:root:priority, value.obj.cityid=(0.1, 'c_1')
INFO:root:priority, value.obj.cityid=(0.1, 'c_4')
INFO:root:max_p_city=(0.1, 'c_1')
INFO:root:self.city_dict={'c_1': <agent.CityStatus object at 0x00000218FF9F7910>, 'c_4': <agent.CityStatus object at 0x00000218FFA036D0>}
INFO:root:Looks like key='u_20' has died
INFO:root:unit.id='u_7' 
INFO:root:Worker be working
INFO:root:unit.id='u_12' 
INFO:root:unit.id='u_15' 
INFO:root:unit.id='u_16' 
INFO:root:priority, value.obj.cityid=(0.1, 'c_1')
INFO:root:priority, value.obj.cityid=(0.1, 'c_4')
INFO:root:max_p_city=(0.1, 'c_1')
INFO:root:----- turn = observation['step'], game_state=(197, <lux.game.Game object at 0x00000218EC9B9940>) ----- 
INFO:root:self.city_dict={'c_1': <agent.CityStatus object at 0x00000218FF9F7910>, 'c_4': <agent.CityStatus object at 0x00000218FFA036D0>}
INFO:root:unit.id='u_7' 
INFO:root:Worker be working
INFO:root:unit.id='u_12' 
INFO:root:unit.id='u_15' 
INFO:root:unit.id='u_16' 
INFO:root:priority, value.obj.cityid=(0.1, 'c_1')
INFO:root:priority, value.obj.cityid=(0.1, 'c_4')
INFO:root:max_p_city=(0.1, 'c_1')
INFO:root:self.city_dict={'c_1': <agent.CityStatus object at 0x00000218FF9F7910>, 'c_4': <agent.CityStatus object at 0x00000218FFA036D0>}
INFO:root:unit.id='u_7' 
INFO:root:Worker be working
INFO:root:unit.id='u_12' 
INFO:root:No Closest Home
INFO:root:unit.id='u_15' 
INFO:root:No Closest Home
INFO:root:unit.id='u_16' 
INFO:root:No Closest Home
INFO:root:priority, value.obj.cityid=(0.1, 'c_1')
INFO:root:priority, value.obj.cityid=(0.1, 'c_4')
INFO:root:max_p_city=(0.1, 'c_1')
INFO:root:----- turn = observation['step'], game_state=(199, <lux.game.Game object at 0x00000218EC9B9940>) ----- 
INFO:root:self.city_dict={'c_1': <agent.CityStatus object at 0x00000218FF9F7910>, 'c_4': <agent.CityStatus object at 0x00000218FFA036D0>}
INFO:root:unit.id='u_7' 
INFO:root:Worker be working
INFO:root:unit.id='u_12' 
INFO:root:No Closest Home
INFO:root:unit.id='u_15' 
INFO:root:No Closest Home
INFO:root:unit.id='u_16' 
INFO:root:No Closest Home
INFO:root:priority, value.obj.cityid=(0.1, 'c_1')
INFO:root:priority, value.obj.cityid=(0.1, 'c_4')
INFO:root:max_p_city=(0.1, 'c_1')
INFO:root:self.city_dict={'c_1': <agent.CityStatus object at 0x00000218FF9F7910>, 'c_4': <agent.CityStatus object at 0x00000218FFA036D0>}
INFO:root:unit.id='u_7' 
